Requirement already satisfied: pytorch-lightning in /home/2500001/ftari001/.python3-3.13-torch260/site-packages/lib/python3.13/site-packages (2.6.1)
Requirement already satisfied: torchmetrics in /home/2500001/ftari001/.python3-3.13-torch260/site-packages/lib/python3.13/site-packages (1.9.0)
Requirement already satisfied: fvcore in /home/2500001/ftari001/.python3-3.13-torch260/site-packages/lib/python3.13/site-packages (0.1.5.post20221221)
Requirement already satisfied: rich in /home/2500001/ftari001/.python3-3.13-torch260/site-packages/lib/python3.13/site-packages (15.0.0)
Requirement already satisfied: torch>=2.1.0 in /soft/AIDL/conda_envs/pytorch260/lib/python3.13/site-packages (from pytorch-lightning) (2.6.0+cu126)
Requirement already satisfied: tqdm>=4.57.0 in /soft/AIDL/conda_envs/pytorch260/lib/python3.13/site-packages (from pytorch-lightning) (4.67.1)
Requirement already satisfied: PyYAML>5.4 in /soft/AIDL/conda_envs/pytorch260/lib/python3.13/site-packages (from pytorch-lightning) (6.0.2)
Requirement already satisfied: fsspec>=2022.5.0 in /soft/AIDL/conda_envs/pytorch260/lib/python3.13/site-packages (from fsspec[http]>=2022.5.0->pytorch-lightning) (2024.12.0)
Requirement already satisfied: packaging>=23.0 in /soft/AIDL/conda_envs/pytorch260/lib/python3.13/site-packages (from pytorch-lightning) (24.2)
Requirement already satisfied: typing-extensions>4.5.0 in /home/2500001/ftari001/.python3-3.13-torch260/site-packages/lib/python3.13/site-packages (from pytorch-lightning) (4.15.0)
Requirement already satisfied: lightning-utilities>=0.10.0 in /home/2500001/ftari001/.python3-3.13-torch260/site-packages/lib/python3.13/site-packages (from pytorch-lightning) (0.15.3)
Requirement already satisfied: numpy>1.20.0 in /soft/AIDL/conda_envs/pytorch260/lib/python3.13/site-packages (from torchmetrics) (2.2.3)
Requirement already satisfied: yacs>=0.1.6 in /home/2500001/ftari001/.python3-3.13-torch260/site-packages/lib/python3.13/site-packages (from fvcore) (0.1.8)
Requirement already satisfied: termcolor>=1.1 in /home/2500001/ftari001/.python3-3.13-torch260/site-packages/lib/python3.13/site-packages (from fvcore) (3.3.0)
Requirement already satisfied: Pillow in /soft/AIDL/conda_envs/pytorch260/lib/python3.13/site-packages (from fvcore) (11.1.0)
Requirement already satisfied: tabulate in /home/2500001/ftari001/.python3-3.13-torch260/site-packages/lib/python3.13/site-packages (from fvcore) (0.10.0)
Requirement already satisfied: iopath>=0.1.7 in /home/2500001/ftari001/.python3-3.13-torch260/site-packages/lib/python3.13/site-packages (from fvcore) (0.1.10)
Requirement already satisfied: markdown-it-py>=2.2.0 in /home/2500001/ftari001/.python3-3.13-torch260/site-packages/lib/python3.13/site-packages (from rich) (4.0.0)
Requirement already satisfied: pygments<3.0.0,>=2.13.0 in /soft/AIDL/conda_envs/pytorch260/lib/python3.13/site-packages (from rich) (2.19.1)
Requirement already satisfied: aiohttp!=4.0.0a0,!=4.0.0a1 in /soft/AIDL/conda_envs/pytorch260/lib/python3.13/site-packages (from fsspec[http]>=2022.5.0->pytorch-lightning) (3.11.13)
Requirement already satisfied: portalocker in /home/2500001/ftari001/.python3-3.13-torch260/site-packages/lib/python3.13/site-packages (from iopath>=0.1.7->fvcore) (3.2.0)
Requirement already satisfied: mdurl~=0.1 in /home/2500001/ftari001/.python3-3.13-torch260/site-packages/lib/python3.13/site-packages (from markdown-it-py>=2.2.0->rich) (0.1.2)
Requirement already satisfied: filelock in /soft/AIDL/conda_envs/pytorch260/lib/python3.13/site-packages (from torch>=2.1.0->pytorch-lightning) (3.17.0)
Requirement already satisfied: setuptools in /soft/AIDL/conda_envs/pytorch260/lib/python3.13/site-packages (from torch>=2.1.0->pytorch-lightning) (75.8.0)
Requirement already satisfied: sympy==1.13.1 in /soft/AIDL/conda_envs/pytorch260/lib/python3.13/site-packages (from torch>=2.1.0->pytorch-lightning) (1.13.1)
Requirement already satisfied: networkx in /soft/AIDL/conda_envs/pytorch260/lib/python3.13/site-packages (from torch>=2.1.0->pytorch-lightning) (3.4.2)
Requirement already satisfied: jinja2 in /soft/AIDL/conda_envs/pytorch260/lib/python3.13/site-packages (from torch>=2.1.0->pytorch-lightning) (3.1.5)
Requirement already satisfied: nvidia-cuda-nvrtc-cu12==12.6.77 in /soft/AIDL/conda_envs/pytorch260/lib/python3.13/site-packages (from torch>=2.1.0->pytorch-lightning) (12.6.77)
Requirement already satisfied: nvidia-cuda-runtime-cu12==12.6.77 in /soft/AIDL/conda_envs/pytorch260/lib/python3.13/site-packages (from torch>=2.1.0->pytorch-lightning) (12.6.77)
Requirement already satisfied: nvidia-cuda-cupti-cu12==12.6.80 in /soft/AIDL/conda_envs/pytorch260/lib/python3.13/site-packages (from torch>=2.1.0->pytorch-lightning) (12.6.80)
Requirement already satisfied: nvidia-cudnn-cu12==9.5.1.17 in /soft/AIDL/conda_envs/pytorch260/lib/python3.13/site-packages (from torch>=2.1.0->pytorch-lightning) (9.5.1.17)
Requirement already satisfied: nvidia-cublas-cu12==12.6.4.1 in /soft/AIDL/conda_envs/pytorch260/lib/python3.13/site-packages (from torch>=2.1.0->pytorch-lightning) (12.6.4.1)
Requirement already satisfied: nvidia-cufft-cu12==11.3.0.4 in /soft/AIDL/conda_envs/pytorch260/lib/python3.13/site-packages (from torch>=2.1.0->pytorch-lightning) (11.3.0.4)
Requirement already satisfied: nvidia-curand-cu12==10.3.7.77 in /soft/AIDL/conda_envs/pytorch260/lib/python3.13/site-packages (from torch>=2.1.0->pytorch-lightning) (10.3.7.77)
Requirement already satisfied: nvidia-cusolver-cu12==11.7.1.2 in /soft/AIDL/conda_envs/pytorch260/lib/python3.13/site-packages (from torch>=2.1.0->pytorch-lightning) (11.7.1.2)
Requirement already satisfied: nvidia-cusparse-cu12==12.5.4.2 in /soft/AIDL/conda_envs/pytorch260/lib/python3.13/site-packages (from torch>=2.1.0->pytorch-lightning) (12.5.4.2)
Requirement already satisfied: nvidia-cusparselt-cu12==0.6.3 in /soft/AIDL/conda_envs/pytorch260/lib/python3.13/site-packages (from torch>=2.1.0->pytorch-lightning) (0.6.3)
Requirement already satisfied: nvidia-nccl-cu12==2.21.5 in /soft/AIDL/conda_envs/pytorch260/lib/python3.13/site-packages (from torch>=2.1.0->pytorch-lightning) (2.21.5)
Requirement already satisfied: nvidia-nvtx-cu12==12.6.77 in /soft/AIDL/conda_envs/pytorch260/lib/python3.13/site-packages (from torch>=2.1.0->pytorch-lightning) (12.6.77)
Requirement already satisfied: nvidia-nvjitlink-cu12==12.6.85 in /soft/AIDL/conda_envs/pytorch260/lib/python3.13/site-packages (from torch>=2.1.0->pytorch-lightning) (12.6.85)
Requirement already satisfied: triton==3.2.0 in /soft/AIDL/conda_envs/pytorch260/lib/python3.13/site-packages (from torch>=2.1.0->pytorch-lightning) (3.2.0)
Requirement already satisfied: mpmath<1.4,>=1.1.0 in /soft/AIDL/conda_envs/pytorch260/lib/python3.13/site-packages (from sympy==1.13.1->torch>=2.1.0->pytorch-lightning) (1.3.0)
Requirement already satisfied: aiohappyeyeballs>=2.3.0 in /soft/AIDL/conda_envs/pytorch260/lib/python3.13/site-packages (from aiohttp!=4.0.0a0,!=4.0.0a1->fsspec[http]>=2022.5.0->pytorch-lightning) (2.4.6)
Requirement already satisfied: aiosignal>=1.1.2 in /soft/AIDL/conda_envs/pytorch260/lib/python3.13/site-packages (from aiohttp!=4.0.0a0,!=4.0.0a1->fsspec[http]>=2022.5.0->pytorch-lightning) (1.3.2)
Requirement already satisfied: attrs>=17.3.0 in /soft/AIDL/conda_envs/pytorch260/lib/python3.13/site-packages (from aiohttp!=4.0.0a0,!=4.0.0a1->fsspec[http]>=2022.5.0->pytorch-lightning) (25.1.0)
Requirement already satisfied: frozenlist>=1.1.1 in /soft/AIDL/conda_envs/pytorch260/lib/python3.13/site-packages (from aiohttp!=4.0.0a0,!=4.0.0a1->fsspec[http]>=2022.5.0->pytorch-lightning) (1.5.0)
Requirement already satisfied: multidict<7.0,>=4.5 in /soft/AIDL/conda_envs/pytorch260/lib/python3.13/site-packages (from aiohttp!=4.0.0a0,!=4.0.0a1->fsspec[http]>=2022.5.0->pytorch-lightning) (6.1.0)
Requirement already satisfied: propcache>=0.2.0 in /soft/AIDL/conda_envs/pytorch260/lib/python3.13/site-packages (from aiohttp!=4.0.0a0,!=4.0.0a1->fsspec[http]>=2022.5.0->pytorch-lightning) (0.2.1)
Requirement already satisfied: yarl<2.0,>=1.17.0 in /soft/AIDL/conda_envs/pytorch260/lib/python3.13/site-packages (from aiohttp!=4.0.0a0,!=4.0.0a1->fsspec[http]>=2022.5.0->pytorch-lightning) (1.18.3)
Requirement already satisfied: MarkupSafe>=2.0 in /soft/AIDL/conda_envs/pytorch260/lib/python3.13/site-packages (from jinja2->torch>=2.1.0->pytorch-lightning) (3.0.2)
Requirement already satisfied: idna>=2.0 in /home/2500001/ftari001/.python3-3.13-torch260/site-packages/lib/python3.13/site-packages (from yarl<2.0,>=1.17.0->aiohttp!=4.0.0a0,!=4.0.0a1->fsspec[http]>=2022.5.0->pytorch-lightning) (2.10)
=== Task 44: model=hybrid  N=50000  seed=2  (Mon Apr 13 10:10:26 PM CEST 2026) ===
┏━━━┳━━━━━━━━━━━┳━━━━━━━━━━━━━━━━━━━━┳━━━━━━━━┳━━━━━━━┳━━━━━━━┓
┃   ┃ Name      ┃ Type               ┃ Params ┃ Mode  ┃ FLOPs ┃
┡━━━╇━━━━━━━━━━━╇━━━━━━━━━━━━━━━━━━━━╇━━━━━━━━╇━━━━━━━╇━━━━━━━┩
│ 0 │ model     │ OptimizedModule    │  1.2 M │ train │     0 │
│ 1 │ criterion │ CrossEntropyLoss   │      0 │ train │     0 │
│ 2 │ train_acc │ MulticlassAccuracy │      0 │ train │     0 │
│ 3 │ val_acc   │ MulticlassAccuracy │      0 │ train │     0 │
└───┴───────────┴────────────────────┴────────┴───────┴───────┘
Trainable params: 1.2 M                                                         
Non-trainable params: 0                                                         
Total params: 1.2 M                                                             
Total estimated model params size (MB): 4                                       
Modules in train mode: 128                                                      
Modules in eval mode: 0                                                         
Total FLOPs: 0                                                                  
  Epoch 1/300 — ETA: 12:52:08
  Epoch 2/300 — ETA: 06:45:04
  Epoch 3/300 — ETA: 04:43:40
  Epoch 4/300 — ETA: 03:41:25
  Epoch 5/300 — ETA: 03:06:12
  Epoch 6/300 — ETA: 02:41:08
  Epoch 7/300 — ETA: 02:23:36
  Epoch 8/300 — ETA: 02:10:18
  Epoch 9/300 — ETA: 02:00:07
  Epoch 10/300 — ETA: 01:52:06
  Epoch 11/300 — ETA: 01:45:29
  Epoch 12/300 — ETA: 01:39:34
  Epoch 13/300 — ETA: 01:34:53
  Epoch 14/300 — ETA: 01:30:37
  Epoch 15/300 — ETA: 01:26:47
  Epoch 16/300 — ETA: 01:23:45
  Epoch 17/300 — ETA: 01:20:52
  Epoch 18/300 — ETA: 01:18:26
  Epoch 19/300 — ETA: 01:16:00
  Epoch 20/300 — ETA: 01:13:47
  Epoch 21/300 — ETA: 01:11:57
  Epoch 22/300 — ETA: 01:10:04
  Epoch 23/300 — ETA: 01:08:18
  Epoch 24/300 — ETA: 01:06:51
  Epoch 25/300 — ETA: 01:05:28
  Epoch 26/300 — ETA: 01:04:28
  Epoch 27/300 — ETA: 01:03:14
  Epoch 28/300 — ETA: 01:01:59
  Epoch 29/300 — ETA: 01:00:57
  Epoch 30/300 — ETA: 01:00:00
  Epoch 31/300 — ETA: 00:59:00
  Epoch 32/300 — ETA: 00:58:06
  Epoch 33/300 — ETA: 00:57:21
  Epoch 34/300 — ETA: 00:56:41
  Epoch 35/300 — ETA: 00:56:02
  Epoch 36/300 — ETA: 00:55:18
  Epoch 37/300 — ETA: 00:54:33
  Epoch 38/300 — ETA: 00:54:00
  Epoch 39/300 — ETA: 00:53:26
  Epoch 40/300 — ETA: 00:52:55
  Epoch 41/300 — ETA: 00:52:24
  Epoch 42/300 — ETA: 00:51:45
  Epoch 43/300 — ETA: 00:51:07
  Epoch 44/300 — ETA: 00:50:37
  Epoch 45/300 — ETA: 00:50:10
  Epoch 46/300 — ETA: 00:49:47
  Epoch 47/300 — ETA: 00:49:17
  Epoch 48/300 — ETA: 00:48:54
  Epoch 49/300 — ETA: 00:48:26
  Epoch 50/300 — ETA: 00:48:03
  Epoch 51/300 — ETA: 00:47:44
  Epoch 52/300 — ETA: 00:47:25
  Epoch 53/300 — ETA: 00:47:00
  Epoch 54/300 — ETA: 00:46:37
  Epoch 55/300 — ETA: 00:46:10
  Epoch 56/300 — ETA: 00:45:45
  Epoch 57/300 — ETA: 00:45:23
  Epoch 58/300 — ETA: 00:45:02
  Epoch 59/300 — ETA: 00:44:44
  Epoch 60/300 — ETA: 00:44:27
  Epoch 61/300 — ETA: 00:44:02
  Epoch 62/300 — ETA: 00:43:45
  Epoch 63/300 — ETA: 00:43:29
  Epoch 64/300 — ETA: 00:43:12
  Epoch 65/300 — ETA: 00:42:57
  Epoch 66/300 — ETA: 00:42:40
  Epoch 67/300 — ETA: 00:42:24
  Epoch 68/300 — ETA: 00:42:08
  Epoch 69/300 — ETA: 00:41:53
  Epoch 70/300 — ETA: 00:41:39
  Epoch 71/300 — ETA: 00:41:21
  Epoch 72/300 — ETA: 00:41:03
  Epoch 73/300 — ETA: 00:40:46
  Epoch 74/300 — ETA: 00:40:31
  Epoch 75/300 — ETA: 00:40:14
  Epoch 76/300 — ETA: 00:39:57
  Epoch 77/300 — ETA: 00:39:42
  Epoch 78/300 — ETA: 00:39:24
  Epoch 79/300 — ETA: 00:39:08
  Epoch 80/300 — ETA: 00:38:51
  Epoch 81/300 — ETA: 00:38:37
  Epoch 82/300 — ETA: 00:38:20
  Epoch 83/300 — ETA: 00:38:02
  Epoch 84/300 — ETA: 00:37:46
  Epoch 85/300 — ETA: 00:37:31
  Epoch 86/300 — ETA: 00:37:17
  Epoch 87/300 — ETA: 00:37:01
  Epoch 88/300 — ETA: 00:36:46
  Epoch 89/300 — ETA: 00:36:32
  Epoch 90/300 — ETA: 00:36:16
  Epoch 91/300 — ETA: 00:36:01
  Epoch 92/300 — ETA: 00:35:47
  Epoch 93/300 — ETA: 00:35:35
  Epoch 94/300 — ETA: 00:35:22
  Epoch 95/300 — ETA: 00:35:09
  Epoch 96/300 — ETA: 00:34:56
  Epoch 97/300 — ETA: 00:34:44
  Epoch 98/300 — ETA: 00:34:30
  Epoch 99/300 — ETA: 00:34:15
  Epoch 100/300 — ETA: 00:34:03
  Epoch 101/300 — ETA: 00:33:48
  Epoch 102/300 — ETA: 00:33:35
  Epoch 103/300 — ETA: 00:33:20
  Epoch 104/300 — ETA: 00:33:04
  Epoch 105/300 — ETA: 00:32:50
  Epoch 106/300 — ETA: 00:32:37
  Epoch 107/300 — ETA: 00:32:24
  Epoch 108/300 — ETA: 00:32:11
  Epoch 109/300 — ETA: 00:31:58
  Epoch 110/300 — ETA: 00:31:46
  Epoch 111/300 — ETA: 00:31:32
  Epoch 112/300 — ETA: 00:31:18
  Epoch 113/300 — ETA: 00:31:04
  Epoch 114/300 — ETA: 00:30:53
  Epoch 115/300 — ETA: 00:30:41
  Epoch 116/300 — ETA: 00:30:30
  Epoch 117/300 — ETA: 00:30:18
  Epoch 118/300 — ETA: 00:30:08
  Epoch 119/300 — ETA: 00:29:59
  Epoch 120/300 — ETA: 00:29:48
  Epoch 121/300 — ETA: 00:29:37
  Epoch 122/300 — ETA: 00:29:27
  Epoch 123/300 — ETA: 00:29:17
  Epoch 124/300 — ETA: 00:29:07
  Epoch 125/300 — ETA: 00:28:55
  Epoch 126/300 — ETA: 00:28:44
  Epoch 127/300 — ETA: 00:28:33
  Epoch 128/300 — ETA: 00:28:22
  Epoch 129/300 — ETA: 00:28:09
  Epoch 130/300 — ETA: 00:27:56
  Epoch 131/300 — ETA: 00:27:43
  Epoch 132/300 — ETA: 00:27:31
  Epoch 133/300 — ETA: 00:27:20
  Epoch 134/300 — ETA: 00:27:09
  Epoch 135/300 — ETA: 00:26:58
  Epoch 136/300 — ETA: 00:26:48
  Epoch 137/300 — ETA: 00:26:35
  Epoch 138/300 — ETA: 00:26:22
  Epoch 139/300 — ETA: 00:26:10
  Epoch 140/300 — ETA: 00:25:57
  Epoch 141/300 — ETA: 00:25:46
  Epoch 142/300 — ETA: 00:25:35
  Epoch 143/300 — ETA: 00:25:22
  Epoch 144/300 — ETA: 00:25:12
  Epoch 145/300 — ETA: 00:25:01
  Epoch 146/300 — ETA: 00:24:50
  Epoch 147/300 — ETA: 00:24:38
  Epoch 148/300 — ETA: 00:24:28
  Epoch 149/300 — ETA: 00:24:19
  Epoch 150/300 — ETA: 00:24:09
  Epoch 151/300 — ETA: 00:23:57
Epoch 150/299 ━━━━━━━━━━━━━━━ 391/391 0:00:06 •       57.04it/s v_num: 0.000    
                                      0:00:00                   val/loss: 0.599 
                                                                val/acc: 0.891  
                                                                train/loss:     
                                                                0.040 train/acc:
                                                                0.986           

########################################
   Comptabilité du calcul 1921196 
########################################
$ sacct --format='JobID,Partition,JobName,MaxRSS,MaxVMSize,NTasks,AllocCPUS,Start,End,Elapsed,AveCPU,MinCPU,NNodes,ExitCode,State' -j 1921196
JobID              Partition  JobName      MaxRSS   MaxVMSize  NTasks  AllocCPUS  Start                End                  Elapsed   AveCPU  MinCPU  NNodes  ExitCode  State      
-----              ---------  -------      -------  ---------  ------  ---------  -----                ---                  -------   ------  ------  ------  --------  -----      
1921196_0          ar_a100    cifar_scale                              8          2026-04-13T11:13:03  2026-04-13T11:17:38  00:04:35                  1       0:0       COMPLETED  
1921196_0.batch               batch                            1       8          2026-04-13T11:13:03  2026-04-13T11:17:38  00:04:35                  1       0:0       COMPLETED  
1921196_0.extern              extern                           1       8          2026-04-13T11:13:03  2026-04-13T11:17:38  00:04:35                  1       0:0       COMPLETED  
1921196_1          ar_a100    cifar_scale                              8          2026-04-13T11:17:40  2026-04-13T11:21:52  00:04:12                  1       0:0       COMPLETED  
1921196_1.batch               batch                            1       8          2026-04-13T11:17:40  2026-04-13T11:21:52  00:04:12                  1       0:0       COMPLETED  
1921196_1.extern              extern                           1       8          2026-04-13T11:17:40  2026-04-13T11:21:52  00:04:12                  1       0:0       COMPLETED  
1921196_2          ar_a100    cifar_scale                              8          2026-04-13T11:21:55  2026-04-13T11:24:06  00:02:11                  1       0:0       COMPLETED  
1921196_2.batch               batch                            1       8          2026-04-13T11:21:55  2026-04-13T11:24:06  00:02:11                  1       0:0       COMPLETED  
1921196_2.extern              extern                           1       8          2026-04-13T11:21:55  2026-04-13T11:24:06  00:02:11                  1       0:0       COMPLETED  
1921196_3          ar_a100    cifar_scale                              8          2026-04-13T11:24:09  2026-04-13T11:29:25  00:05:16                  1       0:0       COMPLETED  
1921196_3.batch               batch                            1       8          2026-04-13T11:24:09  2026-04-13T11:29:25  00:05:16                  1       0:0       COMPLETED  
1921196_3.extern              extern                           1       8          2026-04-13T11:24:09  2026-04-13T11:29:25  00:05:16                  1       0:0       COMPLETED  
1921196_4          ar_a100    cifar_scale                              8          2026-04-13T11:29:27  2026-04-13T11:35:26  00:05:59                  1       0:0       COMPLETED  
1921196_4.batch               batch                            1       8          2026-04-13T11:29:27  2026-04-13T11:35:26  00:05:59                  1       0:0       COMPLETED  
1921196_4.extern              extern                           1       8          2026-04-13T11:29:27  2026-04-13T11:35:26  00:05:59                  1       0:0       COMPLETED  
1921196_5          ar_a100    cifar_scale                              8          2026-04-13T11:35:29  2026-04-13T11:40:24  00:04:55                  1       0:0       COMPLETED  
1921196_5.batch               batch                            1       8          2026-04-13T11:35:29  2026-04-13T11:40:24  00:04:55                  1       0:0       COMPLETED  
1921196_5.extern              extern                           1       8          2026-04-13T11:35:29  2026-04-13T11:40:24  00:04:55                  1       0:0       COMPLETED  
1921196_6          ar_a100    cifar_scale                              8          2026-04-13T11:40:26  2026-04-13T11:52:20  00:11:54                  1       0:0       COMPLETED  
1921196_6.batch               batch                            1       8          2026-04-13T11:40:26  2026-04-13T11:52:20  00:11:54                  1       0:0       COMPLETED  
1921196_6.extern              extern                           1       8          2026-04-13T11:40:26  2026-04-13T11:52:20  00:11:54                  1       0:0       COMPLETED  
1921196_7          ar_a100    cifar_scale                              8          2026-04-13T11:52:23  2026-04-13T12:03:16  00:10:53                  1       0:0       COMPLETED  
1921196_7.batch               batch                            1       8          2026-04-13T11:52:23  2026-04-13T12:03:16  00:10:53                  1       0:0       COMPLETED  
1921196_7.extern              extern                           1       8          2026-04-13T11:52:23  2026-04-13T12:03:16  00:10:53                  1       0:0       COMPLETED  
1921196_8          ar_a100    cifar_scale                              8          2026-04-13T12:03:19  2026-04-13T12:11:22  00:08:03                  1       0:0       COMPLETED  
1921196_8.batch               batch                            1       8          2026-04-13T12:03:19  2026-04-13T12:11:22  00:08:03                  1       0:0       COMPLETED  
1921196_8.extern              extern                           1       8          2026-04-13T12:03:19  2026-04-13T12:11:22  00:08:03                  1       0:0       COMPLETED  
1921196_9          ar_a100    cifar_scale                              8          2026-04-13T12:11:25  2026-04-13T12:20:34  00:09:09                  1       0:0       COMPLETED  
1921196_9.batch               batch                            1       8          2026-04-13T12:11:25  2026-04-13T12:20:34  00:09:09                  1       0:0       COMPLETED  
1921196_9.extern              extern                           1       8          2026-04-13T12:11:25  2026-04-13T12:20:34  00:09:09                  1       0:0       COMPLETED  
1921196_10         ar_a100    cifar_scale                              8          2026-04-13T12:20:37  2026-04-13T12:43:23  00:22:46                  1       0:0       COMPLETED  
1921196_10.batch              batch                            1       8          2026-04-13T12:20:37  2026-04-13T12:43:23  00:22:46                  1       0:0       COMPLETED  
1921196_10.extern             extern                           1       8          2026-04-13T12:20:37  2026-04-13T12:43:23  00:22:46                  1       0:0       COMPLETED  
1921196_11         ar_a100    cifar_scale                              8          2026-04-13T12:43:26  2026-04-13T13:01:24  00:17:58                  1       0:0       COMPLETED  
1921196_11.batch              batch                            1       8          2026-04-13T12:43:26  2026-04-13T13:01:24  00:17:58                  1       0:0       COMPLETED  
1921196_11.extern             extern                           1       8          2026-04-13T12:43:26  2026-04-13T13:01:24  00:17:58                  1       0:0       COMPLETED  
1921196_12         ar_a100    cifar_scale                              8          2026-04-13T13:01:27  2026-04-13T13:19:50  00:18:23                  1       0:0       COMPLETED  
1921196_12.batch              batch                            1       8          2026-04-13T13:01:27  2026-04-13T13:19:50  00:18:23                  1       0:0       COMPLETED  
1921196_12.extern             extern                           1       8          2026-04-13T13:01:27  2026-04-13T13:19:50  00:18:23                  1       0:0       COMPLETED  
1921196_13         ar_a100    cifar_scale                              8          2026-04-13T13:19:53  2026-04-13T13:45:20  00:25:27                  1       0:0       COMPLETED  
1921196_13.batch              batch                            1       8          2026-04-13T13:19:53  2026-04-13T13:45:20  00:25:27                  1       0:0       COMPLETED  
1921196_13.extern             extern                           1       8          2026-04-13T13:19:53  2026-04-13T13:45:20  00:25:27                  1       0:0       COMPLETED  
1921196_14         ar_a100    cifar_scale                              8          2026-04-13T13:45:23  2026-04-13T14:15:59  00:30:36                  1       0:0       COMPLETED  
1921196_14.batch              batch                            1       8          2026-04-13T13:45:23  2026-04-13T14:15:59  00:30:36                  1       0:0       COMPLETED  
1921196_14.extern             extern                           1       8          2026-04-13T13:45:23  2026-04-13T14:15:59  00:30:36                  1       0:0       COMPLETED  
1921196_15         ar_a100    cifar_scale                              8          2026-04-13T14:16:17  2026-04-13T14:23:38  00:07:21                  1       0:0       COMPLETED  
1921196_15.batch              batch                            1       8          2026-04-13T14:16:17  2026-04-13T14:23:38  00:07:21                  1       0:0       COMPLETED  
1921196_15.extern             extern                           1       8          2026-04-13T14:16:17  2026-04-13T14:23:38  00:07:21                  1       0:0       COMPLETED  
1921196_16         ar_a100    cifar_scale                              8          2026-04-13T14:23:49  2026-04-13T14:29:37  00:05:48                  1       0:0       COMPLETED  
1921196_16.batch              batch                            1       8          2026-04-13T14:23:49  2026-04-13T14:29:37  00:05:48                  1       0:0       COMPLETED  
1921196_16.extern             extern                           1       8          2026-04-13T14:23:49  2026-04-13T14:29:37  00:05:48                  1       0:0       COMPLETED  
1921196_17         ar_a100    cifar_scale                              8          2026-04-13T14:29:49  2026-04-13T14:35:46  00:05:57                  1       0:0       COMPLETED  
1921196_17.batch              batch                            1       8          2026-04-13T14:29:49  2026-04-13T14:35:46  00:05:57                  1       0:0       COMPLETED  
1921196_17.extern             extern                           1       8          2026-04-13T14:29:49  2026-04-13T14:35:46  00:05:57                  1       0:0       COMPLETED  
1921196_18         ar_a100    cifar_scale                              8          2026-04-13T14:35:49  2026-04-13T14:48:09  00:12:20                  1       0:0       COMPLETED  
1921196_18.batch              batch                            1       8          2026-04-13T14:35:49  2026-04-13T14:48:09  00:12:20                  1       0:0       COMPLETED  
1921196_18.extern             extern                           1       8          2026-04-13T14:35:49  2026-04-13T14:48:09  00:12:20                  1       0:0       COMPLETED  
1921196_19         ar_a100    cifar_scale                              8          2026-04-13T14:48:10  2026-04-13T15:00:36  00:12:26                  1       0:0       COMPLETED  
1921196_19.batch              batch                            1       8          2026-04-13T14:48:10  2026-04-13T15:00:36  00:12:26                  1       0:0       COMPLETED  
1921196_19.extern             extern                           1       8          2026-04-13T14:48:10  2026-04-13T15:00:36  00:12:26                  1       0:0       COMPLETED  
1921196_20         ar_a100    cifar_scale                              8          2026-04-13T15:00:40  2026-04-13T15:12:30  00:11:50                  1       0:0       COMPLETED  
1921196_20.batch              batch                            1       8          2026-04-13T15:00:40  2026-04-13T15:12:30  00:11:50                  1       0:0       COMPLETED  
1921196_20.extern             extern                           1       8          2026-04-13T15:00:40  2026-04-13T15:12:30  00:11:50                  1       0:0       COMPLETED  
1921196_21         ar_a100    cifar_scale                              8          2026-04-13T15:12:33  2026-04-13T15:21:44  00:09:11                  1       0:0       COMPLETED  
1921196_21.batch              batch                            1       8          2026-04-13T15:12:33  2026-04-13T15:21:44  00:09:11                  1       0:0       COMPLETED  
1921196_21.extern             extern                           1       8          2026-04-13T15:12:33  2026-04-13T15:21:44  00:09:11                  1       0:0       COMPLETED  
1921196_22         ar_a100    cifar_scale                              8          2026-04-13T15:21:47  2026-04-13T15:36:31  00:14:44                  1       0:0       COMPLETED  
1921196_22.batch              batch                            1       8          2026-04-13T15:21:47  2026-04-13T15:36:31  00:14:44                  1       0:0       COMPLETED  
1921196_22.extern             extern                           1       8          2026-04-13T15:21:47  2026-04-13T15:36:31  00:14:44                  1       0:0       COMPLETED  
1921196_23         ar_a100    cifar_scale                              8          2026-04-13T15:36:50  2026-04-13T15:45:58  00:09:08                  1       0:0       COMPLETED  
1921196_23.batch              batch                            1       8          2026-04-13T15:36:50  2026-04-13T15:45:58  00:09:08                  1       0:0       COMPLETED  
1921196_23.extern             extern                           1       8          2026-04-13T15:36:50  2026-04-13T15:45:58  00:09:08                  1       0:0       COMPLETED  
1921196_24         ar_a100    cifar_scale                              8          2026-04-13T15:46:20  2026-04-13T16:05:33  00:19:13                  1       0:0       COMPLETED  
1921196_24.batch              batch                            1       8          2026-04-13T15:46:20  2026-04-13T16:05:33  00:19:13                  1       0:0       COMPLETED  
1921196_24.extern             extern                           1       8          2026-04-13T15:46:20  2026-04-13T16:05:33  00:19:13                  1       0:0       COMPLETED  
1921196_25         ar_a100    cifar_scale                              8          2026-04-13T16:05:51  2026-04-13T16:23:59  00:18:08                  1       0:0       COMPLETED  
1921196_25.batch              batch                            1       8          2026-04-13T16:05:51  2026-04-13T16:23:59  00:18:08                  1       0:0       COMPLETED  
1921196_25.extern             extern                           1       8          2026-04-13T16:05:51  2026-04-13T16:23:59  00:18:08                  1       0:0       COMPLETED  
1921196_26         ar_a100    cifar_scale                              8          2026-04-13T16:24:21  2026-04-13T16:49:27  00:25:06                  1       0:0       COMPLETED  
1921196_26.batch              batch                            1       8          2026-04-13T16:24:21  2026-04-13T16:49:27  00:25:06                  1       0:0       COMPLETED  
1921196_26.extern             extern                           1       8          2026-04-13T16:24:21  2026-04-13T16:49:27  00:25:06                  1       0:0       COMPLETED  
1921196_27         ar_a100    cifar_scale                              8          2026-04-13T16:49:52  2026-04-13T17:56:03  01:06:11                  1       0:0       COMPLETED  
1921196_27.batch              batch                            1       8          2026-04-13T16:49:52  2026-04-13T17:56:03  01:06:11                  1       0:0       COMPLETED  
1921196_27.extern             extern                           1       8          2026-04-13T16:49:52  2026-04-13T17:56:03  01:06:11                  1       0:0       COMPLETED  
1921196_28         ar_a100    cifar_scale                              8          2026-04-13T17:56:22  2026-04-13T18:28:31  00:32:09                  1       0:0       COMPLETED  
1921196_28.batch              batch                            1       8          2026-04-13T17:56:22  2026-04-13T18:28:31  00:32:09                  1       0:0       COMPLETED  
1921196_28.extern             extern                           1       8          2026-04-13T17:56:22  2026-04-13T18:28:31  00:32:09                  1       0:0       COMPLETED  
1921196_29         ar_a100    cifar_scale                              8          2026-04-13T18:28:55  2026-04-13T19:00:27  00:31:32                  1       0:0       COMPLETED  
1921196_29.batch              batch                            1       8          2026-04-13T18:28:55  2026-04-13T19:00:27  00:31:32                  1       0:0       COMPLETED  
1921196_29.extern             extern                           1       8          2026-04-13T18:28:55  2026-04-13T19:00:27  00:31:32                  1       0:0       COMPLETED  
1921196_30         ar_a100    cifar_scale                              8          2026-04-13T19:00:56  2026-04-13T19:07:13  00:06:17                  1       0:0       COMPLETED  
1921196_30.batch              batch                            1       8          2026-04-13T19:00:56  2026-04-13T19:07:13  00:06:17                  1       0:0       COMPLETED  
1921196_30.extern             extern                           1       8          2026-04-13T19:00:56  2026-04-13T19:07:13  00:06:17                  1       0:0       COMPLETED  
1921196_31         ar_a100    cifar_scale                              8          2026-04-13T19:07:22  2026-04-13T19:13:52  00:06:30                  1       0:0       COMPLETED  
1921196_31.batch              batch                            1       8          2026-04-13T19:07:22  2026-04-13T19:13:52  00:06:30                  1       0:0       COMPLETED  
1921196_31.extern             extern                           1       8          2026-04-13T19:07:22  2026-04-13T19:13:52  00:06:30                  1       0:0       COMPLETED  
1921196_32         ar_a100    cifar_scale                              8          2026-04-13T19:13:58  2026-04-13T19:22:13  00:08:15                  1       0:0       COMPLETED  
1921196_32.batch              batch                            1       8          2026-04-13T19:13:58  2026-04-13T19:22:13  00:08:15                  1       0:0       COMPLETED  
1921196_32.extern             extern                           1       8          2026-04-13T19:13:58  2026-04-13T19:22:13  00:08:15                  1       0:0       COMPLETED  
1921196_33         ar_a100    cifar_scale                              8          2026-04-13T19:22:23  2026-04-13T19:30:33  00:08:10                  1       0:0       COMPLETED  
1921196_33.batch              batch                            1       8          2026-04-13T19:22:23  2026-04-13T19:30:33  00:08:10                  1       0:0       COMPLETED  
1921196_33.extern             extern                           1       8          2026-04-13T19:22:23  2026-04-13T19:30:33  00:08:10                  1       0:0       COMPLETED  
1921196_34         ar_a100    cifar_scale                              8          2026-04-13T19:30:58  2026-04-13T19:42:16  00:11:18                  1       0:0       COMPLETED  
1921196_34.batch              batch                            1       8          2026-04-13T19:30:58  2026-04-13T19:42:16  00:11:18                  1       0:0       COMPLETED  
1921196_34.extern             extern                           1       8          2026-04-13T19:30:58  2026-04-13T19:42:16  00:11:18                  1       0:0       COMPLETED  
1921196_35         ar_a100    cifar_scale                              8          2026-04-13T19:42:24  2026-04-13T19:52:18  00:09:54                  1       0:0       COMPLETED  
1921196_35.batch              batch                            1       8          2026-04-13T19:42:24  2026-04-13T19:52:18  00:09:54                  1       0:0       COMPLETED  
1921196_35.extern             extern                           1       8          2026-04-13T19:42:24  2026-04-13T19:52:18  00:09:54                  1       0:0       COMPLETED  
1921196_36         ar_a100    cifar_scale                              8          2026-04-13T19:52:23  2026-04-13T20:06:13  00:13:50                  1       0:0       COMPLETED  
1921196_36.batch              batch                            1       8          2026-04-13T19:52:23  2026-04-13T20:06:13  00:13:50                  1       0:0       COMPLETED  
1921196_36.extern             extern                           1       8          2026-04-13T19:52:23  2026-04-13T20:06:13  00:13:50                  1       0:0       COMPLETED  
1921196_37         ar_a100    cifar_scale                              8          2026-04-13T20:06:23  2026-04-13T20:20:38  00:14:15                  1       0:0       COMPLETED  
1921196_37.batch              batch                            1       8          2026-04-13T20:06:23  2026-04-13T20:20:38  00:14:15                  1       0:0       COMPLETED  
1921196_37.extern             extern                           1       8          2026-04-13T20:06:23  2026-04-13T20:20:38  00:14:15                  1       0:0       COMPLETED  
1921196_38         ar_a100    cifar_scale                              8          2026-04-13T20:21:00  2026-04-13T20:32:17  00:11:17                  1       0:0       COMPLETED  
1921196_38.batch              batch                            1       8          2026-04-13T20:21:00  2026-04-13T20:32:17  00:11:17                  1       0:0       COMPLETED  
1921196_38.extern             extern                           1       8          2026-04-13T20:21:00  2026-04-13T20:32:17  00:11:17                  1       0:0       COMPLETED  
1921196_39         ar_a100    cifar_scale                              8          2026-04-13T20:32:24  2026-04-13T20:44:00  00:11:36                  1       0:0       COMPLETED  
1921196_39.batch              batch                            1       8          2026-04-13T20:32:24  2026-04-13T20:44:00  00:11:36                  1       0:0       COMPLETED  
1921196_39.extern             extern                           1       8          2026-04-13T20:32:24  2026-04-13T20:44:00  00:11:36                  1       0:0       COMPLETED  
1921196_40         ar_a100    cifar_scale                              8          2026-04-13T20:44:23  2026-04-13T21:06:52  00:22:29                  1       0:0       COMPLETED  
1921196_40.batch              batch                            1       8          2026-04-13T20:44:23  2026-04-13T21:06:52  00:22:29                  1       0:0       COMPLETED  
1921196_40.extern             extern                           1       8          2026-04-13T20:44:23  2026-04-13T21:06:52  00:22:29                  1       0:0       COMPLETED  
1921196_41         ar_a100    cifar_scale                              8          2026-04-13T21:07:01  2026-04-13T21:34:38  00:27:37                  1       0:0       COMPLETED  
1921196_41.batch              batch                            1       8          2026-04-13T21:07:01  2026-04-13T21:34:38  00:27:37                  1       0:0       COMPLETED  
1921196_41.extern             extern                           1       8          2026-04-13T21:07:01  2026-04-13T21:34:38  00:27:37                  1       0:0       COMPLETED  
1921196_42         ar_a100    cifar_scale                              8          2026-04-13T21:35:02  2026-04-13T21:53:38  00:18:36                  1       0:0       COMPLETED  
1921196_42.batch              batch                            1       8          2026-04-13T21:35:02  2026-04-13T21:53:38  00:18:36                  1       0:0       COMPLETED  
1921196_42.extern             extern                           1       8          2026-04-13T21:35:02  2026-04-13T21:53:38  00:18:36                  1       0:0       COMPLETED  
1921196_43         ar_a100    cifar_scale                              8          2026-04-13T21:54:03  2026-04-13T22:10:18  00:16:15                  1       0:0       COMPLETED  
1921196_43.batch              batch                            1       8          2026-04-13T21:54:03  2026-04-13T22:10:18  00:16:15                  1       0:0       COMPLETED  
1921196_43.extern             extern                           1       8          2026-04-13T21:54:03  2026-04-13T22:10:19  00:16:16                  1       0:0       COMPLETED  
1921196_44         ar_a100    cifar_scale                              8          2026-04-13T22:10:24  2026-04-13T22:35:23  00:24:59                  1       0:0       COMPLETED  
1921196_44.batch              batch                            1       8          2026-04-13T22:10:24  2026-04-13T22:35:23  00:24:59                  1       0:0       COMPLETED  
1921196_44.extern             extern                           1       8          2026-04-13T22:10:24  2026-04-13T22:35:23  00:24:59                  1       0:0       COMPLETED  

$ sacct --format='JobID,JobName,AllocCPUS,ReqTRES,AllocTRES,NNodes,NodeList,Elapsed,CPUTime' -j 1921196
JobID              JobName      AllocCPUS  ReqTRES                                                    AllocTRES                                                  NNodes  NodeList  Elapsed   CPUTime   
-----              -------      ---------  -------                                                    ---------                                                  ------  --------  -------   -------   
1921196_0          cifar_scale  8          billing=8,cpu=8,gres/gpu:a100=1,gres/gpu=1,mem=32G,node=1  billing=8,cpu=8,gres/gpu:a100=1,gres/gpu=1,mem=32G,node=1  1       c23hpda4  00:04:35  00:36:40  
1921196_0.batch    batch        8                                                                     cpu=8,gres/gpu:a100=1,gres/gpu=1,mem=32G,node=1            1       c23hpda4  00:04:35  00:36:40  
1921196_0.extern   extern       8                                                                     billing=8,cpu=8,gres/gpu:a100=1,gres/gpu=1,mem=32G,node=1  1       c23hpda4  00:04:35  00:36:40  
1921196_1          cifar_scale  8          billing=8,cpu=8,gres/gpu:a100=1,gres/gpu=1,mem=32G,node=1  billing=8,cpu=8,gres/gpu:a100=1,gres/gpu=1,mem=32G,node=1  1       c23gpu1   00:04:12  00:33:36  
1921196_1.batch    batch        8                                                                     cpu=8,gres/gpu:a100=1,gres/gpu=1,mem=32G,node=1            1       c23gpu1   00:04:12  00:33:36  
1921196_1.extern   extern       8                                                                     billing=8,cpu=8,gres/gpu:a100=1,gres/gpu=1,mem=32G,node=1  1       c23gpu1   00:04:12  00:33:36  
1921196_2          cifar_scale  8          billing=8,cpu=8,gres/gpu:a100=1,gres/gpu=1,mem=32G,node=1  billing=8,cpu=8,gres/gpu:a100=1,gres/gpu=1,mem=32G,node=1  1       c23gpu1   00:02:11  00:17:28  
1921196_2.batch    batch        8                                                                     cpu=8,gres/gpu:a100=1,gres/gpu=1,mem=32G,node=1            1       c23gpu1   00:02:11  00:17:28  
1921196_2.extern   extern       8                                                                     billing=8,cpu=8,gres/gpu:a100=1,gres/gpu=1,mem=32G,node=1  1       c23gpu1   00:02:11  00:17:28  
1921196_3          cifar_scale  8          billing=8,cpu=8,gres/gpu:a100=1,gres/gpu=1,mem=32G,node=1  billing=8,cpu=8,gres/gpu:a100=1,gres/gpu=1,mem=32G,node=1  1       c23gpu1   00:05:16  00:42:08  
1921196_3.batch    batch        8                                                                     cpu=8,gres/gpu:a100=1,gres/gpu=1,mem=32G,node=1            1       c23gpu1   00:05:16  00:42:08  
1921196_3.extern   extern       8                                                                     billing=8,cpu=8,gres/gpu:a100=1,gres/gpu=1,mem=32G,node=1  1       c23gpu1   00:05:16  00:42:08  
1921196_4          cifar_scale  8          billing=8,cpu=8,gres/gpu:a100=1,gres/gpu=1,mem=32G,node=1  billing=8,cpu=8,gres/gpu:a100=1,gres/gpu=1,mem=32G,node=1  1       c23hpda4  00:05:59  00:47:52  
1921196_4.batch    batch        8                                                                     cpu=8,gres/gpu:a100=1,gres/gpu=1,mem=32G,node=1            1       c23hpda4  00:05:59  00:47:52  
1921196_4.extern   extern       8                                                                     billing=8,cpu=8,gres/gpu:a100=1,gres/gpu=1,mem=32G,node=1  1       c23hpda4  00:05:59  00:47:52  
1921196_5          cifar_scale  8          billing=8,cpu=8,gres/gpu:a100=1,gres/gpu=1,mem=32G,node=1  billing=8,cpu=8,gres/gpu:a100=1,gres/gpu=1,mem=32G,node=1  1       c23hpda4  00:04:55  00:39:20  
1921196_5.batch    batch        8                                                                     cpu=8,gres/gpu:a100=1,gres/gpu=1,mem=32G,node=1            1       c23hpda4  00:04:55  00:39:20  
1921196_5.extern   extern       8                                                                     billing=8,cpu=8,gres/gpu:a100=1,gres/gpu=1,mem=32G,node=1  1       c23hpda4  00:04:55  00:39:20  
1921196_6          cifar_scale  8          billing=8,cpu=8,gres/gpu:a100=1,gres/gpu=1,mem=32G,node=1  billing=8,cpu=8,gres/gpu:a100=1,gres/gpu=1,mem=32G,node=1  1       c23gpu6   00:11:54  01:35:12  
1921196_6.batch    batch        8                                                                     cpu=8,gres/gpu:a100=1,gres/gpu=1,mem=32G,node=1            1       c23gpu6   00:11:54  01:35:12  
1921196_6.extern   extern       8                                                                     billing=8,cpu=8,gres/gpu:a100=1,gres/gpu=1,mem=32G,node=1  1       c23gpu6   00:11:54  01:35:12  
1921196_7          cifar_scale  8          billing=8,cpu=8,gres/gpu:a100=1,gres/gpu=1,mem=32G,node=1  billing=8,cpu=8,gres/gpu:a100=1,gres/gpu=1,mem=32G,node=1  1       c23gpu6   00:10:53  01:27:04  
1921196_7.batch    batch        8                                                                     cpu=8,gres/gpu:a100=1,gres/gpu=1,mem=32G,node=1            1       c23gpu6   00:10:53  01:27:04  
1921196_7.extern   extern       8                                                                     billing=8,cpu=8,gres/gpu:a100=1,gres/gpu=1,mem=32G,node=1  1       c23gpu6   00:10:53  01:27:04  
1921196_8          cifar_scale  8          billing=8,cpu=8,gres/gpu:a100=1,gres/gpu=1,mem=32G,node=1  billing=8,cpu=8,gres/gpu:a100=1,gres/gpu=1,mem=32G,node=1  1       c23gpu6   00:08:03  01:04:24  
1921196_8.batch    batch        8                                                                     cpu=8,gres/gpu:a100=1,gres/gpu=1,mem=32G,node=1            1       c23gpu6   00:08:03  01:04:24  
1921196_8.extern   extern       8                                                                     billing=8,cpu=8,gres/gpu:a100=1,gres/gpu=1,mem=32G,node=1  1       c23gpu6   00:08:03  01:04:24  
1921196_9          cifar_scale  8          billing=8,cpu=8,gres/gpu:a100=1,gres/gpu=1,mem=32G,node=1  billing=8,cpu=8,gres/gpu:a100=1,gres/gpu=1,mem=32G,node=1  1       c23gpu6   00:09:09  01:13:12  
1921196_9.batch    batch        8                                                                     cpu=8,gres/gpu:a100=1,gres/gpu=1,mem=32G,node=1            1       c23gpu6   00:09:09  01:13:12  
1921196_9.extern   extern       8                                                                     billing=8,cpu=8,gres/gpu:a100=1,gres/gpu=1,mem=32G,node=1  1       c23gpu6   00:09:09  01:13:12  
1921196_10         cifar_scale  8          billing=8,cpu=8,gres/gpu:a100=1,gres/gpu=1,mem=32G,node=1  billing=8,cpu=8,gres/gpu:a100=1,gres/gpu=1,mem=32G,node=1  1       c23gpu6   00:22:46  03:02:08  
1921196_10.batch   batch        8                                                                     cpu=8,gres/gpu:a100=1,gres/gpu=1,mem=32G,node=1            1       c23gpu6   00:22:46  03:02:08  
1921196_10.extern  extern       8                                                                     billing=8,cpu=8,gres/gpu:a100=1,gres/gpu=1,mem=32G,node=1  1       c23gpu6   00:22:46  03:02:08  
1921196_11         cifar_scale  8          billing=8,cpu=8,gres/gpu:a100=1,gres/gpu=1,mem=32G,node=1  billing=8,cpu=8,gres/gpu:a100=1,gres/gpu=1,mem=32G,node=1  1       c23gpu6   00:17:58  02:23:44  
1921196_11.batch   batch        8                                                                     cpu=8,gres/gpu:a100=1,gres/gpu=1,mem=32G,node=1            1       c23gpu6   00:17:58  02:23:44  
1921196_11.extern  extern       8                                                                     billing=8,cpu=8,gres/gpu:a100=1,gres/gpu=1,mem=32G,node=1  1       c23gpu6   00:17:58  02:23:44  
1921196_12         cifar_scale  8          billing=8,cpu=8,gres/gpu:a100=1,gres/gpu=1,mem=32G,node=1  billing=8,cpu=8,gres/gpu:a100=1,gres/gpu=1,mem=32G,node=1  1       c23gpu1   00:18:23  02:27:04  
1921196_12.batch   batch        8                                                                     cpu=8,gres/gpu:a100=1,gres/gpu=1,mem=32G,node=1            1       c23gpu1   00:18:23  02:27:04  
1921196_12.extern  extern       8                                                                     billing=8,cpu=8,gres/gpu:a100=1,gres/gpu=1,mem=32G,node=1  1       c23gpu1   00:18:23  02:27:04  
1921196_13         cifar_scale  8          billing=8,cpu=8,gres/gpu:a100=1,gres/gpu=1,mem=32G,node=1  billing=8,cpu=8,gres/gpu:a100=1,gres/gpu=1,mem=32G,node=1  1       c23gpu1   00:25:27  03:23:36  
1921196_13.batch   batch        8                                                                     cpu=8,gres/gpu:a100=1,gres/gpu=1,mem=32G,node=1            1       c23gpu1   00:25:27  03:23:36  
1921196_13.extern  extern       8                                                                     billing=8,cpu=8,gres/gpu:a100=1,gres/gpu=1,mem=32G,node=1  1       c23gpu1   00:25:27  03:23:36  
1921196_14         cifar_scale  8          billing=8,cpu=8,gres/gpu:a100=1,gres/gpu=1,mem=32G,node=1  billing=8,cpu=8,gres/gpu:a100=1,gres/gpu=1,mem=32G,node=1  1       c23gpu1   00:30:36  04:04:48  
1921196_14.batch   batch        8                                                                     cpu=8,gres/gpu:a100=1,gres/gpu=1,mem=32G,node=1            1       c23gpu1   00:30:36  04:04:48  
1921196_14.extern  extern       8                                                                     billing=8,cpu=8,gres/gpu:a100=1,gres/gpu=1,mem=32G,node=1  1       c23gpu1   00:30:36  04:04:48  
1921196_15         cifar_scale  8          billing=8,cpu=8,gres/gpu:a100=1,gres/gpu=1,mem=32G,node=1  billing=8,cpu=8,gres/gpu:a100=1,gres/gpu=1,mem=32G,node=1  1       c23gpu1   00:07:21  00:58:48  
1921196_15.batch   batch        8                                                                     cpu=8,gres/gpu:a100=1,gres/gpu=1,mem=32G,node=1            1       c23gpu1   00:07:21  00:58:48  
1921196_15.extern  extern       8                                                                     billing=8,cpu=8,gres/gpu:a100=1,gres/gpu=1,mem=32G,node=1  1       c23gpu1   00:07:21  00:58:48  
1921196_16         cifar_scale  8          billing=8,cpu=8,gres/gpu:a100=1,gres/gpu=1,mem=32G,node=1  billing=8,cpu=8,gres/gpu:a100=1,gres/gpu=1,mem=32G,node=1  1       c23gpu1   00:05:48  00:46:24  
1921196_16.batch   batch        8                                                                     cpu=8,gres/gpu:a100=1,gres/gpu=1,mem=32G,node=1            1       c23gpu1   00:05:48  00:46:24  
1921196_16.extern  extern       8                                                                     billing=8,cpu=8,gres/gpu:a100=1,gres/gpu=1,mem=32G,node=1  1       c23gpu1   00:05:48  00:46:24  
1921196_17         cifar_scale  8          billing=8,cpu=8,gres/gpu:a100=1,gres/gpu=1,mem=32G,node=1  billing=8,cpu=8,gres/gpu:a100=1,gres/gpu=1,mem=32G,node=1  1       c23gpu1   00:05:57  00:47:36  
1921196_17.batch   batch        8                                                                     cpu=8,gres/gpu:a100=1,gres/gpu=1,mem=32G,node=1            1       c23gpu1   00:05:57  00:47:36  
1921196_17.extern  extern       8                                                                     billing=8,cpu=8,gres/gpu:a100=1,gres/gpu=1,mem=32G,node=1  1       c23gpu1   00:05:57  00:47:36  
1921196_18         cifar_scale  8          billing=8,cpu=8,gres/gpu:a100=1,gres/gpu=1,mem=32G,node=1  billing=8,cpu=8,gres/gpu:a100=1,gres/gpu=1,mem=32G,node=1  1       c23gpu1   00:12:20  01:38:40  
1921196_18.batch   batch        8                                                                     cpu=8,gres/gpu:a100=1,gres/gpu=1,mem=32G,node=1            1       c23gpu1   00:12:20  01:38:40  
1921196_18.extern  extern       8                                                                     billing=8,cpu=8,gres/gpu:a100=1,gres/gpu=1,mem=32G,node=1  1       c23gpu1   00:12:20  01:38:40  
1921196_19         cifar_scale  8          billing=8,cpu=8,gres/gpu:a100=1,gres/gpu=1,mem=32G,node=1  billing=8,cpu=8,gres/gpu:a100=1,gres/gpu=1,mem=32G,node=1  1       c23gpu2   00:12:26  01:39:28  
1921196_19.batch   batch        8                                                                     cpu=8,gres/gpu:a100=1,gres/gpu=1,mem=32G,node=1            1       c23gpu2   00:12:26  01:39:28  
1921196_19.extern  extern       8                                                                     billing=8,cpu=8,gres/gpu:a100=1,gres/gpu=1,mem=32G,node=1  1       c23gpu2   00:12:26  01:39:28  
1921196_20         cifar_scale  8          billing=8,cpu=8,gres/gpu:a100=1,gres/gpu=1,mem=32G,node=1  billing=8,cpu=8,gres/gpu:a100=1,gres/gpu=1,mem=32G,node=1  1       c23gpu2   00:11:50  01:34:40  
1921196_20.batch   batch        8                                                                     cpu=8,gres/gpu:a100=1,gres/gpu=1,mem=32G,node=1            1       c23gpu2   00:11:50  01:34:40  
1921196_20.extern  extern       8                                                                     billing=8,cpu=8,gres/gpu:a100=1,gres/gpu=1,mem=32G,node=1  1       c23gpu2   00:11:50  01:34:40  
1921196_21         cifar_scale  8          billing=8,cpu=8,gres/gpu:a100=1,gres/gpu=1,mem=32G,node=1  billing=8,cpu=8,gres/gpu:a100=1,gres/gpu=1,mem=32G,node=1  1       c23gpu4   00:09:11  01:13:28  
1921196_21.batch   batch        8                                                                     cpu=8,gres/gpu:a100=1,gres/gpu=1,mem=32G,node=1            1       c23gpu4   00:09:11  01:13:28  
1921196_21.extern  extern       8                                                                     billing=8,cpu=8,gres/gpu:a100=1,gres/gpu=1,mem=32G,node=1  1       c23gpu4   00:09:11  01:13:28  
1921196_22         cifar_scale  8          billing=8,cpu=8,gres/gpu:a100=1,gres/gpu=1,mem=32G,node=1  billing=8,cpu=8,gres/gpu:a100=1,gres/gpu=1,mem=32G,node=1  1       c23gpu4   00:14:44  01:57:52  
1921196_22.batch   batch        8                                                                     cpu=8,gres/gpu:a100=1,gres/gpu=1,mem=32G,node=1            1       c23gpu4   00:14:44  01:57:52  
1921196_22.extern  extern       8                                                                     billing=8,cpu=8,gres/gpu:a100=1,gres/gpu=1,mem=32G,node=1  1       c23gpu4   00:14:44  01:57:52  
1921196_23         cifar_scale  8          billing=8,cpu=8,gres/gpu:a100=1,gres/gpu=1,mem=32G,node=1  billing=8,cpu=8,gres/gpu:a100=1,gres/gpu=1,mem=32G,node=1  1       c23gpu4   00:09:08  01:13:04  
1921196_23.batch   batch        8                                                                     cpu=8,gres/gpu:a100=1,gres/gpu=1,mem=32G,node=1            1       c23gpu4   00:09:08  01:13:04  
1921196_23.extern  extern       8                                                                     billing=8,cpu=8,gres/gpu:a100=1,gres/gpu=1,mem=32G,node=1  1       c23gpu4   00:09:08  01:13:04  
1921196_24         cifar_scale  8          billing=8,cpu=8,gres/gpu:a100=1,gres/gpu=1,mem=32G,node=1  billing=8,cpu=8,gres/gpu:a100=1,gres/gpu=1,mem=32G,node=1  1       c23gpu2   00:19:13  02:33:44  
1921196_24.batch   batch        8                                                                     cpu=8,gres/gpu:a100=1,gres/gpu=1,mem=32G,node=1            1       c23gpu2   00:19:13  02:33:44  
1921196_24.extern  extern       8                                                                     billing=8,cpu=8,gres/gpu:a100=1,gres/gpu=1,mem=32G,node=1  1       c23gpu2   00:19:13  02:33:44  
1921196_25         cifar_scale  8          billing=8,cpu=8,gres/gpu:a100=1,gres/gpu=1,mem=32G,node=1  billing=8,cpu=8,gres/gpu:a100=1,gres/gpu=1,mem=32G,node=1  1       c23gpu2   00:18:08  02:25:04  
1921196_25.batch   batch        8                                                                     cpu=8,gres/gpu:a100=1,gres/gpu=1,mem=32G,node=1            1       c23gpu2   00:18:08  02:25:04  
1921196_25.extern  extern       8                                                                     billing=8,cpu=8,gres/gpu:a100=1,gres/gpu=1,mem=32G,node=1  1       c23gpu2   00:18:08  02:25:04  
1921196_26         cifar_scale  8          billing=8,cpu=8,gres/gpu:a100=1,gres/gpu=1,mem=32G,node=1  billing=8,cpu=8,gres/gpu:a100=1,gres/gpu=1,mem=32G,node=1  1       c23gpu1   00:25:06  03:20:48  
1921196_26.batch   batch        8                                                                     cpu=8,gres/gpu:a100=1,gres/gpu=1,mem=32G,node=1            1       c23gpu1   00:25:06  03:20:48  
1921196_26.extern  extern       8                                                                     billing=8,cpu=8,gres/gpu:a100=1,gres/gpu=1,mem=32G,node=1  1       c23gpu1   00:25:06  03:20:48  
1921196_27         cifar_scale  8          billing=8,cpu=8,gres/gpu:a100=1,gres/gpu=1,mem=32G,node=1  billing=8,cpu=8,gres/gpu:a100=1,gres/gpu=1,mem=32G,node=1  1       c23gpu1   01:06:11  08:49:28  
1921196_27.batch   batch        8                                                                     cpu=8,gres/gpu:a100=1,gres/gpu=1,mem=32G,node=1            1       c23gpu1   01:06:11  08:49:28  
1921196_27.extern  extern       8                                                                     billing=8,cpu=8,gres/gpu:a100=1,gres/gpu=1,mem=32G,node=1  1       c23gpu1   01:06:11  08:49:28  
1921196_28         cifar_scale  8          billing=8,cpu=8,gres/gpu:a100=1,gres/gpu=1,mem=32G,node=1  billing=8,cpu=8,gres/gpu:a100=1,gres/gpu=1,mem=32G,node=1  1       c23gpu1   00:32:09  04:17:12  
1921196_28.batch   batch        8                                                                     cpu=8,gres/gpu:a100=1,gres/gpu=1,mem=32G,node=1            1       c23gpu1   00:32:09  04:17:12  
1921196_28.extern  extern       8                                                                     billing=8,cpu=8,gres/gpu:a100=1,gres/gpu=1,mem=32G,node=1  1       c23gpu1   00:32:09  04:17:12  
1921196_29         cifar_scale  8          billing=8,cpu=8,gres/gpu:a100=1,gres/gpu=1,mem=32G,node=1  billing=8,cpu=8,gres/gpu:a100=1,gres/gpu=1,mem=32G,node=1  1       c23gpu1   00:31:32  04:12:16  
1921196_29.batch   batch        8                                                                     cpu=8,gres/gpu:a100=1,gres/gpu=1,mem=32G,node=1            1       c23gpu1   00:31:32  04:12:16  
1921196_29.extern  extern       8                                                                     billing=8,cpu=8,gres/gpu:a100=1,gres/gpu=1,mem=32G,node=1  1       c23gpu1   00:31:32  04:12:16  
1921196_30         cifar_scale  8          billing=8,cpu=8,gres/gpu:a100=1,gres/gpu=1,mem=32G,node=1  billing=8,cpu=8,gres/gpu:a100=1,gres/gpu=1,mem=32G,node=1  1       c23gpu1   00:06:17  00:50:16  
1921196_30.batch   batch        8                                                                     cpu=8,gres/gpu:a100=1,gres/gpu=1,mem=32G,node=1            1       c23gpu1   00:06:17  00:50:16  
1921196_30.extern  extern       8                                                                     billing=8,cpu=8,gres/gpu:a100=1,gres/gpu=1,mem=32G,node=1  1       c23gpu1   00:06:17  00:50:16  
1921196_31         cifar_scale  8          billing=8,cpu=8,gres/gpu:a100=1,gres/gpu=1,mem=32G,node=1  billing=8,cpu=8,gres/gpu:a100=1,gres/gpu=1,mem=32G,node=1  1       c23gpu1   00:06:30  00:52:00  
1921196_31.batch   batch        8                                                                     cpu=8,gres/gpu:a100=1,gres/gpu=1,mem=32G,node=1            1       c23gpu1   00:06:30  00:52:00  
1921196_31.extern  extern       8                                                                     billing=8,cpu=8,gres/gpu:a100=1,gres/gpu=1,mem=32G,node=1  1       c23gpu1   00:06:30  00:52:00  
1921196_32         cifar_scale  8          billing=8,cpu=8,gres/gpu:a100=1,gres/gpu=1,mem=32G,node=1  billing=8,cpu=8,gres/gpu:a100=1,gres/gpu=1,mem=32G,node=1  1       c23gpu1   00:08:15  01:06:00  
1921196_32.batch   batch        8                                                                     cpu=8,gres/gpu:a100=1,gres/gpu=1,mem=32G,node=1            1       c23gpu1   00:08:15  01:06:00  
1921196_32.extern  extern       8                                                                     billing=8,cpu=8,gres/gpu:a100=1,gres/gpu=1,mem=32G,node=1  1       c23gpu1   00:08:15  01:06:00  
1921196_33         cifar_scale  8          billing=8,cpu=8,gres/gpu:a100=1,gres/gpu=1,mem=32G,node=1  billing=8,cpu=8,gres/gpu:a100=1,gres/gpu=1,mem=32G,node=1  1       c23gpu1   00:08:10  01:05:20  
1921196_33.batch   batch        8                                                                     cpu=8,gres/gpu:a100=1,gres/gpu=1,mem=32G,node=1            1       c23gpu1   00:08:10  01:05:20  
1921196_33.extern  extern       8                                                                     billing=8,cpu=8,gres/gpu:a100=1,gres/gpu=1,mem=32G,node=1  1       c23gpu1   00:08:10  01:05:20  
1921196_34         cifar_scale  8          billing=8,cpu=8,gres/gpu:a100=1,gres/gpu=1,mem=32G,node=1  billing=8,cpu=8,gres/gpu:a100=1,gres/gpu=1,mem=32G,node=1  1       c23gpu1   00:11:18  01:30:24  
1921196_34.batch   batch        8                                                                     cpu=8,gres/gpu:a100=1,gres/gpu=1,mem=32G,node=1            1       c23gpu1   00:11:18  01:30:24  
1921196_34.extern  extern       8                                                                     billing=8,cpu=8,gres/gpu:a100=1,gres/gpu=1,mem=32G,node=1  1       c23gpu1   00:11:18  01:30:24  
1921196_35         cifar_scale  8          billing=8,cpu=8,gres/gpu:a100=1,gres/gpu=1,mem=32G,node=1  billing=8,cpu=8,gres/gpu:a100=1,gres/gpu=1,mem=32G,node=1  1       c23gpu1   00:09:54  01:19:12  
1921196_35.batch   batch        8                                                                     cpu=8,gres/gpu:a100=1,gres/gpu=1,mem=32G,node=1            1       c23gpu1   00:09:54  01:19:12  
1921196_35.extern  extern       8                                                                     billing=8,cpu=8,gres/gpu:a100=1,gres/gpu=1,mem=32G,node=1  1       c23gpu1   00:09:54  01:19:12  
1921196_36         cifar_scale  8          billing=8,cpu=8,gres/gpu:a100=1,gres/gpu=1,mem=32G,node=1  billing=8,cpu=8,gres/gpu:a100=1,gres/gpu=1,mem=32G,node=1  1       c23gpu1   00:13:50  01:50:40  
1921196_36.batch   batch        8                                                                     cpu=8,gres/gpu:a100=1,gres/gpu=1,mem=32G,node=1            1       c23gpu1   00:13:50  01:50:40  
1921196_36.extern  extern       8                                                                     billing=8,cpu=8,gres/gpu:a100=1,gres/gpu=1,mem=32G,node=1  1       c23gpu1   00:13:50  01:50:40  
1921196_37         cifar_scale  8          billing=8,cpu=8,gres/gpu:a100=1,gres/gpu=1,mem=32G,node=1  billing=8,cpu=8,gres/gpu:a100=1,gres/gpu=1,mem=32G,node=1  1       c23gpu1   00:14:15  01:54:00  
1921196_37.batch   batch        8                                                                     cpu=8,gres/gpu:a100=1,gres/gpu=1,mem=32G,node=1            1       c23gpu1   00:14:15  01:54:00  
1921196_37.extern  extern       8                                                                     billing=8,cpu=8,gres/gpu:a100=1,gres/gpu=1,mem=32G,node=1  1       c23gpu1   00:14:15  01:54:00  
1921196_38         cifar_scale  8          billing=8,cpu=8,gres/gpu:a100=1,gres/gpu=1,mem=32G,node=1  billing=8,cpu=8,gres/gpu:a100=1,gres/gpu=1,mem=32G,node=1  1       c23gpu1   00:11:17  01:30:16  
1921196_38.batch   batch        8                                                                     cpu=8,gres/gpu:a100=1,gres/gpu=1,mem=32G,node=1            1       c23gpu1   00:11:17  01:30:16  
1921196_38.extern  extern       8                                                                     billing=8,cpu=8,gres/gpu:a100=1,gres/gpu=1,mem=32G,node=1  1       c23gpu1   00:11:17  01:30:16  
1921196_39         cifar_scale  8          billing=8,cpu=8,gres/gpu:a100=1,gres/gpu=1,mem=32G,node=1  billing=8,cpu=8,gres/gpu:a100=1,gres/gpu=1,mem=32G,node=1  1       c23gpu1   00:11:36  01:32:48  
1921196_39.batch   batch        8                                                                     cpu=8,gres/gpu:a100=1,gres/gpu=1,mem=32G,node=1            1       c23gpu1   00:11:36  01:32:48  
1921196_39.extern  extern       8                                                                     billing=8,cpu=8,gres/gpu:a100=1,gres/gpu=1,mem=32G,node=1  1       c23gpu1   00:11:36  01:32:48  
1921196_40         cifar_scale  8          billing=8,cpu=8,gres/gpu:a100=1,gres/gpu=1,mem=32G,node=1  billing=8,cpu=8,gres/gpu:a100=1,gres/gpu=1,mem=32G,node=1  1       c23gpu1   00:22:29  02:59:52  
1921196_40.batch   batch        8                                                                     cpu=8,gres/gpu:a100=1,gres/gpu=1,mem=32G,node=1            1       c23gpu1   00:22:29  02:59:52  
1921196_40.extern  extern       8                                                                     billing=8,cpu=8,gres/gpu:a100=1,gres/gpu=1,mem=32G,node=1  1       c23gpu1   00:22:29  02:59:52  
1921196_41         cifar_scale  8          billing=8,cpu=8,gres/gpu:a100=1,gres/gpu=1,mem=32G,node=1  billing=8,cpu=8,gres/gpu:a100=1,gres/gpu=1,mem=32G,node=1  1       c23gpu1   00:27:37  03:40:56  
1921196_41.batch   batch        8                                                                     cpu=8,gres/gpu:a100=1,gres/gpu=1,mem=32G,node=1            1       c23gpu1   00:27:37  03:40:56  
1921196_41.extern  extern       8                                                                     billing=8,cpu=8,gres/gpu:a100=1,gres/gpu=1,mem=32G,node=1  1       c23gpu1   00:27:37  03:40:56  
1921196_42         cifar_scale  8          billing=8,cpu=8,gres/gpu:a100=1,gres/gpu=1,mem=32G,node=1  billing=8,cpu=8,gres/gpu:a100=1,gres/gpu=1,mem=32G,node=1  1       c23gpu1   00:18:36  02:28:48  
1921196_42.batch   batch        8                                                                     cpu=8,gres/gpu:a100=1,gres/gpu=1,mem=32G,node=1            1       c23gpu1   00:18:36  02:28:48  
1921196_42.extern  extern       8                                                                     billing=8,cpu=8,gres/gpu:a100=1,gres/gpu=1,mem=32G,node=1  1       c23gpu1   00:18:36  02:28:48  
1921196_43         cifar_scale  8          billing=8,cpu=8,gres/gpu:a100=1,gres/gpu=1,mem=32G,node=1  billing=8,cpu=8,gres/gpu:a100=1,gres/gpu=1,mem=32G,node=1  1       c23gpu1   00:16:15  02:10:00  
1921196_43.batch   batch        8                                                                     cpu=8,gres/gpu:a100=1,gres/gpu=1,mem=32G,node=1            1       c23gpu1   00:16:15  02:10:00  
1921196_43.extern  extern       8                                                                     billing=8,cpu=8,gres/gpu:a100=1,gres/gpu=1,mem=32G,node=1  1       c23gpu1   00:16:16  02:10:08  
1921196_44         cifar_scale  8          billing=8,cpu=8,gres/gpu:a100=1,gres/gpu=1,mem=32G,node=1  billing=8,cpu=8,gres/gpu:a100=1,gres/gpu=1,mem=32G,node=1  1       c23gpu1   00:24:59  03:19:52  
1921196_44.batch   batch        8                                                                     cpu=8,gres/gpu:a100=1,gres/gpu=1,mem=32G,node=1            1       c23gpu1   00:24:59  03:19:52  
1921196_44.extern  extern       8                                                                     billing=8,cpu=8,gres/gpu:a100=1,gres/gpu=1,mem=32G,node=1  1       c23gpu1   00:24:59  03:19:52  

Pour plus d'informations sur la comptabilité du calcul, merci de consulter la documentation http://www-tech.criann.fr ou le manuel 'man sacct'
