Requirement already satisfied: pytorch-lightning in /home/2500001/ftari001/.python3-3.13-torch260/site-packages/lib/python3.13/site-packages (2.6.1)
Requirement already satisfied: torchmetrics in /home/2500001/ftari001/.python3-3.13-torch260/site-packages/lib/python3.13/site-packages (1.9.0)
Requirement already satisfied: fvcore in /home/2500001/ftari001/.python3-3.13-torch260/site-packages/lib/python3.13/site-packages (0.1.5.post20221221)
Requirement already satisfied: rich in /home/2500001/ftari001/.python3-3.13-torch260/site-packages/lib/python3.13/site-packages (15.0.0)
Requirement already satisfied: torch>=2.1.0 in /soft/AIDL/conda_envs/pytorch260/lib/python3.13/site-packages (from pytorch-lightning) (2.6.0+cu126)
Requirement already satisfied: tqdm>=4.57.0 in /soft/AIDL/conda_envs/pytorch260/lib/python3.13/site-packages (from pytorch-lightning) (4.67.1)
Requirement already satisfied: PyYAML>5.4 in /soft/AIDL/conda_envs/pytorch260/lib/python3.13/site-packages (from pytorch-lightning) (6.0.2)
Requirement already satisfied: fsspec>=2022.5.0 in /soft/AIDL/conda_envs/pytorch260/lib/python3.13/site-packages (from fsspec[http]>=2022.5.0->pytorch-lightning) (2024.12.0)
Requirement already satisfied: packaging>=23.0 in /soft/AIDL/conda_envs/pytorch260/lib/python3.13/site-packages (from pytorch-lightning) (24.2)
Requirement already satisfied: typing-extensions>4.5.0 in /home/2500001/ftari001/.python3-3.13-torch260/site-packages/lib/python3.13/site-packages (from pytorch-lightning) (4.15.0)
Requirement already satisfied: lightning-utilities>=0.10.0 in /home/2500001/ftari001/.python3-3.13-torch260/site-packages/lib/python3.13/site-packages (from pytorch-lightning) (0.15.3)
Requirement already satisfied: numpy>1.20.0 in /soft/AIDL/conda_envs/pytorch260/lib/python3.13/site-packages (from torchmetrics) (2.2.3)
Requirement already satisfied: yacs>=0.1.6 in /home/2500001/ftari001/.python3-3.13-torch260/site-packages/lib/python3.13/site-packages (from fvcore) (0.1.8)
Requirement already satisfied: termcolor>=1.1 in /home/2500001/ftari001/.python3-3.13-torch260/site-packages/lib/python3.13/site-packages (from fvcore) (3.3.0)
Requirement already satisfied: Pillow in /soft/AIDL/conda_envs/pytorch260/lib/python3.13/site-packages (from fvcore) (11.1.0)
Requirement already satisfied: tabulate in /home/2500001/ftari001/.python3-3.13-torch260/site-packages/lib/python3.13/site-packages (from fvcore) (0.10.0)
Requirement already satisfied: iopath>=0.1.7 in /home/2500001/ftari001/.python3-3.13-torch260/site-packages/lib/python3.13/site-packages (from fvcore) (0.1.10)
Requirement already satisfied: markdown-it-py>=2.2.0 in /home/2500001/ftari001/.python3-3.13-torch260/site-packages/lib/python3.13/site-packages (from rich) (4.0.0)
Requirement already satisfied: pygments<3.0.0,>=2.13.0 in /soft/AIDL/conda_envs/pytorch260/lib/python3.13/site-packages (from rich) (2.19.1)
Requirement already satisfied: aiohttp!=4.0.0a0,!=4.0.0a1 in /soft/AIDL/conda_envs/pytorch260/lib/python3.13/site-packages (from fsspec[http]>=2022.5.0->pytorch-lightning) (3.11.13)
Requirement already satisfied: portalocker in /home/2500001/ftari001/.python3-3.13-torch260/site-packages/lib/python3.13/site-packages (from iopath>=0.1.7->fvcore) (3.2.0)
Requirement already satisfied: mdurl~=0.1 in /home/2500001/ftari001/.python3-3.13-torch260/site-packages/lib/python3.13/site-packages (from markdown-it-py>=2.2.0->rich) (0.1.2)
Requirement already satisfied: filelock in /soft/AIDL/conda_envs/pytorch260/lib/python3.13/site-packages (from torch>=2.1.0->pytorch-lightning) (3.17.0)
Requirement already satisfied: setuptools in /soft/AIDL/conda_envs/pytorch260/lib/python3.13/site-packages (from torch>=2.1.0->pytorch-lightning) (75.8.0)
Requirement already satisfied: sympy==1.13.1 in /soft/AIDL/conda_envs/pytorch260/lib/python3.13/site-packages (from torch>=2.1.0->pytorch-lightning) (1.13.1)
Requirement already satisfied: networkx in /soft/AIDL/conda_envs/pytorch260/lib/python3.13/site-packages (from torch>=2.1.0->pytorch-lightning) (3.4.2)
Requirement already satisfied: jinja2 in /soft/AIDL/conda_envs/pytorch260/lib/python3.13/site-packages (from torch>=2.1.0->pytorch-lightning) (3.1.5)
Requirement already satisfied: nvidia-cuda-nvrtc-cu12==12.6.77 in /soft/AIDL/conda_envs/pytorch260/lib/python3.13/site-packages (from torch>=2.1.0->pytorch-lightning) (12.6.77)
Requirement already satisfied: nvidia-cuda-runtime-cu12==12.6.77 in /soft/AIDL/conda_envs/pytorch260/lib/python3.13/site-packages (from torch>=2.1.0->pytorch-lightning) (12.6.77)
Requirement already satisfied: nvidia-cuda-cupti-cu12==12.6.80 in /soft/AIDL/conda_envs/pytorch260/lib/python3.13/site-packages (from torch>=2.1.0->pytorch-lightning) (12.6.80)
Requirement already satisfied: nvidia-cudnn-cu12==9.5.1.17 in /soft/AIDL/conda_envs/pytorch260/lib/python3.13/site-packages (from torch>=2.1.0->pytorch-lightning) (9.5.1.17)
Requirement already satisfied: nvidia-cublas-cu12==12.6.4.1 in /soft/AIDL/conda_envs/pytorch260/lib/python3.13/site-packages (from torch>=2.1.0->pytorch-lightning) (12.6.4.1)
Requirement already satisfied: nvidia-cufft-cu12==11.3.0.4 in /soft/AIDL/conda_envs/pytorch260/lib/python3.13/site-packages (from torch>=2.1.0->pytorch-lightning) (11.3.0.4)
Requirement already satisfied: nvidia-curand-cu12==10.3.7.77 in /soft/AIDL/conda_envs/pytorch260/lib/python3.13/site-packages (from torch>=2.1.0->pytorch-lightning) (10.3.7.77)
Requirement already satisfied: nvidia-cusolver-cu12==11.7.1.2 in /soft/AIDL/conda_envs/pytorch260/lib/python3.13/site-packages (from torch>=2.1.0->pytorch-lightning) (11.7.1.2)
Requirement already satisfied: nvidia-cusparse-cu12==12.5.4.2 in /soft/AIDL/conda_envs/pytorch260/lib/python3.13/site-packages (from torch>=2.1.0->pytorch-lightning) (12.5.4.2)
Requirement already satisfied: nvidia-cusparselt-cu12==0.6.3 in /soft/AIDL/conda_envs/pytorch260/lib/python3.13/site-packages (from torch>=2.1.0->pytorch-lightning) (0.6.3)
Requirement already satisfied: nvidia-nccl-cu12==2.21.5 in /soft/AIDL/conda_envs/pytorch260/lib/python3.13/site-packages (from torch>=2.1.0->pytorch-lightning) (2.21.5)
Requirement already satisfied: nvidia-nvtx-cu12==12.6.77 in /soft/AIDL/conda_envs/pytorch260/lib/python3.13/site-packages (from torch>=2.1.0->pytorch-lightning) (12.6.77)
Requirement already satisfied: nvidia-nvjitlink-cu12==12.6.85 in /soft/AIDL/conda_envs/pytorch260/lib/python3.13/site-packages (from torch>=2.1.0->pytorch-lightning) (12.6.85)
Requirement already satisfied: triton==3.2.0 in /soft/AIDL/conda_envs/pytorch260/lib/python3.13/site-packages (from torch>=2.1.0->pytorch-lightning) (3.2.0)
Requirement already satisfied: mpmath<1.4,>=1.1.0 in /soft/AIDL/conda_envs/pytorch260/lib/python3.13/site-packages (from sympy==1.13.1->torch>=2.1.0->pytorch-lightning) (1.3.0)
Requirement already satisfied: aiohappyeyeballs>=2.3.0 in /soft/AIDL/conda_envs/pytorch260/lib/python3.13/site-packages (from aiohttp!=4.0.0a0,!=4.0.0a1->fsspec[http]>=2022.5.0->pytorch-lightning) (2.4.6)
Requirement already satisfied: aiosignal>=1.1.2 in /soft/AIDL/conda_envs/pytorch260/lib/python3.13/site-packages (from aiohttp!=4.0.0a0,!=4.0.0a1->fsspec[http]>=2022.5.0->pytorch-lightning) (1.3.2)
Requirement already satisfied: attrs>=17.3.0 in /soft/AIDL/conda_envs/pytorch260/lib/python3.13/site-packages (from aiohttp!=4.0.0a0,!=4.0.0a1->fsspec[http]>=2022.5.0->pytorch-lightning) (25.1.0)
Requirement already satisfied: frozenlist>=1.1.1 in /soft/AIDL/conda_envs/pytorch260/lib/python3.13/site-packages (from aiohttp!=4.0.0a0,!=4.0.0a1->fsspec[http]>=2022.5.0->pytorch-lightning) (1.5.0)
Requirement already satisfied: multidict<7.0,>=4.5 in /soft/AIDL/conda_envs/pytorch260/lib/python3.13/site-packages (from aiohttp!=4.0.0a0,!=4.0.0a1->fsspec[http]>=2022.5.0->pytorch-lightning) (6.1.0)
Requirement already satisfied: propcache>=0.2.0 in /soft/AIDL/conda_envs/pytorch260/lib/python3.13/site-packages (from aiohttp!=4.0.0a0,!=4.0.0a1->fsspec[http]>=2022.5.0->pytorch-lightning) (0.2.1)
Requirement already satisfied: yarl<2.0,>=1.17.0 in /soft/AIDL/conda_envs/pytorch260/lib/python3.13/site-packages (from aiohttp!=4.0.0a0,!=4.0.0a1->fsspec[http]>=2022.5.0->pytorch-lightning) (1.18.3)
Requirement already satisfied: MarkupSafe>=2.0 in /soft/AIDL/conda_envs/pytorch260/lib/python3.13/site-packages (from jinja2->torch>=2.1.0->pytorch-lightning) (3.0.2)
Requirement already satisfied: idna>=2.0 in /home/2500001/ftari001/.python3-3.13-torch260/site-packages/lib/python3.13/site-packages (from yarl<2.0,>=1.17.0->aiohttp!=4.0.0a0,!=4.0.0a1->fsspec[http]>=2022.5.0->pytorch-lightning) (2.10)
=== Task 14: model=resnet  N=50000  seed=2  (Mon Apr 13 01:45:25 PM CEST 2026) ===
┏━━━┳━━━━━━━━━━━┳━━━━━━━━━━━━━━━━━━━━┳━━━━━━━━┳━━━━━━━┳━━━━━━━┓
┃   ┃ Name      ┃ Type               ┃ Params ┃ Mode  ┃ FLOPs ┃
┡━━━╇━━━━━━━━━━━╇━━━━━━━━━━━━━━━━━━━━╇━━━━━━━━╇━━━━━━━╇━━━━━━━┩
│ 0 │ model     │ OptimizedModule    │  272 K │ train │     0 │
│ 1 │ criterion │ CrossEntropyLoss   │      0 │ train │     0 │
│ 2 │ train_acc │ MulticlassAccuracy │      0 │ train │     0 │
│ 3 │ val_acc   │ MulticlassAccuracy │      0 │ train │     0 │
└───┴───────────┴────────────────────┴────────┴───────┴───────┘
Trainable params: 272 K                                                         
Non-trainable params: 0                                                         
Total params: 272 K                                                             
Total estimated model params size (MB): 1                                       
Modules in train mode: 78                                                       
Modules in eval mode: 0                                                         
Total FLOPs: 0                                                                  
  Epoch 1/300 — ETA: 04:24:42
  Epoch 2/300 — ETA: 02:29:24
  Epoch 3/300 — ETA: 01:53:14
  Epoch 4/300 — ETA: 01:33:58
  Epoch 5/300 — ETA: 01:21:33
  Epoch 6/300 — ETA: 01:14:15
  Epoch 7/300 — ETA: 01:08:46
  Epoch 8/300 — ETA: 01:04:38
  Epoch 9/300 — ETA: 01:01:00
  Epoch 10/300 — ETA: 00:58:02
  Epoch 11/300 — ETA: 00:56:39
  Epoch 12/300 — ETA: 00:54:25
  Epoch 13/300 — ETA: 00:53:14
  Epoch 14/300 — ETA: 00:51:32
  Epoch 15/300 — ETA: 00:50:44
  Epoch 16/300 — ETA: 00:49:58
  Epoch 17/300 — ETA: 00:48:47
  Epoch 18/300 — ETA: 00:47:38
  Epoch 19/300 — ETA: 00:46:52
  Epoch 20/300 — ETA: 00:46:09
  Epoch 21/300 — ETA: 00:45:28
  Epoch 22/300 — ETA: 00:44:45
  Epoch 23/300 — ETA: 00:44:13
  Epoch 24/300 — ETA: 00:43:32
  Epoch 25/300 — ETA: 00:42:53
  Epoch 26/300 — ETA: 00:42:43
  Epoch 27/300 — ETA: 00:42:14
  Epoch 28/300 — ETA: 00:41:49
  Epoch 29/300 — ETA: 00:41:24
  Epoch 30/300 — ETA: 00:41:02
  Epoch 31/300 — ETA: 00:40:38
  Epoch 32/300 — ETA: 00:40:10
  Epoch 33/300 — ETA: 00:39:48
  Epoch 34/300 — ETA: 00:39:20
  Epoch 35/300 — ETA: 00:38:58
  Epoch 36/300 — ETA: 00:38:42
  Epoch 37/300 — ETA: 00:38:26
  Epoch 38/300 — ETA: 00:38:10
  Epoch 39/300 — ETA: 00:37:54
  Epoch 40/300 — ETA: 00:37:38
  Epoch 41/300 — ETA: 00:37:23
  Epoch 42/300 — ETA: 00:37:09
  Epoch 43/300 — ETA: 00:36:58
  Epoch 44/300 — ETA: 00:36:50
  Epoch 45/300 — ETA: 00:36:43
  Epoch 46/300 — ETA: 00:36:31
  Epoch 47/300 — ETA: 00:36:26
  Epoch 48/300 — ETA: 00:36:20
  Epoch 49/300 — ETA: 00:36:11
  Epoch 50/300 — ETA: 00:35:58
  Epoch 51/300 — ETA: 00:35:44
  Epoch 52/300 — ETA: 00:35:27
  Epoch 53/300 — ETA: 00:35:16
  Epoch 54/300 — ETA: 00:34:59
  Epoch 55/300 — ETA: 00:34:50
  Epoch 56/300 — ETA: 00:34:42
  Epoch 57/300 — ETA: 00:34:27
  Epoch 58/300 — ETA: 00:34:14
  Epoch 59/300 — ETA: 00:34:00
  Epoch 60/300 — ETA: 00:33:46
  Epoch 61/300 — ETA: 00:33:34
  Epoch 62/300 — ETA: 00:33:28
  Epoch 63/300 — ETA: 00:33:15
  Epoch 64/300 — ETA: 00:33:03
  Epoch 65/300 — ETA: 00:32:51
  Epoch 66/300 — ETA: 00:32:37
  Epoch 67/300 — ETA: 00:32:27
  Epoch 68/300 — ETA: 00:32:16
  Epoch 69/300 — ETA: 00:32:08
  Epoch 70/300 — ETA: 00:31:58
  Epoch 71/300 — ETA: 00:31:52
  Epoch 72/300 — ETA: 00:31:45
  Epoch 73/300 — ETA: 00:31:32
  Epoch 74/300 — ETA: 00:31:26
  Epoch 75/300 — ETA: 00:31:14
  Epoch 76/300 — ETA: 00:31:03
  Epoch 77/300 — ETA: 00:30:52
  Epoch 78/300 — ETA: 00:30:41
  Epoch 79/300 — ETA: 00:30:28
  Epoch 80/300 — ETA: 00:30:15
  Epoch 81/300 — ETA: 00:30:03
  Epoch 82/300 — ETA: 00:29:53
  Epoch 83/300 — ETA: 00:29:42
  Epoch 84/300 — ETA: 00:29:30
  Epoch 85/300 — ETA: 00:29:20
  Epoch 86/300 — ETA: 00:29:12
  Epoch 87/300 — ETA: 00:29:02
  Epoch 88/300 — ETA: 00:28:51
  Epoch 89/300 — ETA: 00:28:40
  Epoch 90/300 — ETA: 00:28:28
  Epoch 91/300 — ETA: 00:28:18
  Epoch 92/300 — ETA: 00:28:06
  Epoch 93/300 — ETA: 00:27:58
  Epoch 94/300 — ETA: 00:27:47
  Epoch 95/300 — ETA: 00:27:37
  Epoch 96/300 — ETA: 00:27:27
  Epoch 97/300 — ETA: 00:27:16
  Epoch 98/300 — ETA: 00:27:04
  Epoch 99/300 — ETA: 00:26:55
  Epoch 100/300 — ETA: 00:26:46
  Epoch 101/300 — ETA: 00:26:35
  Epoch 102/300 — ETA: 00:26:26
  Epoch 103/300 — ETA: 00:26:17
  Epoch 104/300 — ETA: 00:26:09
  Epoch 105/300 — ETA: 00:26:00
  Epoch 106/300 — ETA: 00:25:51
  Epoch 107/300 — ETA: 00:25:41
  Epoch 108/300 — ETA: 00:25:31
  Epoch 109/300 — ETA: 00:25:23
  Epoch 110/300 — ETA: 00:25:15
  Epoch 111/300 — ETA: 00:25:09
  Epoch 112/300 — ETA: 00:25:03
  Epoch 113/300 — ETA: 00:24:55
  Epoch 114/300 — ETA: 00:24:46
  Epoch 115/300 — ETA: 00:24:37
  Epoch 116/300 — ETA: 00:24:28
  Epoch 117/300 — ETA: 00:24:19
  Epoch 118/300 — ETA: 00:24:10
  Epoch 119/300 — ETA: 00:24:01
  Epoch 120/300 — ETA: 00:23:52
  Epoch 121/300 — ETA: 00:23:42
  Epoch 122/300 — ETA: 00:23:34
  Epoch 123/300 — ETA: 00:23:27
  Epoch 124/300 — ETA: 00:23:19
  Epoch 125/300 — ETA: 00:23:13
  Epoch 126/300 — ETA: 00:23:06
  Epoch 127/300 — ETA: 00:22:57
  Epoch 128/300 — ETA: 00:22:48
  Epoch 129/300 — ETA: 00:22:39
  Epoch 130/300 — ETA: 00:22:30
  Epoch 131/300 — ETA: 00:22:21
  Epoch 132/300 — ETA: 00:22:12
  Epoch 133/300 — ETA: 00:22:03
  Epoch 134/300 — ETA: 00:21:54
  Epoch 135/300 — ETA: 00:21:47
  Epoch 136/300 — ETA: 00:21:38
  Epoch 137/300 — ETA: 00:21:30
  Epoch 138/300 — ETA: 00:21:20
  Epoch 139/300 — ETA: 00:21:13
  Epoch 140/300 — ETA: 00:21:04
  Epoch 141/300 — ETA: 00:20:57
  Epoch 142/300 — ETA: 00:20:48
  Epoch 143/300 — ETA: 00:20:39
  Epoch 144/300 — ETA: 00:20:30
  Epoch 145/300 — ETA: 00:20:22
  Epoch 146/300 — ETA: 00:20:14
  Epoch 147/300 — ETA: 00:20:08
  Epoch 148/300 — ETA: 00:20:00
  Epoch 149/300 — ETA: 00:19:52
  Epoch 150/300 — ETA: 00:19:44
  Epoch 151/300 — ETA: 00:19:34
  Epoch 152/300 — ETA: 00:19:26
  Epoch 153/300 — ETA: 00:19:17
  Epoch 154/300 — ETA: 00:19:09
  Epoch 155/300 — ETA: 00:19:01
  Epoch 156/300 — ETA: 00:18:52
  Epoch 157/300 — ETA: 00:18:44
  Epoch 158/300 — ETA: 00:18:35
  Epoch 159/300 — ETA: 00:18:27
  Epoch 160/300 — ETA: 00:18:19
  Epoch 161/300 — ETA: 00:18:10
  Epoch 162/300 — ETA: 00:18:02
  Epoch 163/300 — ETA: 00:17:53
  Epoch 164/300 — ETA: 00:17:44
  Epoch 165/300 — ETA: 00:17:38
  Epoch 166/300 — ETA: 00:17:29
  Epoch 167/300 — ETA: 00:17:20
  Epoch 168/300 — ETA: 00:17:12
  Epoch 169/300 — ETA: 00:17:05
  Epoch 170/300 — ETA: 00:16:57
  Epoch 171/300 — ETA: 00:16:48
  Epoch 172/300 — ETA: 00:16:40
  Epoch 173/300 — ETA: 00:16:31
  Epoch 174/300 — ETA: 00:16:23
  Epoch 175/300 — ETA: 00:16:15
  Epoch 176/300 — ETA: 00:16:06
  Epoch 177/300 — ETA: 00:15:59
  Epoch 178/300 — ETA: 00:15:50
  Epoch 179/300 — ETA: 00:15:43
  Epoch 180/300 — ETA: 00:15:35
  Epoch 181/300 — ETA: 00:15:26
  Epoch 182/300 — ETA: 00:15:18
  Epoch 183/300 — ETA: 00:15:10
  Epoch 184/300 — ETA: 00:15:02
  Epoch 185/300 — ETA: 00:14:55
  Epoch 186/300 — ETA: 00:14:48
  Epoch 187/300 — ETA: 00:14:41
  Epoch 188/300 — ETA: 00:14:34
  Epoch 189/300 — ETA: 00:14:26
  Epoch 190/300 — ETA: 00:14:18
  Epoch 191/300 — ETA: 00:14:11
  Epoch 192/300 — ETA: 00:14:03
  Epoch 193/300 — ETA: 00:13:55
  Epoch 194/300 — ETA: 00:13:47
  Epoch 195/300 — ETA: 00:13:39
  Epoch 196/300 — ETA: 00:13:30
  Epoch 197/300 — ETA: 00:13:22
  Epoch 198/300 — ETA: 00:13:14
  Epoch 199/300 — ETA: 00:13:06
  Epoch 200/300 — ETA: 00:12:58
  Epoch 201/300 — ETA: 00:12:50
  Epoch 202/300 — ETA: 00:12:42
  Epoch 203/300 — ETA: 00:12:34
  Epoch 204/300 — ETA: 00:12:26
  Epoch 205/300 — ETA: 00:12:18
  Epoch 206/300 — ETA: 00:12:10
  Epoch 207/300 — ETA: 00:12:02
  Epoch 208/300 — ETA: 00:11:55
  Epoch 209/300 — ETA: 00:11:47
  Epoch 210/300 — ETA: 00:11:39
  Epoch 211/300 — ETA: 00:11:31
  Epoch 212/300 — ETA: 00:11:23
  Epoch 213/300 — ETA: 00:11:15
  Epoch 214/300 — ETA: 00:11:07
  Epoch 215/300 — ETA: 00:10:59
  Epoch 216/300 — ETA: 00:10:51
  Epoch 217/300 — ETA: 00:10:43
  Epoch 218/300 — ETA: 00:10:35
  Epoch 219/300 — ETA: 00:10:28
  Epoch 220/300 — ETA: 00:10:20
  Epoch 221/300 — ETA: 00:10:12
  Epoch 222/300 — ETA: 00:10:05
  Epoch 223/300 — ETA: 00:09:57
  Epoch 224/300 — ETA: 00:09:49
  Epoch 225/300 — ETA: 00:09:41
  Epoch 226/300 — ETA: 00:09:32
  Epoch 227/300 — ETA: 00:09:24
  Epoch 228/300 — ETA: 00:09:17
  Epoch 229/300 — ETA: 00:09:09
  Epoch 230/300 — ETA: 00:09:01
  Epoch 231/300 — ETA: 00:08:53
  Epoch 232/300 — ETA: 00:08:45
  Epoch 233/300 — ETA: 00:08:37
  Epoch 234/300 — ETA: 00:08:30
Epoch 233/299 ━━━━━━━━━━━━━━━ 391/391 0:00:07 •       54.12it/s v_num: 0.000    
                                      0:00:00                   val/loss: 0.668 
                                                                val/acc: 0.902  
                                                                train/loss:     
                                                                0.008 train/acc:
                                                                0.998           

########################################
   Comptabilité du calcul 1922134 
########################################
$ sacct --format='JobID,Partition,JobName,MaxRSS,MaxVMSize,NTasks,AllocCPUS,Start,End,Elapsed,AveCPU,MinCPU,NNodes,ExitCode,State' -j 1922134
JobID              Partition  JobName      MaxRSS   MaxVMSize  NTasks  AllocCPUS  Start                End                  Elapsed   AveCPU  MinCPU  NNodes  ExitCode  State      
-----              ---------  -------      -------  ---------  ------  ---------  -----                ---                  -------   ------  ------  ------  --------  -----      
1921196_14         ar_a100    cifar_scale                              8          2026-04-13T13:45:23  2026-04-13T14:15:59  00:30:36                  1       0:0       COMPLETED  
1921196_14.batch              batch                            1       8          2026-04-13T13:45:23  2026-04-13T14:15:59  00:30:36                  1       0:0       COMPLETED  
1921196_14.extern             extern                           1       8          2026-04-13T13:45:23  2026-04-13T14:15:59  00:30:36                  1       0:0       COMPLETED  

$ sacct --format='JobID,JobName,AllocCPUS,ReqTRES,AllocTRES,NNodes,NodeList,Elapsed,CPUTime' -j 1922134
JobID              JobName      AllocCPUS  ReqTRES                                                    AllocTRES                                                  NNodes  NodeList  Elapsed   CPUTime   
-----              -------      ---------  -------                                                    ---------                                                  ------  --------  -------   -------   
1921196_14         cifar_scale  8          billing=8,cpu=8,gres/gpu:a100=1,gres/gpu=1,mem=32G,node=1  billing=8,cpu=8,gres/gpu:a100=1,gres/gpu=1,mem=32G,node=1  1       c23gpu1   00:30:36  04:04:48  
1921196_14.batch   batch        8                                                                     cpu=8,gres/gpu:a100=1,gres/gpu=1,mem=32G,node=1            1       c23gpu1   00:30:36  04:04:48  
1921196_14.extern  extern       8                                                                     billing=8,cpu=8,gres/gpu:a100=1,gres/gpu=1,mem=32G,node=1  1       c23gpu1   00:30:36  04:04:48  

Pour plus d'informations sur la comptabilité du calcul, merci de consulter la documentation http://www-tech.criann.fr ou le manuel 'man sacct'
