Requirement already satisfied: pytorch-lightning in /home/2500001/ftari001/.python3-3.13-torch260/site-packages/lib/python3.13/site-packages (2.6.1)
Requirement already satisfied: torchmetrics in /home/2500001/ftari001/.python3-3.13-torch260/site-packages/lib/python3.13/site-packages (1.9.0)
Requirement already satisfied: fvcore in /home/2500001/ftari001/.python3-3.13-torch260/site-packages/lib/python3.13/site-packages (0.1.5.post20221221)
Requirement already satisfied: rich in /home/2500001/ftari001/.python3-3.13-torch260/site-packages/lib/python3.13/site-packages (15.0.0)
Requirement already satisfied: torch>=2.1.0 in /soft/AIDL/conda_envs/pytorch260/lib/python3.13/site-packages (from pytorch-lightning) (2.6.0+cu126)
Requirement already satisfied: tqdm>=4.57.0 in /soft/AIDL/conda_envs/pytorch260/lib/python3.13/site-packages (from pytorch-lightning) (4.67.1)
Requirement already satisfied: PyYAML>5.4 in /soft/AIDL/conda_envs/pytorch260/lib/python3.13/site-packages (from pytorch-lightning) (6.0.2)
Requirement already satisfied: fsspec>=2022.5.0 in /soft/AIDL/conda_envs/pytorch260/lib/python3.13/site-packages (from fsspec[http]>=2022.5.0->pytorch-lightning) (2024.12.0)
Requirement already satisfied: packaging>=23.0 in /soft/AIDL/conda_envs/pytorch260/lib/python3.13/site-packages (from pytorch-lightning) (24.2)
Requirement already satisfied: typing-extensions>4.5.0 in /home/2500001/ftari001/.python3-3.13-torch260/site-packages/lib/python3.13/site-packages (from pytorch-lightning) (4.15.0)
Requirement already satisfied: lightning-utilities>=0.10.0 in /home/2500001/ftari001/.python3-3.13-torch260/site-packages/lib/python3.13/site-packages (from pytorch-lightning) (0.15.3)
Requirement already satisfied: numpy>1.20.0 in /soft/AIDL/conda_envs/pytorch260/lib/python3.13/site-packages (from torchmetrics) (2.2.3)
Requirement already satisfied: yacs>=0.1.6 in /home/2500001/ftari001/.python3-3.13-torch260/site-packages/lib/python3.13/site-packages (from fvcore) (0.1.8)
Requirement already satisfied: termcolor>=1.1 in /home/2500001/ftari001/.python3-3.13-torch260/site-packages/lib/python3.13/site-packages (from fvcore) (3.3.0)
Requirement already satisfied: Pillow in /soft/AIDL/conda_envs/pytorch260/lib/python3.13/site-packages (from fvcore) (11.1.0)
Requirement already satisfied: tabulate in /home/2500001/ftari001/.python3-3.13-torch260/site-packages/lib/python3.13/site-packages (from fvcore) (0.10.0)
Requirement already satisfied: iopath>=0.1.7 in /home/2500001/ftari001/.python3-3.13-torch260/site-packages/lib/python3.13/site-packages (from fvcore) (0.1.10)
Requirement already satisfied: markdown-it-py>=2.2.0 in /home/2500001/ftari001/.python3-3.13-torch260/site-packages/lib/python3.13/site-packages (from rich) (4.0.0)
Requirement already satisfied: pygments<3.0.0,>=2.13.0 in /soft/AIDL/conda_envs/pytorch260/lib/python3.13/site-packages (from rich) (2.19.1)
Requirement already satisfied: aiohttp!=4.0.0a0,!=4.0.0a1 in /soft/AIDL/conda_envs/pytorch260/lib/python3.13/site-packages (from fsspec[http]>=2022.5.0->pytorch-lightning) (3.11.13)
Requirement already satisfied: portalocker in /home/2500001/ftari001/.python3-3.13-torch260/site-packages/lib/python3.13/site-packages (from iopath>=0.1.7->fvcore) (3.2.0)
Requirement already satisfied: mdurl~=0.1 in /home/2500001/ftari001/.python3-3.13-torch260/site-packages/lib/python3.13/site-packages (from markdown-it-py>=2.2.0->rich) (0.1.2)
Requirement already satisfied: filelock in /soft/AIDL/conda_envs/pytorch260/lib/python3.13/site-packages (from torch>=2.1.0->pytorch-lightning) (3.17.0)
Requirement already satisfied: setuptools in /soft/AIDL/conda_envs/pytorch260/lib/python3.13/site-packages (from torch>=2.1.0->pytorch-lightning) (75.8.0)
Requirement already satisfied: sympy==1.13.1 in /soft/AIDL/conda_envs/pytorch260/lib/python3.13/site-packages (from torch>=2.1.0->pytorch-lightning) (1.13.1)
Requirement already satisfied: networkx in /soft/AIDL/conda_envs/pytorch260/lib/python3.13/site-packages (from torch>=2.1.0->pytorch-lightning) (3.4.2)
Requirement already satisfied: jinja2 in /soft/AIDL/conda_envs/pytorch260/lib/python3.13/site-packages (from torch>=2.1.0->pytorch-lightning) (3.1.5)
Requirement already satisfied: nvidia-cuda-nvrtc-cu12==12.6.77 in /soft/AIDL/conda_envs/pytorch260/lib/python3.13/site-packages (from torch>=2.1.0->pytorch-lightning) (12.6.77)
Requirement already satisfied: nvidia-cuda-runtime-cu12==12.6.77 in /soft/AIDL/conda_envs/pytorch260/lib/python3.13/site-packages (from torch>=2.1.0->pytorch-lightning) (12.6.77)
Requirement already satisfied: nvidia-cuda-cupti-cu12==12.6.80 in /soft/AIDL/conda_envs/pytorch260/lib/python3.13/site-packages (from torch>=2.1.0->pytorch-lightning) (12.6.80)
Requirement already satisfied: nvidia-cudnn-cu12==9.5.1.17 in /soft/AIDL/conda_envs/pytorch260/lib/python3.13/site-packages (from torch>=2.1.0->pytorch-lightning) (9.5.1.17)
Requirement already satisfied: nvidia-cublas-cu12==12.6.4.1 in /soft/AIDL/conda_envs/pytorch260/lib/python3.13/site-packages (from torch>=2.1.0->pytorch-lightning) (12.6.4.1)
Requirement already satisfied: nvidia-cufft-cu12==11.3.0.4 in /soft/AIDL/conda_envs/pytorch260/lib/python3.13/site-packages (from torch>=2.1.0->pytorch-lightning) (11.3.0.4)
Requirement already satisfied: nvidia-curand-cu12==10.3.7.77 in /soft/AIDL/conda_envs/pytorch260/lib/python3.13/site-packages (from torch>=2.1.0->pytorch-lightning) (10.3.7.77)
Requirement already satisfied: nvidia-cusolver-cu12==11.7.1.2 in /soft/AIDL/conda_envs/pytorch260/lib/python3.13/site-packages (from torch>=2.1.0->pytorch-lightning) (11.7.1.2)
Requirement already satisfied: nvidia-cusparse-cu12==12.5.4.2 in /soft/AIDL/conda_envs/pytorch260/lib/python3.13/site-packages (from torch>=2.1.0->pytorch-lightning) (12.5.4.2)
Requirement already satisfied: nvidia-cusparselt-cu12==0.6.3 in /soft/AIDL/conda_envs/pytorch260/lib/python3.13/site-packages (from torch>=2.1.0->pytorch-lightning) (0.6.3)
Requirement already satisfied: nvidia-nccl-cu12==2.21.5 in /soft/AIDL/conda_envs/pytorch260/lib/python3.13/site-packages (from torch>=2.1.0->pytorch-lightning) (2.21.5)
Requirement already satisfied: nvidia-nvtx-cu12==12.6.77 in /soft/AIDL/conda_envs/pytorch260/lib/python3.13/site-packages (from torch>=2.1.0->pytorch-lightning) (12.6.77)
Requirement already satisfied: nvidia-nvjitlink-cu12==12.6.85 in /soft/AIDL/conda_envs/pytorch260/lib/python3.13/site-packages (from torch>=2.1.0->pytorch-lightning) (12.6.85)
Requirement already satisfied: triton==3.2.0 in /soft/AIDL/conda_envs/pytorch260/lib/python3.13/site-packages (from torch>=2.1.0->pytorch-lightning) (3.2.0)
Requirement already satisfied: mpmath<1.4,>=1.1.0 in /soft/AIDL/conda_envs/pytorch260/lib/python3.13/site-packages (from sympy==1.13.1->torch>=2.1.0->pytorch-lightning) (1.3.0)
Requirement already satisfied: aiohappyeyeballs>=2.3.0 in /soft/AIDL/conda_envs/pytorch260/lib/python3.13/site-packages (from aiohttp!=4.0.0a0,!=4.0.0a1->fsspec[http]>=2022.5.0->pytorch-lightning) (2.4.6)
Requirement already satisfied: aiosignal>=1.1.2 in /soft/AIDL/conda_envs/pytorch260/lib/python3.13/site-packages (from aiohttp!=4.0.0a0,!=4.0.0a1->fsspec[http]>=2022.5.0->pytorch-lightning) (1.3.2)
Requirement already satisfied: attrs>=17.3.0 in /soft/AIDL/conda_envs/pytorch260/lib/python3.13/site-packages (from aiohttp!=4.0.0a0,!=4.0.0a1->fsspec[http]>=2022.5.0->pytorch-lightning) (25.1.0)
Requirement already satisfied: frozenlist>=1.1.1 in /soft/AIDL/conda_envs/pytorch260/lib/python3.13/site-packages (from aiohttp!=4.0.0a0,!=4.0.0a1->fsspec[http]>=2022.5.0->pytorch-lightning) (1.5.0)
Requirement already satisfied: multidict<7.0,>=4.5 in /soft/AIDL/conda_envs/pytorch260/lib/python3.13/site-packages (from aiohttp!=4.0.0a0,!=4.0.0a1->fsspec[http]>=2022.5.0->pytorch-lightning) (6.1.0)
Requirement already satisfied: propcache>=0.2.0 in /soft/AIDL/conda_envs/pytorch260/lib/python3.13/site-packages (from aiohttp!=4.0.0a0,!=4.0.0a1->fsspec[http]>=2022.5.0->pytorch-lightning) (0.2.1)
Requirement already satisfied: yarl<2.0,>=1.17.0 in /soft/AIDL/conda_envs/pytorch260/lib/python3.13/site-packages (from aiohttp!=4.0.0a0,!=4.0.0a1->fsspec[http]>=2022.5.0->pytorch-lightning) (1.18.3)
Requirement already satisfied: MarkupSafe>=2.0 in /soft/AIDL/conda_envs/pytorch260/lib/python3.13/site-packages (from jinja2->torch>=2.1.0->pytorch-lightning) (3.0.2)
Requirement already satisfied: idna>=2.0 in /home/2500001/ftari001/.python3-3.13-torch260/site-packages/lib/python3.13/site-packages (from yarl<2.0,>=1.17.0->aiohttp!=4.0.0a0,!=4.0.0a1->fsspec[http]>=2022.5.0->pytorch-lightning) (2.10)
=== Task 10: model=resnet  N=25000  seed=1  (Mon Apr 13 12:20:39 PM CEST 2026) ===
┏━━━┳━━━━━━━━━━━┳━━━━━━━━━━━━━━━━━━━━┳━━━━━━━━┳━━━━━━━┳━━━━━━━┓
┃   ┃ Name      ┃ Type               ┃ Params ┃ Mode  ┃ FLOPs ┃
┡━━━╇━━━━━━━━━━━╇━━━━━━━━━━━━━━━━━━━━╇━━━━━━━━╇━━━━━━━╇━━━━━━━┩
│ 0 │ model     │ OptimizedModule    │  272 K │ train │     0 │
│ 1 │ criterion │ CrossEntropyLoss   │      0 │ train │     0 │
│ 2 │ train_acc │ MulticlassAccuracy │      0 │ train │     0 │
│ 3 │ val_acc   │ MulticlassAccuracy │      0 │ train │     0 │
└───┴───────────┴────────────────────┴────────┴───────┴───────┘
Trainable params: 272 K                                                         
Non-trainable params: 0                                                         
Total params: 272 K                                                             
Total estimated model params size (MB): 1                                       
Modules in train mode: 78                                                       
Modules in eval mode: 0                                                         
Total FLOPs: 0                                                                  
  Epoch 1/300 — ETA: 04:06:48
  Epoch 2/300 — ETA: 02:12:30
  Epoch 3/300 — ETA: 01:35:08
  Epoch 4/300 — ETA: 01:17:11
  Epoch 5/300 — ETA: 01:05:53
  Epoch 6/300 — ETA: 00:58:01
  Epoch 7/300 — ETA: 00:52:16
  Epoch 8/300 — ETA: 00:48:10
  Epoch 9/300 — ETA: 00:44:55
  Epoch 10/300 — ETA: 00:42:15
  Epoch 11/300 — ETA: 00:39:59
  Epoch 12/300 — ETA: 00:37:59
  Epoch 13/300 — ETA: 00:36:26
  Epoch 14/300 — ETA: 00:35:11
  Epoch 15/300 — ETA: 00:34:03
  Epoch 16/300 — ETA: 00:33:06
  Epoch 17/300 — ETA: 00:32:13
  Epoch 18/300 — ETA: 00:31:24
  Epoch 19/300 — ETA: 00:30:41
  Epoch 20/300 — ETA: 00:30:03
  Epoch 21/300 — ETA: 00:29:30
  Epoch 22/300 — ETA: 00:29:01
  Epoch 23/300 — ETA: 00:28:40
  Epoch 24/300 — ETA: 00:28:19
  Epoch 25/300 — ETA: 00:28:00
  Epoch 26/300 — ETA: 00:27:44
  Epoch 27/300 — ETA: 00:27:27
  Epoch 28/300 — ETA: 00:27:11
  Epoch 29/300 — ETA: 00:26:57
  Epoch 30/300 — ETA: 00:26:42
  Epoch 31/300 — ETA: 00:26:29
  Epoch 32/300 — ETA: 00:26:14
  Epoch 33/300 — ETA: 00:26:03
  Epoch 34/300 — ETA: 00:25:50
  Epoch 35/300 — ETA: 00:25:39
  Epoch 36/300 — ETA: 00:25:28
  Epoch 37/300 — ETA: 00:25:17
  Epoch 38/300 — ETA: 00:25:06
  Epoch 39/300 — ETA: 00:24:56
  Epoch 40/300 — ETA: 00:24:46
  Epoch 41/300 — ETA: 00:24:34
  Epoch 42/300 — ETA: 00:24:23
  Epoch 43/300 — ETA: 00:24:13
  Epoch 44/300 — ETA: 00:24:04
  Epoch 45/300 — ETA: 00:23:54
  Epoch 46/300 — ETA: 00:23:45
  Epoch 47/300 — ETA: 00:23:36
  Epoch 48/300 — ETA: 00:23:27
  Epoch 49/300 — ETA: 00:23:19
  Epoch 50/300 — ETA: 00:23:11
  Epoch 51/300 — ETA: 00:23:02
  Epoch 52/300 — ETA: 00:22:53
  Epoch 53/300 — ETA: 00:22:45
  Epoch 54/300 — ETA: 00:22:38
  Epoch 55/300 — ETA: 00:22:30
  Epoch 56/300 — ETA: 00:22:23
  Epoch 57/300 — ETA: 00:22:16
  Epoch 58/300 — ETA: 00:22:08
  Epoch 59/300 — ETA: 00:22:01
  Epoch 60/300 — ETA: 00:21:54
  Epoch 61/300 — ETA: 00:21:46
  Epoch 62/300 — ETA: 00:21:39
  Epoch 63/300 — ETA: 00:21:33
  Epoch 64/300 — ETA: 00:21:26
  Epoch 65/300 — ETA: 00:21:19
  Epoch 66/300 — ETA: 00:21:12
  Epoch 67/300 — ETA: 00:21:06
  Epoch 68/300 — ETA: 00:21:00
  Epoch 69/300 — ETA: 00:20:53
  Epoch 70/300 — ETA: 00:20:47
  Epoch 71/300 — ETA: 00:20:40
  Epoch 72/300 — ETA: 00:20:34
  Epoch 73/300 — ETA: 00:20:28
  Epoch 74/300 — ETA: 00:20:22
  Epoch 75/300 — ETA: 00:20:15
  Epoch 76/300 — ETA: 00:20:09
  Epoch 77/300 — ETA: 00:20:03
  Epoch 78/300 — ETA: 00:19:56
  Epoch 79/300 — ETA: 00:19:50
  Epoch 80/300 — ETA: 00:19:43
  Epoch 81/300 — ETA: 00:19:37
  Epoch 82/300 — ETA: 00:19:31
  Epoch 83/300 — ETA: 00:19:25
  Epoch 84/300 — ETA: 00:19:18
  Epoch 85/300 — ETA: 00:19:12
  Epoch 86/300 — ETA: 00:19:06
  Epoch 87/300 — ETA: 00:19:00
  Epoch 88/300 — ETA: 00:18:53
  Epoch 89/300 — ETA: 00:18:48
  Epoch 90/300 — ETA: 00:18:41
  Epoch 91/300 — ETA: 00:18:36
  Epoch 92/300 — ETA: 00:18:30
  Epoch 93/300 — ETA: 00:18:24
  Epoch 94/300 — ETA: 00:18:18
  Epoch 95/300 — ETA: 00:18:12
  Epoch 96/300 — ETA: 00:18:06
  Epoch 97/300 — ETA: 00:18:00
  Epoch 98/300 — ETA: 00:17:54
  Epoch 99/300 — ETA: 00:17:49
  Epoch 100/300 — ETA: 00:17:43
  Epoch 101/300 — ETA: 00:17:37
  Epoch 102/300 — ETA: 00:17:31
  Epoch 103/300 — ETA: 00:17:25
  Epoch 104/300 — ETA: 00:17:19
  Epoch 105/300 — ETA: 00:17:13
  Epoch 106/300 — ETA: 00:17:08
  Epoch 107/300 — ETA: 00:17:02
  Epoch 108/300 — ETA: 00:16:56
  Epoch 109/300 — ETA: 00:16:51
  Epoch 110/300 — ETA: 00:16:45
  Epoch 111/300 — ETA: 00:16:39
  Epoch 112/300 — ETA: 00:16:33
  Epoch 113/300 — ETA: 00:16:28
  Epoch 114/300 — ETA: 00:16:22
  Epoch 115/300 — ETA: 00:16:16
  Epoch 116/300 — ETA: 00:16:11
  Epoch 117/300 — ETA: 00:16:05
  Epoch 118/300 — ETA: 00:15:59
  Epoch 119/300 — ETA: 00:15:54
  Epoch 120/300 — ETA: 00:15:48
  Epoch 121/300 — ETA: 00:15:43
  Epoch 122/300 — ETA: 00:15:37
  Epoch 123/300 — ETA: 00:15:32
  Epoch 124/300 — ETA: 00:15:26
  Epoch 125/300 — ETA: 00:15:21
  Epoch 126/300 — ETA: 00:15:16
  Epoch 127/300 — ETA: 00:15:10
  Epoch 128/300 — ETA: 00:15:04
  Epoch 129/300 — ETA: 00:14:59
  Epoch 130/300 — ETA: 00:14:53
  Epoch 131/300 — ETA: 00:14:48
  Epoch 132/300 — ETA: 00:14:42
  Epoch 133/300 — ETA: 00:14:37
  Epoch 134/300 — ETA: 00:14:32
  Epoch 135/300 — ETA: 00:14:26
  Epoch 136/300 — ETA: 00:14:20
  Epoch 137/300 — ETA: 00:14:14
  Epoch 138/300 — ETA: 00:14:09
  Epoch 139/300 — ETA: 00:14:02
  Epoch 140/300 — ETA: 00:13:56
  Epoch 141/300 — ETA: 00:13:50
  Epoch 142/300 — ETA: 00:13:43
  Epoch 143/300 — ETA: 00:13:37
  Epoch 144/300 — ETA: 00:13:30
  Epoch 145/300 — ETA: 00:13:24
  Epoch 146/300 — ETA: 00:13:18
  Epoch 147/300 — ETA: 00:13:12
  Epoch 148/300 — ETA: 00:13:07
  Epoch 149/300 — ETA: 00:13:02
  Epoch 150/300 — ETA: 00:12:55
  Epoch 151/300 — ETA: 00:12:49
  Epoch 152/300 — ETA: 00:12:43
  Epoch 153/300 — ETA: 00:12:37
  Epoch 154/300 — ETA: 00:12:31
  Epoch 155/300 — ETA: 00:12:26
  Epoch 156/300 — ETA: 00:12:20
  Epoch 157/300 — ETA: 00:12:14
  Epoch 158/300 — ETA: 00:12:08
  Epoch 159/300 — ETA: 00:12:02
  Epoch 160/300 — ETA: 00:11:56
  Epoch 161/300 — ETA: 00:11:50
  Epoch 162/300 — ETA: 00:11:43
  Epoch 163/300 — ETA: 00:11:38
  Epoch 164/300 — ETA: 00:11:32
  Epoch 165/300 — ETA: 00:11:26
  Epoch 166/300 — ETA: 00:11:20
  Epoch 167/300 — ETA: 00:11:14
  Epoch 168/300 — ETA: 00:11:09
  Epoch 169/300 — ETA: 00:11:03
  Epoch 170/300 — ETA: 00:10:57
  Epoch 171/300 — ETA: 00:10:51
  Epoch 172/300 — ETA: 00:10:46
  Epoch 173/300 — ETA: 00:10:40
  Epoch 174/300 — ETA: 00:10:35
  Epoch 175/300 — ETA: 00:10:29
  Epoch 176/300 — ETA: 00:10:23
  Epoch 177/300 — ETA: 00:10:18
  Epoch 178/300 — ETA: 00:10:12
  Epoch 179/300 — ETA: 00:10:07
  Epoch 180/300 — ETA: 00:10:02
  Epoch 181/300 — ETA: 00:09:57
  Epoch 182/300 — ETA: 00:09:52
  Epoch 183/300 — ETA: 00:09:47
  Epoch 184/300 — ETA: 00:09:42
  Epoch 185/300 — ETA: 00:09:37
  Epoch 186/300 — ETA: 00:09:32
  Epoch 187/300 — ETA: 00:09:27
  Epoch 188/300 — ETA: 00:09:22
  Epoch 189/300 — ETA: 00:09:16
  Epoch 190/300 — ETA: 00:09:11
  Epoch 191/300 — ETA: 00:09:06
  Epoch 192/300 — ETA: 00:09:01
  Epoch 193/300 — ETA: 00:08:56
  Epoch 194/300 — ETA: 00:08:51
  Epoch 195/300 — ETA: 00:08:46
  Epoch 196/300 — ETA: 00:08:41
  Epoch 197/300 — ETA: 00:08:36
  Epoch 198/300 — ETA: 00:08:31
  Epoch 199/300 — ETA: 00:08:26
  Epoch 200/300 — ETA: 00:08:21
  Epoch 201/300 — ETA: 00:08:16
  Epoch 202/300 — ETA: 00:08:11
  Epoch 203/300 — ETA: 00:08:06
  Epoch 204/300 — ETA: 00:08:02
  Epoch 205/300 — ETA: 00:07:56
  Epoch 206/300 — ETA: 00:07:52
  Epoch 207/300 — ETA: 00:07:47
  Epoch 208/300 — ETA: 00:07:42
  Epoch 209/300 — ETA: 00:07:37
  Epoch 210/300 — ETA: 00:07:32
  Epoch 211/300 — ETA: 00:07:26
  Epoch 212/300 — ETA: 00:07:21
  Epoch 213/300 — ETA: 00:07:16
  Epoch 214/300 — ETA: 00:07:11
  Epoch 215/300 — ETA: 00:07:06
  Epoch 216/300 — ETA: 00:07:01
  Epoch 217/300 — ETA: 00:06:56
  Epoch 218/300 — ETA: 00:06:51
  Epoch 219/300 — ETA: 00:06:46
  Epoch 220/300 — ETA: 00:06:41
  Epoch 221/300 — ETA: 00:06:36
  Epoch 222/300 — ETA: 00:06:31
  Epoch 223/300 — ETA: 00:06:26
  Epoch 224/300 — ETA: 00:06:21
  Epoch 225/300 — ETA: 00:06:16
  Epoch 226/300 — ETA: 00:06:11
  Epoch 227/300 — ETA: 00:06:06
  Epoch 228/300 — ETA: 00:06:01
  Epoch 229/300 — ETA: 00:05:56
  Epoch 230/300 — ETA: 00:05:51
  Epoch 231/300 — ETA: 00:05:46
  Epoch 232/300 — ETA: 00:05:41
  Epoch 233/300 — ETA: 00:05:36
  Epoch 234/300 — ETA: 00:05:31
  Epoch 235/300 — ETA: 00:05:26
  Epoch 236/300 — ETA: 00:05:21
  Epoch 237/300 — ETA: 00:05:16
  Epoch 238/300 — ETA: 00:05:11
  Epoch 239/300 — ETA: 00:05:06
  Epoch 240/300 — ETA: 00:05:01
  Epoch 241/300 — ETA: 00:04:56
  Epoch 242/300 — ETA: 00:04:51
  Epoch 243/300 — ETA: 00:04:46
  Epoch 244/300 — ETA: 00:04:41
  Epoch 245/300 — ETA: 00:04:36
  Epoch 246/300 — ETA: 00:04:31
  Epoch 247/300 — ETA: 00:04:26
  Epoch 248/300 — ETA: 00:04:21
  Epoch 249/300 — ETA: 00:04:16
  Epoch 250/300 — ETA: 00:04:11
  Epoch 251/300 — ETA: 00:04:06
  Epoch 252/300 — ETA: 00:04:01
  Epoch 253/300 — ETA: 00:03:56
  Epoch 254/300 — ETA: 00:03:51
  Epoch 255/300 — ETA: 00:03:46
  Epoch 256/300 — ETA: 00:03:41
  Epoch 257/300 — ETA: 00:03:36
  Epoch 258/300 — ETA: 00:03:31
  Epoch 259/300 — ETA: 00:03:26
  Epoch 260/300 — ETA: 00:03:21
  Epoch 261/300 — ETA: 00:03:15
  Epoch 262/300 — ETA: 00:03:10
  Epoch 263/300 — ETA: 00:03:05
  Epoch 264/300 — ETA: 00:03:00
  Epoch 265/300 — ETA: 00:02:55
  Epoch 266/300 — ETA: 00:02:50
  Epoch 267/300 — ETA: 00:02:45
  Epoch 268/300 — ETA: 00:02:40
Epoch 267/299 ━━━━━━━━━━━━━━━ 196/196 0:00:03 •       61.76it/s v_num: 0.000    
                                      0:00:00                   val/loss: 1.001 
                                                                val/acc: 0.868  
                                                                train/loss:     
                                                                0.003 train/acc:
                                                                0.999           

########################################
   Comptabilité du calcul 1921664 
########################################
$ sacct --format='JobID,Partition,JobName,MaxRSS,MaxVMSize,NTasks,AllocCPUS,Start,End,Elapsed,AveCPU,MinCPU,NNodes,ExitCode,State' -j 1921664
JobID              Partition  JobName      MaxRSS   MaxVMSize  NTasks  AllocCPUS  Start                End                  Elapsed   AveCPU  MinCPU  NNodes  ExitCode  State      
-----              ---------  -------      -------  ---------  ------  ---------  -----                ---                  -------   ------  ------  ------  --------  -----      
1921196_10         ar_a100    cifar_scale                              8          2026-04-13T12:20:37  2026-04-13T12:43:23  00:22:46                  1       0:0       COMPLETED  
1921196_10.batch              batch                            1       8          2026-04-13T12:20:37  2026-04-13T12:43:23  00:22:46                  1       0:0       COMPLETED  
1921196_10.extern             extern                           1       8          2026-04-13T12:20:37  2026-04-13T12:43:23  00:22:46                  1       0:0       COMPLETED  

$ sacct --format='JobID,JobName,AllocCPUS,ReqTRES,AllocTRES,NNodes,NodeList,Elapsed,CPUTime' -j 1921664
JobID              JobName      AllocCPUS  ReqTRES                                                    AllocTRES                                                  NNodes  NodeList  Elapsed   CPUTime   
-----              -------      ---------  -------                                                    ---------                                                  ------  --------  -------   -------   
1921196_10         cifar_scale  8          billing=8,cpu=8,gres/gpu:a100=1,gres/gpu=1,mem=32G,node=1  billing=8,cpu=8,gres/gpu:a100=1,gres/gpu=1,mem=32G,node=1  1       c23gpu6   00:22:46  03:02:08  
1921196_10.batch   batch        8                                                                     cpu=8,gres/gpu:a100=1,gres/gpu=1,mem=32G,node=1            1       c23gpu6   00:22:46  03:02:08  
1921196_10.extern  extern       8                                                                     billing=8,cpu=8,gres/gpu:a100=1,gres/gpu=1,mem=32G,node=1  1       c23gpu6   00:22:46  03:02:08  

Pour plus d'informations sur la comptabilité du calcul, merci de consulter la documentation http://www-tech.criann.fr ou le manuel 'man sacct'
