Requirement already satisfied: pytorch-lightning in /home/2500001/ftari001/.python3-3.13-torch260/site-packages/lib/python3.13/site-packages (2.6.1)
Requirement already satisfied: torchmetrics in /home/2500001/ftari001/.python3-3.13-torch260/site-packages/lib/python3.13/site-packages (1.9.0)
Requirement already satisfied: fvcore in /home/2500001/ftari001/.python3-3.13-torch260/site-packages/lib/python3.13/site-packages (0.1.5.post20221221)
Requirement already satisfied: rich in /home/2500001/ftari001/.python3-3.13-torch260/site-packages/lib/python3.13/site-packages (15.0.0)
Requirement already satisfied: torch>=2.1.0 in /soft/AIDL/conda_envs/pytorch260/lib/python3.13/site-packages (from pytorch-lightning) (2.6.0+cu126)
Requirement already satisfied: tqdm>=4.57.0 in /soft/AIDL/conda_envs/pytorch260/lib/python3.13/site-packages (from pytorch-lightning) (4.67.1)
Requirement already satisfied: PyYAML>5.4 in /soft/AIDL/conda_envs/pytorch260/lib/python3.13/site-packages (from pytorch-lightning) (6.0.2)
Requirement already satisfied: fsspec>=2022.5.0 in /soft/AIDL/conda_envs/pytorch260/lib/python3.13/site-packages (from fsspec[http]>=2022.5.0->pytorch-lightning) (2024.12.0)
Requirement already satisfied: packaging>=23.0 in /soft/AIDL/conda_envs/pytorch260/lib/python3.13/site-packages (from pytorch-lightning) (24.2)
Requirement already satisfied: typing-extensions>4.5.0 in /home/2500001/ftari001/.python3-3.13-torch260/site-packages/lib/python3.13/site-packages (from pytorch-lightning) (4.15.0)
Requirement already satisfied: lightning-utilities>=0.10.0 in /home/2500001/ftari001/.python3-3.13-torch260/site-packages/lib/python3.13/site-packages (from pytorch-lightning) (0.15.3)
Requirement already satisfied: numpy>1.20.0 in /soft/AIDL/conda_envs/pytorch260/lib/python3.13/site-packages (from torchmetrics) (2.2.3)
Requirement already satisfied: yacs>=0.1.6 in /home/2500001/ftari001/.python3-3.13-torch260/site-packages/lib/python3.13/site-packages (from fvcore) (0.1.8)
Requirement already satisfied: termcolor>=1.1 in /home/2500001/ftari001/.python3-3.13-torch260/site-packages/lib/python3.13/site-packages (from fvcore) (3.3.0)
Requirement already satisfied: Pillow in /soft/AIDL/conda_envs/pytorch260/lib/python3.13/site-packages (from fvcore) (11.1.0)
Requirement already satisfied: tabulate in /home/2500001/ftari001/.python3-3.13-torch260/site-packages/lib/python3.13/site-packages (from fvcore) (0.10.0)
Requirement already satisfied: iopath>=0.1.7 in /home/2500001/ftari001/.python3-3.13-torch260/site-packages/lib/python3.13/site-packages (from fvcore) (0.1.10)
Requirement already satisfied: markdown-it-py>=2.2.0 in /home/2500001/ftari001/.python3-3.13-torch260/site-packages/lib/python3.13/site-packages (from rich) (4.0.0)
Requirement already satisfied: pygments<3.0.0,>=2.13.0 in /soft/AIDL/conda_envs/pytorch260/lib/python3.13/site-packages (from rich) (2.19.1)
Requirement already satisfied: aiohttp!=4.0.0a0,!=4.0.0a1 in /soft/AIDL/conda_envs/pytorch260/lib/python3.13/site-packages (from fsspec[http]>=2022.5.0->pytorch-lightning) (3.11.13)
Requirement already satisfied: portalocker in /home/2500001/ftari001/.python3-3.13-torch260/site-packages/lib/python3.13/site-packages (from iopath>=0.1.7->fvcore) (3.2.0)
Requirement already satisfied: mdurl~=0.1 in /home/2500001/ftari001/.python3-3.13-torch260/site-packages/lib/python3.13/site-packages (from markdown-it-py>=2.2.0->rich) (0.1.2)
Requirement already satisfied: filelock in /soft/AIDL/conda_envs/pytorch260/lib/python3.13/site-packages (from torch>=2.1.0->pytorch-lightning) (3.17.0)
Requirement already satisfied: setuptools in /soft/AIDL/conda_envs/pytorch260/lib/python3.13/site-packages (from torch>=2.1.0->pytorch-lightning) (75.8.0)
Requirement already satisfied: sympy==1.13.1 in /soft/AIDL/conda_envs/pytorch260/lib/python3.13/site-packages (from torch>=2.1.0->pytorch-lightning) (1.13.1)
Requirement already satisfied: networkx in /soft/AIDL/conda_envs/pytorch260/lib/python3.13/site-packages (from torch>=2.1.0->pytorch-lightning) (3.4.2)
Requirement already satisfied: jinja2 in /soft/AIDL/conda_envs/pytorch260/lib/python3.13/site-packages (from torch>=2.1.0->pytorch-lightning) (3.1.5)
Requirement already satisfied: nvidia-cuda-nvrtc-cu12==12.6.77 in /soft/AIDL/conda_envs/pytorch260/lib/python3.13/site-packages (from torch>=2.1.0->pytorch-lightning) (12.6.77)
Requirement already satisfied: nvidia-cuda-runtime-cu12==12.6.77 in /soft/AIDL/conda_envs/pytorch260/lib/python3.13/site-packages (from torch>=2.1.0->pytorch-lightning) (12.6.77)
Requirement already satisfied: nvidia-cuda-cupti-cu12==12.6.80 in /soft/AIDL/conda_envs/pytorch260/lib/python3.13/site-packages (from torch>=2.1.0->pytorch-lightning) (12.6.80)
Requirement already satisfied: nvidia-cudnn-cu12==9.5.1.17 in /soft/AIDL/conda_envs/pytorch260/lib/python3.13/site-packages (from torch>=2.1.0->pytorch-lightning) (9.5.1.17)
Requirement already satisfied: nvidia-cublas-cu12==12.6.4.1 in /soft/AIDL/conda_envs/pytorch260/lib/python3.13/site-packages (from torch>=2.1.0->pytorch-lightning) (12.6.4.1)
Requirement already satisfied: nvidia-cufft-cu12==11.3.0.4 in /soft/AIDL/conda_envs/pytorch260/lib/python3.13/site-packages (from torch>=2.1.0->pytorch-lightning) (11.3.0.4)
Requirement already satisfied: nvidia-curand-cu12==10.3.7.77 in /soft/AIDL/conda_envs/pytorch260/lib/python3.13/site-packages (from torch>=2.1.0->pytorch-lightning) (10.3.7.77)
Requirement already satisfied: nvidia-cusolver-cu12==11.7.1.2 in /soft/AIDL/conda_envs/pytorch260/lib/python3.13/site-packages (from torch>=2.1.0->pytorch-lightning) (11.7.1.2)
Requirement already satisfied: nvidia-cusparse-cu12==12.5.4.2 in /soft/AIDL/conda_envs/pytorch260/lib/python3.13/site-packages (from torch>=2.1.0->pytorch-lightning) (12.5.4.2)
Requirement already satisfied: nvidia-cusparselt-cu12==0.6.3 in /soft/AIDL/conda_envs/pytorch260/lib/python3.13/site-packages (from torch>=2.1.0->pytorch-lightning) (0.6.3)
Requirement already satisfied: nvidia-nccl-cu12==2.21.5 in /soft/AIDL/conda_envs/pytorch260/lib/python3.13/site-packages (from torch>=2.1.0->pytorch-lightning) (2.21.5)
Requirement already satisfied: nvidia-nvtx-cu12==12.6.77 in /soft/AIDL/conda_envs/pytorch260/lib/python3.13/site-packages (from torch>=2.1.0->pytorch-lightning) (12.6.77)
Requirement already satisfied: nvidia-nvjitlink-cu12==12.6.85 in /soft/AIDL/conda_envs/pytorch260/lib/python3.13/site-packages (from torch>=2.1.0->pytorch-lightning) (12.6.85)
Requirement already satisfied: triton==3.2.0 in /soft/AIDL/conda_envs/pytorch260/lib/python3.13/site-packages (from torch>=2.1.0->pytorch-lightning) (3.2.0)
Requirement already satisfied: mpmath<1.4,>=1.1.0 in /soft/AIDL/conda_envs/pytorch260/lib/python3.13/site-packages (from sympy==1.13.1->torch>=2.1.0->pytorch-lightning) (1.3.0)
Requirement already satisfied: aiohappyeyeballs>=2.3.0 in /soft/AIDL/conda_envs/pytorch260/lib/python3.13/site-packages (from aiohttp!=4.0.0a0,!=4.0.0a1->fsspec[http]>=2022.5.0->pytorch-lightning) (2.4.6)
Requirement already satisfied: aiosignal>=1.1.2 in /soft/AIDL/conda_envs/pytorch260/lib/python3.13/site-packages (from aiohttp!=4.0.0a0,!=4.0.0a1->fsspec[http]>=2022.5.0->pytorch-lightning) (1.3.2)
Requirement already satisfied: attrs>=17.3.0 in /soft/AIDL/conda_envs/pytorch260/lib/python3.13/site-packages (from aiohttp!=4.0.0a0,!=4.0.0a1->fsspec[http]>=2022.5.0->pytorch-lightning) (25.1.0)
Requirement already satisfied: frozenlist>=1.1.1 in /soft/AIDL/conda_envs/pytorch260/lib/python3.13/site-packages (from aiohttp!=4.0.0a0,!=4.0.0a1->fsspec[http]>=2022.5.0->pytorch-lightning) (1.5.0)
Requirement already satisfied: multidict<7.0,>=4.5 in /soft/AIDL/conda_envs/pytorch260/lib/python3.13/site-packages (from aiohttp!=4.0.0a0,!=4.0.0a1->fsspec[http]>=2022.5.0->pytorch-lightning) (6.1.0)
Requirement already satisfied: propcache>=0.2.0 in /soft/AIDL/conda_envs/pytorch260/lib/python3.13/site-packages (from aiohttp!=4.0.0a0,!=4.0.0a1->fsspec[http]>=2022.5.0->pytorch-lightning) (0.2.1)
Requirement already satisfied: yarl<2.0,>=1.17.0 in /soft/AIDL/conda_envs/pytorch260/lib/python3.13/site-packages (from aiohttp!=4.0.0a0,!=4.0.0a1->fsspec[http]>=2022.5.0->pytorch-lightning) (1.18.3)
Requirement already satisfied: MarkupSafe>=2.0 in /soft/AIDL/conda_envs/pytorch260/lib/python3.13/site-packages (from jinja2->torch>=2.1.0->pytorch-lightning) (3.0.2)
Requirement already satisfied: idna>=2.0 in /home/2500001/ftari001/.python3-3.13-torch260/site-packages/lib/python3.13/site-packages (from yarl<2.0,>=1.17.0->aiohttp!=4.0.0a0,!=4.0.0a1->fsspec[http]>=2022.5.0->pytorch-lightning) (2.10)
=== Task 37: model=hybrid  N=10000  seed=1  (Mon Apr 13 08:06:25 PM CEST 2026) ===
в”Ҹв”Ғв”Ғв”Ғв”ів”Ғв”Ғв”Ғв”Ғв”Ғв”Ғв”Ғв”Ғв”Ғв”Ғв”Ғв”ів”Ғв”Ғв”Ғв”Ғв”Ғв”Ғв”Ғв”Ғв”Ғв”Ғв”Ғв”Ғв”Ғв”Ғв”Ғв”Ғв”Ғв”Ғв”Ғв”Ғв”ів”Ғв”Ғв”Ғв”Ғв”Ғв”Ғв”Ғв”Ғв”ів”Ғв”Ғв”Ғв”Ғв”Ғв”Ғв”Ғв”ів”Ғв”Ғв”Ғв”Ғв”Ғв”Ғв”Ғв”“
в”ғ   в”ғ Name      в”ғ Type               в”ғ Params в”ғ Mode  в”ғ FLOPs в”ғ
в”Ўв”Ғв”Ғв”Ғв•Үв”Ғв”Ғв”Ғв”Ғв”Ғв”Ғв”Ғв”Ғв”Ғв”Ғв”Ғв•Үв”Ғв”Ғв”Ғв”Ғв”Ғв”Ғв”Ғв”Ғв”Ғв”Ғв”Ғв”Ғв”Ғв”Ғв”Ғв”Ғв”Ғв”Ғв”Ғв”Ғв•Үв”Ғв”Ғв”Ғв”Ғв”Ғв”Ғв”Ғв”Ғв•Үв”Ғв”Ғв”Ғв”Ғв”Ғв”Ғв”Ғв•Үв”Ғв”Ғв”Ғв”Ғв”Ғв”Ғв”Ғв”©
в”Ӯ 0 в”Ӯ model     в”Ӯ OptimizedModule    в”Ӯ  1.2 M в”Ӯ train в”Ӯ     0 в”Ӯ
в”Ӯ 1 в”Ӯ criterion в”Ӯ CrossEntropyLoss   в”Ӯ      0 в”Ӯ train в”Ӯ     0 в”Ӯ
в”Ӯ 2 в”Ӯ train_acc в”Ӯ MulticlassAccuracy в”Ӯ      0 в”Ӯ train в”Ӯ     0 в”Ӯ
в”Ӯ 3 в”Ӯ val_acc   в”Ӯ MulticlassAccuracy в”Ӯ      0 в”Ӯ train в”Ӯ     0 в”Ӯ
в””в”Җв”Җв”Җв”ҙв”Җв”Җв”Җв”Җв”Җв”Җв”Җв”Җв”Җв”Җв”Җв”ҙв”Җв”Җв”Җв”Җв”Җв”Җв”Җв”Җв”Җв”Җв”Җв”Җв”Җв”Җв”Җв”Җв”Җв”Җв”Җв”Җв”ҙв”Җв”Җв”Җв”Җв”Җв”Җв”Җв”Җв”ҙв”Җв”Җв”Җв”Җв”Җв”Җв”Җв”ҙв”Җв”Җв”Җв”Җв”Җв”Җв”Җв”ҳ
Trainable params: 1.2 M                                                         
Non-trainable params: 0                                                         
Total params: 1.2 M                                                             
Total estimated model params size (MB): 4                                       
Modules in train mode: 128                                                      
Modules in eval mode: 0                                                         
Total FLOPs: 0                                                                  
  Epoch 1/300 вҖ” ETA: 11:50:18
  Epoch 2/300 вҖ” ETA: 05:59:18
  Epoch 3/300 вҖ” ETA: 04:03:07
  Epoch 4/300 вҖ” ETA: 03:05:06
  Epoch 5/300 вҖ” ETA: 02:30:24
  Epoch 6/300 вҖ” ETA: 02:07:27
  Epoch 7/300 вҖ” ETA: 01:50:43
  Epoch 8/300 вҖ” ETA: 01:38:18
  Epoch 9/300 вҖ” ETA: 01:28:43
  Epoch 10/300 вҖ” ETA: 01:20:34
  Epoch 11/300 вҖ” ETA: 01:13:59
  Epoch 12/300 вҖ” ETA: 01:08:42
  Epoch 13/300 вҖ” ETA: 01:04:06
  Epoch 14/300 вҖ” ETA: 01:00:15
  Epoch 15/300 вҖ” ETA: 00:56:51
  Epoch 16/300 вҖ” ETA: 00:53:55
  Epoch 17/300 вҖ” ETA: 00:51:17
  Epoch 18/300 вҖ” ETA: 00:48:54
  Epoch 19/300 вҖ” ETA: 00:46:52
  Epoch 20/300 вҖ” ETA: 00:45:00
  Epoch 21/300 вҖ” ETA: 00:43:17
  Epoch 22/300 вҖ” ETA: 00:41:40
  Epoch 23/300 вҖ” ETA: 00:40:15
  Epoch 24/300 вҖ” ETA: 00:38:53
  Epoch 25/300 вҖ” ETA: 00:37:38
  Epoch 26/300 вҖ” ETA: 00:36:30
  Epoch 27/300 вҖ” ETA: 00:35:27
  Epoch 28/300 вҖ” ETA: 00:34:30
  Epoch 29/300 вҖ” ETA: 00:33:33
  Epoch 30/300 вҖ” ETA: 00:32:42
  Epoch 31/300 вҖ” ETA: 00:31:57
  Epoch 32/300 вҖ” ETA: 00:31:14
  Epoch 33/300 вҖ” ETA: 00:30:32
  Epoch 34/300 вҖ” ETA: 00:29:52
  Epoch 35/300 вҖ” ETA: 00:29:14
  Epoch 36/300 вҖ” ETA: 00:28:40
  Epoch 37/300 вҖ” ETA: 00:28:05
  Epoch 38/300 вҖ” ETA: 00:27:29
  Epoch 39/300 вҖ” ETA: 00:26:59
  Epoch 40/300 вҖ” ETA: 00:26:30
  Epoch 41/300 вҖ” ETA: 00:26:03
  Epoch 42/300 вҖ” ETA: 00:25:34
  Epoch 43/300 вҖ” ETA: 00:25:07
  Epoch 44/300 вҖ” ETA: 00:24:42
  Epoch 45/300 вҖ” ETA: 00:24:17
  Epoch 46/300 вҖ” ETA: 00:23:54
  Epoch 47/300 вҖ” ETA: 00:23:31
  Epoch 48/300 вҖ” ETA: 00:23:08
  Epoch 49/300 вҖ” ETA: 00:22:48
  Epoch 50/300 вҖ” ETA: 00:22:27
  Epoch 51/300 вҖ” ETA: 00:22:06
  Epoch 52/300 вҖ” ETA: 00:21:49
  Epoch 53/300 вҖ” ETA: 00:21:31
  Epoch 54/300 вҖ” ETA: 00:21:13
  Epoch 55/300 вҖ” ETA: 00:20:56
  Epoch 56/300 вҖ” ETA: 00:20:40
  Epoch 57/300 вҖ” ETA: 00:20:25
  Epoch 58/300 вҖ” ETA: 00:20:09
  Epoch 59/300 вҖ” ETA: 00:19:55
  Epoch 60/300 вҖ” ETA: 00:19:40
  Epoch 61/300 вҖ” ETA: 00:19:26
  Epoch 62/300 вҖ” ETA: 00:19:13
  Epoch 63/300 вҖ” ETA: 00:18:58
  Epoch 64/300 вҖ” ETA: 00:18:45
  Epoch 65/300 вҖ” ETA: 00:18:32
  Epoch 66/300 вҖ” ETA: 00:18:19
  Epoch 67/300 вҖ” ETA: 00:18:07
  Epoch 68/300 вҖ” ETA: 00:17:55
  Epoch 69/300 вҖ” ETA: 00:17:44
  Epoch 70/300 вҖ” ETA: 00:17:33
  Epoch 71/300 вҖ” ETA: 00:17:21
  Epoch 72/300 вҖ” ETA: 00:17:10
  Epoch 73/300 вҖ” ETA: 00:16:59
  Epoch 74/300 вҖ” ETA: 00:16:48
  Epoch 75/300 вҖ” ETA: 00:16:38
  Epoch 76/300 вҖ” ETA: 00:16:26
  Epoch 77/300 вҖ” ETA: 00:16:16
  Epoch 78/300 вҖ” ETA: 00:16:07
  Epoch 79/300 вҖ” ETA: 00:15:57
  Epoch 80/300 вҖ” ETA: 00:15:47
  Epoch 81/300 вҖ” ETA: 00:15:38
  Epoch 82/300 вҖ” ETA: 00:15:27
  Epoch 83/300 вҖ” ETA: 00:15:18
  Epoch 84/300 вҖ” ETA: 00:15:09
  Epoch 85/300 вҖ” ETA: 00:15:01
  Epoch 86/300 вҖ” ETA: 00:14:52
  Epoch 87/300 вҖ” ETA: 00:14:43
  Epoch 88/300 вҖ” ETA: 00:14:35
  Epoch 89/300 вҖ” ETA: 00:14:27
  Epoch 90/300 вҖ” ETA: 00:14:19
  Epoch 91/300 вҖ” ETA: 00:14:12
  Epoch 92/300 вҖ” ETA: 00:14:04
  Epoch 93/300 вҖ” ETA: 00:13:56
  Epoch 94/300 вҖ” ETA: 00:13:49
  Epoch 95/300 вҖ” ETA: 00:13:42
  Epoch 96/300 вҖ” ETA: 00:13:35
  Epoch 97/300 вҖ” ETA: 00:13:28
  Epoch 98/300 вҖ” ETA: 00:13:21
  Epoch 99/300 вҖ” ETA: 00:13:13
  Epoch 100/300 вҖ” ETA: 00:13:06
  Epoch 101/300 вҖ” ETA: 00:12:59
  Epoch 102/300 вҖ” ETA: 00:12:51
  Epoch 103/300 вҖ” ETA: 00:12:44
  Epoch 104/300 вҖ” ETA: 00:12:37
  Epoch 105/300 вҖ” ETA: 00:12:30
  Epoch 106/300 вҖ” ETA: 00:12:24
  Epoch 107/300 вҖ” ETA: 00:12:18
  Epoch 108/300 вҖ” ETA: 00:12:13
  Epoch 109/300 вҖ” ETA: 00:12:07
  Epoch 110/300 вҖ” ETA: 00:12:01
  Epoch 111/300 вҖ” ETA: 00:11:55
  Epoch 112/300 вҖ” ETA: 00:11:49
  Epoch 113/300 вҖ” ETA: 00:11:42
  Epoch 114/300 вҖ” ETA: 00:11:36
  Epoch 115/300 вҖ” ETA: 00:11:30
  Epoch 116/300 вҖ” ETA: 00:11:24
  Epoch 117/300 вҖ” ETA: 00:11:18
  Epoch 118/300 вҖ” ETA: 00:11:13
  Epoch 119/300 вҖ” ETA: 00:11:08
  Epoch 120/300 вҖ” ETA: 00:11:02
  Epoch 121/300 вҖ” ETA: 00:10:57
  Epoch 122/300 вҖ” ETA: 00:10:52
  Epoch 123/300 вҖ” ETA: 00:10:46
  Epoch 124/300 вҖ” ETA: 00:10:41
  Epoch 125/300 вҖ” ETA: 00:10:36
  Epoch 126/300 вҖ” ETA: 00:10:30
  Epoch 127/300 вҖ” ETA: 00:10:25
  Epoch 128/300 вҖ” ETA: 00:10:19
  Epoch 129/300 вҖ” ETA: 00:10:14
  Epoch 130/300 вҖ” ETA: 00:10:09
  Epoch 131/300 вҖ” ETA: 00:10:04
  Epoch 132/300 вҖ” ETA: 00:09:59
  Epoch 133/300 вҖ” ETA: 00:09:53
  Epoch 134/300 вҖ” ETA: 00:09:48
  Epoch 135/300 вҖ” ETA: 00:09:43
  Epoch 136/300 вҖ” ETA: 00:09:38
  Epoch 137/300 вҖ” ETA: 00:09:33
  Epoch 138/300 вҖ” ETA: 00:09:29
  Epoch 139/300 вҖ” ETA: 00:09:24
  Epoch 140/300 вҖ” ETA: 00:09:20
  Epoch 141/300 вҖ” ETA: 00:09:15
  Epoch 142/300 вҖ” ETA: 00:09:11
  Epoch 143/300 вҖ” ETA: 00:09:06
  Epoch 144/300 вҖ” ETA: 00:09:02
  Epoch 145/300 вҖ” ETA: 00:08:58
  Epoch 146/300 вҖ” ETA: 00:08:53
  Epoch 147/300 вҖ” ETA: 00:08:48
  Epoch 148/300 вҖ” ETA: 00:08:44
  Epoch 149/300 вҖ” ETA: 00:08:39
  Epoch 150/300 вҖ” ETA: 00:08:35
  Epoch 151/300 вҖ” ETA: 00:08:30
  Epoch 152/300 вҖ” ETA: 00:08:26
  Epoch 153/300 вҖ” ETA: 00:08:22
  Epoch 154/300 вҖ” ETA: 00:08:17
  Epoch 155/300 вҖ” ETA: 00:08:13
  Epoch 156/300 вҖ” ETA: 00:08:09
  Epoch 157/300 вҖ” ETA: 00:08:05
  Epoch 158/300 вҖ” ETA: 00:08:01
  Epoch 159/300 вҖ” ETA: 00:07:57
  Epoch 160/300 вҖ” ETA: 00:07:53
  Epoch 161/300 вҖ” ETA: 00:07:49
  Epoch 162/300 вҖ” ETA: 00:07:45
  Epoch 163/300 вҖ” ETA: 00:07:41
  Epoch 164/300 вҖ” ETA: 00:07:37
  Epoch 165/300 вҖ” ETA: 00:07:33
  Epoch 166/300 вҖ” ETA: 00:07:29
  Epoch 167/300 вҖ” ETA: 00:07:25
  Epoch 168/300 вҖ” ETA: 00:07:20
  Epoch 169/300 вҖ” ETA: 00:07:16
  Epoch 170/300 вҖ” ETA: 00:07:12
  Epoch 171/300 вҖ” ETA: 00:07:08
  Epoch 172/300 вҖ” ETA: 00:07:04
  Epoch 173/300 вҖ” ETA: 00:07:00
  Epoch 174/300 вҖ” ETA: 00:06:56
  Epoch 175/300 вҖ” ETA: 00:06:52
  Epoch 176/300 вҖ” ETA: 00:06:48
  Epoch 177/300 вҖ” ETA: 00:06:44
  Epoch 178/300 вҖ” ETA: 00:06:40
  Epoch 179/300 вҖ” ETA: 00:06:36
  Epoch 180/300 вҖ” ETA: 00:06:32
  Epoch 181/300 вҖ” ETA: 00:06:28
  Epoch 182/300 вҖ” ETA: 00:06:24
  Epoch 183/300 вҖ” ETA: 00:06:21
  Epoch 184/300 вҖ” ETA: 00:06:17
  Epoch 185/300 вҖ” ETA: 00:06:13
  Epoch 186/300 вҖ” ETA: 00:06:09
  Epoch 187/300 вҖ” ETA: 00:06:06
  Epoch 188/300 вҖ” ETA: 00:06:02
  Epoch 189/300 вҖ” ETA: 00:05:58
  Epoch 190/300 вҖ” ETA: 00:05:54
  Epoch 191/300 вҖ” ETA: 00:05:50
  Epoch 192/300 вҖ” ETA: 00:05:47
  Epoch 193/300 вҖ” ETA: 00:05:43
  Epoch 194/300 вҖ” ETA: 00:05:39
  Epoch 195/300 вҖ” ETA: 00:05:36
  Epoch 196/300 вҖ” ETA: 00:05:32
  Epoch 197/300 вҖ” ETA: 00:05:29
  Epoch 198/300 вҖ” ETA: 00:05:25
  Epoch 199/300 вҖ” ETA: 00:05:21
  Epoch 200/300 вҖ” ETA: 00:05:18
  Epoch 201/300 вҖ” ETA: 00:05:14
  Epoch 202/300 вҖ” ETA: 00:05:11
  Epoch 203/300 вҖ” ETA: 00:05:07
  Epoch 204/300 вҖ” ETA: 00:05:04
  Epoch 205/300 вҖ” ETA: 00:05:00
  Epoch 206/300 вҖ” ETA: 00:04:57
  Epoch 207/300 вҖ” ETA: 00:04:53
  Epoch 208/300 вҖ” ETA: 00:04:50
  Epoch 209/300 вҖ” ETA: 00:04:46
  Epoch 210/300 вҖ” ETA: 00:04:43
  Epoch 211/300 вҖ” ETA: 00:04:39
  Epoch 212/300 вҖ” ETA: 00:04:35
  Epoch 213/300 вҖ” ETA: 00:04:32
  Epoch 214/300 вҖ” ETA: 00:04:28
  Epoch 215/300 вҖ” ETA: 00:04:25
  Epoch 216/300 вҖ” ETA: 00:04:22
  Epoch 217/300 вҖ” ETA: 00:04:18
  Epoch 218/300 вҖ” ETA: 00:04:15
  Epoch 219/300 вҖ” ETA: 00:04:11
  Epoch 220/300 вҖ” ETA: 00:04:08
  Epoch 221/300 вҖ” ETA: 00:04:05
  Epoch 222/300 вҖ” ETA: 00:04:01
  Epoch 223/300 вҖ” ETA: 00:03:58
  Epoch 224/300 вҖ” ETA: 00:03:54
  Epoch 225/300 вҖ” ETA: 00:03:51
  Epoch 226/300 вҖ” ETA: 00:03:48
  Epoch 227/300 вҖ” ETA: 00:03:44
  Epoch 228/300 вҖ” ETA: 00:03:41
  Epoch 229/300 вҖ” ETA: 00:03:38
  Epoch 230/300 вҖ” ETA: 00:03:34
  Epoch 231/300 вҖ” ETA: 00:03:31
  Epoch 232/300 вҖ” ETA: 00:03:28
  Epoch 233/300 вҖ” ETA: 00:03:25
  Epoch 234/300 вҖ” ETA: 00:03:21
  Epoch 235/300 вҖ” ETA: 00:03:18
  Epoch 236/300 вҖ” ETA: 00:03:15
  Epoch 237/300 вҖ” ETA: 00:03:12
  Epoch 238/300 вҖ” ETA: 00:03:08
  Epoch 239/300 вҖ” ETA: 00:03:05
  Epoch 240/300 вҖ” ETA: 00:03:02
  Epoch 241/300 вҖ” ETA: 00:02:59
  Epoch 242/300 вҖ” ETA: 00:02:56
  Epoch 243/300 вҖ” ETA: 00:02:53
  Epoch 244/300 вҖ” ETA: 00:02:50
  Epoch 245/300 вҖ” ETA: 00:02:46
  Epoch 246/300 вҖ” ETA: 00:02:43
  Epoch 247/300 вҖ” ETA: 00:02:40
  Epoch 248/300 вҖ” ETA: 00:02:37
  Epoch 249/300 вҖ” ETA: 00:02:34
  Epoch 250/300 вҖ” ETA: 00:02:31
  Epoch 251/300 вҖ” ETA: 00:02:27
  Epoch 252/300 вҖ” ETA: 00:02:24
  Epoch 253/300 вҖ” ETA: 00:02:21
  Epoch 254/300 вҖ” ETA: 00:02:18
  Epoch 255/300 вҖ” ETA: 00:02:15
  Epoch 256/300 вҖ” ETA: 00:02:12
  Epoch 257/300 вҖ” ETA: 00:02:09
  Epoch 258/300 вҖ” ETA: 00:02:06
  Epoch 259/300 вҖ” ETA: 00:02:02
  Epoch 260/300 вҖ” ETA: 00:01:59
  Epoch 261/300 вҖ” ETA: 00:01:56
  Epoch 262/300 вҖ” ETA: 00:01:53
  Epoch 263/300 вҖ” ETA: 00:01:50
  Epoch 264/300 вҖ” ETA: 00:01:47
  Epoch 265/300 вҖ” ETA: 00:01:44
  Epoch 266/300 вҖ” ETA: 00:01:41
  Epoch 267/300 вҖ” ETA: 00:01:38
  Epoch 268/300 вҖ” ETA: 00:01:35
  Epoch 269/300 вҖ” ETA: 00:01:32
  Epoch 270/300 вҖ” ETA: 00:01:29
  Epoch 271/300 вҖ” ETA: 00:01:26
  Epoch 272/300 вҖ” ETA: 00:01:23
  Epoch 273/300 вҖ” ETA: 00:01:20
  Epoch 274/300 вҖ” ETA: 00:01:17
  Epoch 275/300 вҖ” ETA: 00:01:14
Epoch 274/299 в”Ғв”Ғв”Ғв”Ғв”Ғв”Ғв”Ғв”Ғв”Ғв”Ғв”Ғв”Ғв”Ғв”Ғв”Ғв”Ғ 79/79 0:00:01 вҖў       56.76it/s v_num: 0.000     
                                     0:00:00                   val/loss: 1.523  
                                                               val/acc: 0.802   
                                                               train/loss: 0.001
                                                               train/acc: 1.000 

########################################
   ComptabilitГ© du calcul 1923930 
########################################
$ sacct --format='JobID,Partition,JobName,MaxRSS,MaxVMSize,NTasks,AllocCPUS,Start,End,Elapsed,AveCPU,MinCPU,NNodes,ExitCode,State' -j 1923930
JobID              Partition  JobName      MaxRSS   MaxVMSize  NTasks  AllocCPUS  Start                End                  Elapsed   AveCPU  MinCPU  NNodes  ExitCode  State      
-----              ---------  -------      -------  ---------  ------  ---------  -----                ---                  -------   ------  ------  ------  --------  -----      
1921196_37         ar_a100    cifar_scale                              8          2026-04-13T20:06:23  2026-04-13T20:20:38  00:14:15                  1       0:0       COMPLETED  
1921196_37.batch              batch                            1       8          2026-04-13T20:06:23  2026-04-13T20:20:38  00:14:15                  1       0:0       COMPLETED  
1921196_37.extern             extern                           1       8          2026-04-13T20:06:23  2026-04-13T20:20:38  00:14:15                  1       0:0       COMPLETED  

$ sacct --format='JobID,JobName,AllocCPUS,ReqTRES,AllocTRES,NNodes,NodeList,Elapsed,CPUTime' -j 1923930
JobID              JobName      AllocCPUS  ReqTRES                                                    AllocTRES                                                  NNodes  NodeList  Elapsed   CPUTime   
-----              -------      ---------  -------                                                    ---------                                                  ------  --------  -------   -------   
1921196_37         cifar_scale  8          billing=8,cpu=8,gres/gpu:a100=1,gres/gpu=1,mem=32G,node=1  billing=8,cpu=8,gres/gpu:a100=1,gres/gpu=1,mem=32G,node=1  1       c23gpu1   00:14:15  01:54:00  
1921196_37.batch   batch        8                                                                     cpu=8,gres/gpu:a100=1,gres/gpu=1,mem=32G,node=1            1       c23gpu1   00:14:15  01:54:00  
1921196_37.extern  extern       8                                                                     billing=8,cpu=8,gres/gpu:a100=1,gres/gpu=1,mem=32G,node=1  1       c23gpu1   00:14:15  01:54:00  

Pour plus d'informations sur la comptabilitГ© du calcul, merci de consulter la documentation http://www-tech.criann.fr ou le manuel 'man sacct'
