Requirement already satisfied: pytorch-lightning in /home/2500001/ftari001/.python3-3.13-torch260/site-packages/lib/python3.13/site-packages (2.6.1)
Requirement already satisfied: torchmetrics in /home/2500001/ftari001/.python3-3.13-torch260/site-packages/lib/python3.13/site-packages (1.9.0)
Requirement already satisfied: fvcore in /home/2500001/ftari001/.python3-3.13-torch260/site-packages/lib/python3.13/site-packages (0.1.5.post20221221)
Requirement already satisfied: rich in /home/2500001/ftari001/.python3-3.13-torch260/site-packages/lib/python3.13/site-packages (15.0.0)
Requirement already satisfied: torch>=2.1.0 in /soft/AIDL/conda_envs/pytorch260/lib/python3.13/site-packages (from pytorch-lightning) (2.6.0+cu126)
Requirement already satisfied: tqdm>=4.57.0 in /soft/AIDL/conda_envs/pytorch260/lib/python3.13/site-packages (from pytorch-lightning) (4.67.1)
Requirement already satisfied: PyYAML>5.4 in /soft/AIDL/conda_envs/pytorch260/lib/python3.13/site-packages (from pytorch-lightning) (6.0.2)
Requirement already satisfied: fsspec>=2022.5.0 in /soft/AIDL/conda_envs/pytorch260/lib/python3.13/site-packages (from fsspec[http]>=2022.5.0->pytorch-lightning) (2024.12.0)
Requirement already satisfied: packaging>=23.0 in /soft/AIDL/conda_envs/pytorch260/lib/python3.13/site-packages (from pytorch-lightning) (24.2)
Requirement already satisfied: typing-extensions>4.5.0 in /home/2500001/ftari001/.python3-3.13-torch260/site-packages/lib/python3.13/site-packages (from pytorch-lightning) (4.15.0)
Requirement already satisfied: lightning-utilities>=0.10.0 in /home/2500001/ftari001/.python3-3.13-torch260/site-packages/lib/python3.13/site-packages (from pytorch-lightning) (0.15.3)
Requirement already satisfied: numpy>1.20.0 in /soft/AIDL/conda_envs/pytorch260/lib/python3.13/site-packages (from torchmetrics) (2.2.3)
Requirement already satisfied: yacs>=0.1.6 in /home/2500001/ftari001/.python3-3.13-torch260/site-packages/lib/python3.13/site-packages (from fvcore) (0.1.8)
Requirement already satisfied: termcolor>=1.1 in /home/2500001/ftari001/.python3-3.13-torch260/site-packages/lib/python3.13/site-packages (from fvcore) (3.3.0)
Requirement already satisfied: Pillow in /soft/AIDL/conda_envs/pytorch260/lib/python3.13/site-packages (from fvcore) (11.1.0)
Requirement already satisfied: tabulate in /home/2500001/ftari001/.python3-3.13-torch260/site-packages/lib/python3.13/site-packages (from fvcore) (0.10.0)
Requirement already satisfied: iopath>=0.1.7 in /home/2500001/ftari001/.python3-3.13-torch260/site-packages/lib/python3.13/site-packages (from fvcore) (0.1.10)
Requirement already satisfied: markdown-it-py>=2.2.0 in /home/2500001/ftari001/.python3-3.13-torch260/site-packages/lib/python3.13/site-packages (from rich) (4.0.0)
Requirement already satisfied: pygments<3.0.0,>=2.13.0 in /soft/AIDL/conda_envs/pytorch260/lib/python3.13/site-packages (from rich) (2.19.1)
Requirement already satisfied: aiohttp!=4.0.0a0,!=4.0.0a1 in /soft/AIDL/conda_envs/pytorch260/lib/python3.13/site-packages (from fsspec[http]>=2022.5.0->pytorch-lightning) (3.11.13)
Requirement already satisfied: portalocker in /home/2500001/ftari001/.python3-3.13-torch260/site-packages/lib/python3.13/site-packages (from iopath>=0.1.7->fvcore) (3.2.0)
Requirement already satisfied: mdurl~=0.1 in /home/2500001/ftari001/.python3-3.13-torch260/site-packages/lib/python3.13/site-packages (from markdown-it-py>=2.2.0->rich) (0.1.2)
Requirement already satisfied: filelock in /soft/AIDL/conda_envs/pytorch260/lib/python3.13/site-packages (from torch>=2.1.0->pytorch-lightning) (3.17.0)
Requirement already satisfied: setuptools in /soft/AIDL/conda_envs/pytorch260/lib/python3.13/site-packages (from torch>=2.1.0->pytorch-lightning) (75.8.0)
Requirement already satisfied: sympy==1.13.1 in /soft/AIDL/conda_envs/pytorch260/lib/python3.13/site-packages (from torch>=2.1.0->pytorch-lightning) (1.13.1)
Requirement already satisfied: networkx in /soft/AIDL/conda_envs/pytorch260/lib/python3.13/site-packages (from torch>=2.1.0->pytorch-lightning) (3.4.2)
Requirement already satisfied: jinja2 in /soft/AIDL/conda_envs/pytorch260/lib/python3.13/site-packages (from torch>=2.1.0->pytorch-lightning) (3.1.5)
Requirement already satisfied: nvidia-cuda-nvrtc-cu12==12.6.77 in /soft/AIDL/conda_envs/pytorch260/lib/python3.13/site-packages (from torch>=2.1.0->pytorch-lightning) (12.6.77)
Requirement already satisfied: nvidia-cuda-runtime-cu12==12.6.77 in /soft/AIDL/conda_envs/pytorch260/lib/python3.13/site-packages (from torch>=2.1.0->pytorch-lightning) (12.6.77)
Requirement already satisfied: nvidia-cuda-cupti-cu12==12.6.80 in /soft/AIDL/conda_envs/pytorch260/lib/python3.13/site-packages (from torch>=2.1.0->pytorch-lightning) (12.6.80)
Requirement already satisfied: nvidia-cudnn-cu12==9.5.1.17 in /soft/AIDL/conda_envs/pytorch260/lib/python3.13/site-packages (from torch>=2.1.0->pytorch-lightning) (9.5.1.17)
Requirement already satisfied: nvidia-cublas-cu12==12.6.4.1 in /soft/AIDL/conda_envs/pytorch260/lib/python3.13/site-packages (from torch>=2.1.0->pytorch-lightning) (12.6.4.1)
Requirement already satisfied: nvidia-cufft-cu12==11.3.0.4 in /soft/AIDL/conda_envs/pytorch260/lib/python3.13/site-packages (from torch>=2.1.0->pytorch-lightning) (11.3.0.4)
Requirement already satisfied: nvidia-curand-cu12==10.3.7.77 in /soft/AIDL/conda_envs/pytorch260/lib/python3.13/site-packages (from torch>=2.1.0->pytorch-lightning) (10.3.7.77)
Requirement already satisfied: nvidia-cusolver-cu12==11.7.1.2 in /soft/AIDL/conda_envs/pytorch260/lib/python3.13/site-packages (from torch>=2.1.0->pytorch-lightning) (11.7.1.2)
Requirement already satisfied: nvidia-cusparse-cu12==12.5.4.2 in /soft/AIDL/conda_envs/pytorch260/lib/python3.13/site-packages (from torch>=2.1.0->pytorch-lightning) (12.5.4.2)
Requirement already satisfied: nvidia-cusparselt-cu12==0.6.3 in /soft/AIDL/conda_envs/pytorch260/lib/python3.13/site-packages (from torch>=2.1.0->pytorch-lightning) (0.6.3)
Requirement already satisfied: nvidia-nccl-cu12==2.21.5 in /soft/AIDL/conda_envs/pytorch260/lib/python3.13/site-packages (from torch>=2.1.0->pytorch-lightning) (2.21.5)
Requirement already satisfied: nvidia-nvtx-cu12==12.6.77 in /soft/AIDL/conda_envs/pytorch260/lib/python3.13/site-packages (from torch>=2.1.0->pytorch-lightning) (12.6.77)
Requirement already satisfied: nvidia-nvjitlink-cu12==12.6.85 in /soft/AIDL/conda_envs/pytorch260/lib/python3.13/site-packages (from torch>=2.1.0->pytorch-lightning) (12.6.85)
Requirement already satisfied: triton==3.2.0 in /soft/AIDL/conda_envs/pytorch260/lib/python3.13/site-packages (from torch>=2.1.0->pytorch-lightning) (3.2.0)
Requirement already satisfied: mpmath<1.4,>=1.1.0 in /soft/AIDL/conda_envs/pytorch260/lib/python3.13/site-packages (from sympy==1.13.1->torch>=2.1.0->pytorch-lightning) (1.3.0)
Requirement already satisfied: aiohappyeyeballs>=2.3.0 in /soft/AIDL/conda_envs/pytorch260/lib/python3.13/site-packages (from aiohttp!=4.0.0a0,!=4.0.0a1->fsspec[http]>=2022.5.0->pytorch-lightning) (2.4.6)
Requirement already satisfied: aiosignal>=1.1.2 in /soft/AIDL/conda_envs/pytorch260/lib/python3.13/site-packages (from aiohttp!=4.0.0a0,!=4.0.0a1->fsspec[http]>=2022.5.0->pytorch-lightning) (1.3.2)
Requirement already satisfied: attrs>=17.3.0 in /soft/AIDL/conda_envs/pytorch260/lib/python3.13/site-packages (from aiohttp!=4.0.0a0,!=4.0.0a1->fsspec[http]>=2022.5.0->pytorch-lightning) (25.1.0)
Requirement already satisfied: frozenlist>=1.1.1 in /soft/AIDL/conda_envs/pytorch260/lib/python3.13/site-packages (from aiohttp!=4.0.0a0,!=4.0.0a1->fsspec[http]>=2022.5.0->pytorch-lightning) (1.5.0)
Requirement already satisfied: multidict<7.0,>=4.5 in /soft/AIDL/conda_envs/pytorch260/lib/python3.13/site-packages (from aiohttp!=4.0.0a0,!=4.0.0a1->fsspec[http]>=2022.5.0->pytorch-lightning) (6.1.0)
Requirement already satisfied: propcache>=0.2.0 in /soft/AIDL/conda_envs/pytorch260/lib/python3.13/site-packages (from aiohttp!=4.0.0a0,!=4.0.0a1->fsspec[http]>=2022.5.0->pytorch-lightning) (0.2.1)
Requirement already satisfied: yarl<2.0,>=1.17.0 in /soft/AIDL/conda_envs/pytorch260/lib/python3.13/site-packages (from aiohttp!=4.0.0a0,!=4.0.0a1->fsspec[http]>=2022.5.0->pytorch-lightning) (1.18.3)
Requirement already satisfied: MarkupSafe>=2.0 in /soft/AIDL/conda_envs/pytorch260/lib/python3.13/site-packages (from jinja2->torch>=2.1.0->pytorch-lightning) (3.0.2)
Requirement already satisfied: idna>=2.0 in /home/2500001/ftari001/.python3-3.13-torch260/site-packages/lib/python3.13/site-packages (from yarl<2.0,>=1.17.0->aiohttp!=4.0.0a0,!=4.0.0a1->fsspec[http]>=2022.5.0->pytorch-lightning) (2.10)
=== Task 41: model=hybrid  N=25000  seed=2  (Mon Apr 13 09:07:04 PM CEST 2026) ===
┏━━━┳━━━━━━━━━━━┳━━━━━━━━━━━━━━━━━━━━┳━━━━━━━━┳━━━━━━━┳━━━━━━━┓
┃   ┃ Name      ┃ Type               ┃ Params ┃ Mode  ┃ FLOPs ┃
┡━━━╇━━━━━━━━━━━╇━━━━━━━━━━━━━━━━━━━━╇━━━━━━━━╇━━━━━━━╇━━━━━━━┩
│ 0 │ model     │ OptimizedModule    │  1.2 M │ train │     0 │
│ 1 │ criterion │ CrossEntropyLoss   │      0 │ train │     0 │
│ 2 │ train_acc │ MulticlassAccuracy │      0 │ train │     0 │
│ 3 │ val_acc   │ MulticlassAccuracy │      0 │ train │     0 │
└───┴───────────┴────────────────────┴────────┴───────┴───────┘
Trainable params: 1.2 M                                                         
Non-trainable params: 0                                                         
Total params: 1.2 M                                                             
Total estimated model params size (MB): 4                                       
Modules in train mode: 128                                                      
Modules in eval mode: 0                                                         
Total FLOPs: 0                                                                  
  Epoch 1/300 — ETA: 12:23:20
  Epoch 2/300 — ETA: 06:21:01
  Epoch 3/300 — ETA: 04:20:23
  Epoch 4/300 — ETA: 03:21:36
  Epoch 5/300 — ETA: 02:45:24
  Epoch 6/300 — ETA: 02:21:32
  Epoch 7/300 — ETA: 02:04:32
  Epoch 8/300 — ETA: 01:51:18
  Epoch 9/300 — ETA: 01:41:22
  Epoch 10/300 — ETA: 01:33:01
  Epoch 11/300 — ETA: 01:26:21
  Epoch 12/300 — ETA: 01:20:38
  Epoch 13/300 — ETA: 01:15:44
  Epoch 14/300 — ETA: 01:11:40
  Epoch 15/300 — ETA: 01:08:04
  Epoch 16/300 — ETA: 01:05:01
  Epoch 17/300 — ETA: 01:02:09
  Epoch 18/300 — ETA: 00:59:47
  Epoch 19/300 — ETA: 00:57:30
  Epoch 20/300 — ETA: 00:55:31
  Epoch 21/300 — ETA: 00:53:43
  Epoch 22/300 — ETA: 00:52:07
  Epoch 23/300 — ETA: 00:50:37
  Epoch 24/300 — ETA: 00:49:15
  Epoch 25/300 — ETA: 00:48:00
  Epoch 26/300 — ETA: 00:46:49
  Epoch 27/300 — ETA: 00:45:43
  Epoch 28/300 — ETA: 00:44:49
  Epoch 29/300 — ETA: 00:43:57
  Epoch 30/300 — ETA: 00:43:00
  Epoch 31/300 — ETA: 00:42:10
  Epoch 32/300 — ETA: 00:41:20
  Epoch 33/300 — ETA: 00:40:39
  Epoch 34/300 — ETA: 00:40:03
  Epoch 35/300 — ETA: 00:39:24
  Epoch 36/300 — ETA: 00:38:44
  Epoch 37/300 — ETA: 00:38:12
  Epoch 38/300 — ETA: 00:37:41
  Epoch 39/300 — ETA: 00:37:06
  Epoch 40/300 — ETA: 00:36:35
  Epoch 41/300 — ETA: 00:36:03
  Epoch 42/300 — ETA: 00:35:31
  Epoch 43/300 — ETA: 00:35:00
  Epoch 44/300 — ETA: 00:34:31
  Epoch 45/300 — ETA: 00:34:06
  Epoch 46/300 — ETA: 00:33:39
  Epoch 47/300 — ETA: 00:33:14
  Epoch 48/300 — ETA: 00:32:51
  Epoch 49/300 — ETA: 00:32:31
  Epoch 50/300 — ETA: 00:32:10
  Epoch 51/300 — ETA: 00:31:54
  Epoch 52/300 — ETA: 00:31:34
  Epoch 53/300 — ETA: 00:31:12
  Epoch 54/300 — ETA: 00:30:48
  Epoch 55/300 — ETA: 00:30:29
  Epoch 56/300 — ETA: 00:30:14
  Epoch 57/300 — ETA: 00:29:58
  Epoch 58/300 — ETA: 00:29:38
  Epoch 59/300 — ETA: 00:29:16
  Epoch 60/300 — ETA: 00:28:59
  Epoch 61/300 — ETA: 00:28:43
  Epoch 62/300 — ETA: 00:28:27
  Epoch 63/300 — ETA: 00:28:09
  Epoch 64/300 — ETA: 00:27:52
  Epoch 65/300 — ETA: 00:27:35
  Epoch 66/300 — ETA: 00:27:19
  Epoch 67/300 — ETA: 00:27:04
  Epoch 68/300 — ETA: 00:26:50
  Epoch 69/300 — ETA: 00:26:39
  Epoch 70/300 — ETA: 00:26:29
  Epoch 71/300 — ETA: 00:26:15
  Epoch 72/300 — ETA: 00:26:01
  Epoch 73/300 — ETA: 00:25:48
  Epoch 74/300 — ETA: 00:25:35
  Epoch 75/300 — ETA: 00:25:23
  Epoch 76/300 — ETA: 00:25:09
  Epoch 77/300 — ETA: 00:24:57
  Epoch 78/300 — ETA: 00:24:43
  Epoch 79/300 — ETA: 00:24:31
  Epoch 80/300 — ETA: 00:24:19
  Epoch 81/300 — ETA: 00:24:08
  Epoch 82/300 — ETA: 00:23:57
  Epoch 83/300 — ETA: 00:23:45
  Epoch 84/300 — ETA: 00:23:34
  Epoch 85/300 — ETA: 00:23:23
  Epoch 86/300 — ETA: 00:23:12
  Epoch 87/300 — ETA: 00:23:00
  Epoch 88/300 — ETA: 00:22:49
  Epoch 89/300 — ETA: 00:22:39
  Epoch 90/300 — ETA: 00:22:29
  Epoch 91/300 — ETA: 00:22:22
  Epoch 92/300 — ETA: 00:22:12
  Epoch 93/300 — ETA: 00:22:02
  Epoch 94/300 — ETA: 00:21:54
  Epoch 95/300 — ETA: 00:21:45
  Epoch 96/300 — ETA: 00:21:37
  Epoch 97/300 — ETA: 00:21:29
  Epoch 98/300 — ETA: 00:21:21
  Epoch 99/300 — ETA: 00:21:14
  Epoch 100/300 — ETA: 00:21:06
  Epoch 101/300 — ETA: 00:20:59
  Epoch 102/300 — ETA: 00:20:51
  Epoch 103/300 — ETA: 00:20:44
  Epoch 104/300 — ETA: 00:20:36
  Epoch 105/300 — ETA: 00:20:28
  Epoch 106/300 — ETA: 00:20:20
  Epoch 107/300 — ETA: 00:20:12
  Epoch 108/300 — ETA: 00:20:04
  Epoch 109/300 — ETA: 00:19:57
  Epoch 110/300 — ETA: 00:19:49
  Epoch 111/300 — ETA: 00:19:41
  Epoch 112/300 — ETA: 00:19:34
  Epoch 113/300 — ETA: 00:19:27
  Epoch 114/300 — ETA: 00:19:19
  Epoch 115/300 — ETA: 00:19:12
  Epoch 116/300 — ETA: 00:19:05
  Epoch 117/300 — ETA: 00:18:58
  Epoch 118/300 — ETA: 00:18:50
  Epoch 119/300 — ETA: 00:18:42
  Epoch 120/300 — ETA: 00:18:34
  Epoch 121/300 — ETA: 00:18:26
  Epoch 122/300 — ETA: 00:18:19
  Epoch 123/300 — ETA: 00:18:12
  Epoch 124/300 — ETA: 00:18:04
  Epoch 125/300 — ETA: 00:17:56
  Epoch 126/300 — ETA: 00:17:47
  Epoch 127/300 — ETA: 00:17:40
  Epoch 128/300 — ETA: 00:17:31
  Epoch 129/300 — ETA: 00:17:23
  Epoch 130/300 — ETA: 00:17:16
  Epoch 131/300 — ETA: 00:17:08
  Epoch 132/300 — ETA: 00:16:59
  Epoch 133/300 — ETA: 00:16:53
  Epoch 134/300 — ETA: 00:16:46
  Epoch 135/300 — ETA: 00:16:38
  Epoch 136/300 — ETA: 00:16:31
  Epoch 137/300 — ETA: 00:16:25
  Epoch 138/300 — ETA: 00:16:18
  Epoch 139/300 — ETA: 00:16:10
  Epoch 140/300 — ETA: 00:16:02
  Epoch 141/300 — ETA: 00:15:54
  Epoch 142/300 — ETA: 00:15:46
  Epoch 143/300 — ETA: 00:15:39
  Epoch 144/300 — ETA: 00:15:32
  Epoch 145/300 — ETA: 00:15:26
  Epoch 146/300 — ETA: 00:15:18
  Epoch 147/300 — ETA: 00:15:11
  Epoch 148/300 — ETA: 00:15:03
  Epoch 149/300 — ETA: 00:14:57
  Epoch 150/300 — ETA: 00:14:50
  Epoch 151/300 — ETA: 00:14:43
  Epoch 152/300 — ETA: 00:14:36
  Epoch 153/300 — ETA: 00:14:29
  Epoch 154/300 — ETA: 00:14:21
  Epoch 155/300 — ETA: 00:14:14
  Epoch 156/300 — ETA: 00:14:08
  Epoch 157/300 — ETA: 00:14:01
  Epoch 158/300 — ETA: 00:13:55
  Epoch 159/300 — ETA: 00:13:49
  Epoch 160/300 — ETA: 00:13:43
  Epoch 161/300 — ETA: 00:13:37
  Epoch 162/300 — ETA: 00:13:30
  Epoch 163/300 — ETA: 00:13:24
  Epoch 164/300 — ETA: 00:13:18
  Epoch 165/300 — ETA: 00:13:12
  Epoch 166/300 — ETA: 00:13:06
  Epoch 167/300 — ETA: 00:13:00
  Epoch 168/300 — ETA: 00:12:53
  Epoch 169/300 — ETA: 00:12:47
  Epoch 170/300 — ETA: 00:12:41
  Epoch 171/300 — ETA: 00:12:35
  Epoch 172/300 — ETA: 00:12:29
  Epoch 173/300 — ETA: 00:12:23
  Epoch 174/300 — ETA: 00:12:17
  Epoch 175/300 — ETA: 00:12:10
  Epoch 176/300 — ETA: 00:12:04
  Epoch 177/300 — ETA: 00:11:58
  Epoch 178/300 — ETA: 00:11:53
  Epoch 179/300 — ETA: 00:11:47
  Epoch 180/300 — ETA: 00:11:40
  Epoch 181/300 — ETA: 00:11:34
  Epoch 182/300 — ETA: 00:11:28
  Epoch 183/300 — ETA: 00:11:22
  Epoch 184/300 — ETA: 00:11:16
  Epoch 185/300 — ETA: 00:11:11
  Epoch 186/300 — ETA: 00:11:04
  Epoch 187/300 — ETA: 00:10:58
  Epoch 188/300 — ETA: 00:10:52
  Epoch 189/300 — ETA: 00:10:46
  Epoch 190/300 — ETA: 00:10:40
  Epoch 191/300 — ETA: 00:10:34
  Epoch 192/300 — ETA: 00:10:27
  Epoch 193/300 — ETA: 00:10:21
  Epoch 194/300 — ETA: 00:10:15
  Epoch 195/300 — ETA: 00:10:08
  Epoch 196/300 — ETA: 00:10:02
  Epoch 197/300 — ETA: 00:09:56
  Epoch 198/300 — ETA: 00:09:51
  Epoch 199/300 — ETA: 00:09:45
  Epoch 200/300 — ETA: 00:09:39
  Epoch 201/300 — ETA: 00:09:33
  Epoch 202/300 — ETA: 00:09:27
  Epoch 203/300 — ETA: 00:09:21
  Epoch 204/300 — ETA: 00:09:14
  Epoch 205/300 — ETA: 00:09:08
  Epoch 206/300 — ETA: 00:09:02
  Epoch 207/300 — ETA: 00:08:56
  Epoch 208/300 — ETA: 00:08:50
  Epoch 209/300 — ETA: 00:08:44
  Epoch 210/300 — ETA: 00:08:37
  Epoch 211/300 — ETA: 00:08:31
  Epoch 212/300 — ETA: 00:08:26
  Epoch 213/300 — ETA: 00:08:20
  Epoch 214/300 — ETA: 00:08:13
  Epoch 215/300 — ETA: 00:08:07
  Epoch 216/300 — ETA: 00:08:01
  Epoch 217/300 — ETA: 00:07:55
  Epoch 218/300 — ETA: 00:07:49
  Epoch 219/300 — ETA: 00:07:43
  Epoch 220/300 — ETA: 00:07:37
  Epoch 221/300 — ETA: 00:07:32
  Epoch 222/300 — ETA: 00:07:26
  Epoch 223/300 — ETA: 00:07:20
  Epoch 224/300 — ETA: 00:07:14
  Epoch 225/300 — ETA: 00:07:08
  Epoch 226/300 — ETA: 00:07:03
  Epoch 227/300 — ETA: 00:06:57
  Epoch 228/300 — ETA: 00:06:51
  Epoch 229/300 — ETA: 00:06:45
  Epoch 230/300 — ETA: 00:06:40
  Epoch 231/300 — ETA: 00:06:33
  Epoch 232/300 — ETA: 00:06:28
  Epoch 233/300 — ETA: 00:06:22
  Epoch 234/300 — ETA: 00:06:16
  Epoch 235/300 — ETA: 00:06:10
  Epoch 236/300 — ETA: 00:06:04
  Epoch 237/300 — ETA: 00:05:58
  Epoch 238/300 — ETA: 00:05:52
  Epoch 239/300 — ETA: 00:05:47
  Epoch 240/300 — ETA: 00:05:41
  Epoch 241/300 — ETA: 00:05:35
  Epoch 242/300 — ETA: 00:05:29
  Epoch 243/300 — ETA: 00:05:23
  Epoch 244/300 — ETA: 00:05:17
  Epoch 245/300 — ETA: 00:05:11
  Epoch 246/300 — ETA: 00:05:06
  Epoch 247/300 — ETA: 00:05:00
  Epoch 248/300 — ETA: 00:04:54
  Epoch 249/300 — ETA: 00:04:48
  Epoch 250/300 — ETA: 00:04:43
  Epoch 251/300 — ETA: 00:04:37
  Epoch 252/300 — ETA: 00:04:31
  Epoch 253/300 — ETA: 00:04:25
  Epoch 254/300 — ETA: 00:04:19
  Epoch 255/300 — ETA: 00:04:14
  Epoch 256/300 — ETA: 00:04:08
  Epoch 257/300 — ETA: 00:04:02
  Epoch 258/300 — ETA: 00:03:57
  Epoch 259/300 — ETA: 00:03:51
  Epoch 260/300 — ETA: 00:03:45
  Epoch 261/300 — ETA: 00:03:39
  Epoch 262/300 — ETA: 00:03:34
  Epoch 263/300 — ETA: 00:03:28
  Epoch 264/300 — ETA: 00:03:22
  Epoch 265/300 — ETA: 00:03:16
  Epoch 266/300 — ETA: 00:03:11
  Epoch 267/300 — ETA: 00:03:05
  Epoch 268/300 — ETA: 00:02:59
  Epoch 269/300 — ETA: 00:02:53
  Epoch 270/300 — ETA: 00:02:48
  Epoch 271/300 — ETA: 00:02:42
  Epoch 272/300 — ETA: 00:02:37
  Epoch 273/300 — ETA: 00:02:31
  Epoch 274/300 — ETA: 00:02:25
  Epoch 275/300 — ETA: 00:02:19
  Epoch 276/300 — ETA: 00:02:14
  Epoch 277/300 — ETA: 00:02:08
  Epoch 278/300 — ETA: 00:02:02
  Epoch 279/300 — ETA: 00:01:57
  Epoch 280/300 — ETA: 00:01:51
  Epoch 281/300 — ETA: 00:01:45
  Epoch 282/300 — ETA: 00:01:40
  Epoch 283/300 — ETA: 00:01:34
  Epoch 284/300 — ETA: 00:01:29
  Epoch 285/300 — ETA: 00:01:23
  Epoch 286/300 — ETA: 00:01:17
  Epoch 287/300 — ETA: 00:01:12
  Epoch 288/300 — ETA: 00:01:06
  Epoch 289/300 — ETA: 00:01:01
  Epoch 290/300 — ETA: 00:00:55
  Epoch 291/300 — ETA: 00:00:49
Epoch 290/299 ━━━━━━━━━━━━━━━ 196/196 0:00:04 •       45.57it/s v_num: 0.000    
                                      0:00:00                   val/loss: 1.189 
                                                                val/acc: 0.863  
                                                                train/loss:     
                                                                0.001 train/acc:
                                                                1.000           

########################################
   Comptabilité du calcul 1924084 
########################################
$ sacct --format='JobID,Partition,JobName,MaxRSS,MaxVMSize,NTasks,AllocCPUS,Start,End,Elapsed,AveCPU,MinCPU,NNodes,ExitCode,State' -j 1924084
JobID              Partition  JobName      MaxRSS   MaxVMSize  NTasks  AllocCPUS  Start                End                  Elapsed   AveCPU  MinCPU  NNodes  ExitCode  State      
-----              ---------  -------      -------  ---------  ------  ---------  -----                ---                  -------   ------  ------  ------  --------  -----      
1921196_41         ar_a100    cifar_scale                              8          2026-04-13T21:07:01  2026-04-13T21:34:38  00:27:37                  1       0:0       COMPLETED  
1921196_41.batch              batch                            1       8          2026-04-13T21:07:01  2026-04-13T21:34:38  00:27:37                  1       0:0       COMPLETED  
1921196_41.extern             extern                           1       8          2026-04-13T21:07:01  2026-04-13T21:34:38  00:27:37                  1       0:0       COMPLETED  

$ sacct --format='JobID,JobName,AllocCPUS,ReqTRES,AllocTRES,NNodes,NodeList,Elapsed,CPUTime' -j 1924084
JobID              JobName      AllocCPUS  ReqTRES                                                    AllocTRES                                                  NNodes  NodeList  Elapsed   CPUTime   
-----              -------      ---------  -------                                                    ---------                                                  ------  --------  -------   -------   
1921196_41         cifar_scale  8          billing=8,cpu=8,gres/gpu:a100=1,gres/gpu=1,mem=32G,node=1  billing=8,cpu=8,gres/gpu:a100=1,gres/gpu=1,mem=32G,node=1  1       c23gpu1   00:27:37  03:40:56  
1921196_41.batch   batch        8                                                                     cpu=8,gres/gpu:a100=1,gres/gpu=1,mem=32G,node=1            1       c23gpu1   00:27:37  03:40:56  
1921196_41.extern  extern       8                                                                     billing=8,cpu=8,gres/gpu:a100=1,gres/gpu=1,mem=32G,node=1  1       c23gpu1   00:27:37  03:40:56  

Pour plus d'informations sur la comptabilité du calcul, merci de consulter la documentation http://www-tech.criann.fr ou le manuel 'man sacct'
