Requirement already satisfied: pytorch-lightning in /home/2500001/ftari001/.python3-3.13-torch260/site-packages/lib/python3.13/site-packages (2.6.1)
Requirement already satisfied: torchmetrics in /home/2500001/ftari001/.python3-3.13-torch260/site-packages/lib/python3.13/site-packages (1.9.0)
Requirement already satisfied: fvcore in /home/2500001/ftari001/.python3-3.13-torch260/site-packages/lib/python3.13/site-packages (0.1.5.post20221221)
Requirement already satisfied: rich in /home/2500001/ftari001/.python3-3.13-torch260/site-packages/lib/python3.13/site-packages (15.0.0)
Requirement already satisfied: torch>=2.1.0 in /soft/AIDL/conda_envs/pytorch260/lib/python3.13/site-packages (from pytorch-lightning) (2.6.0+cu126)
Requirement already satisfied: tqdm>=4.57.0 in /soft/AIDL/conda_envs/pytorch260/lib/python3.13/site-packages (from pytorch-lightning) (4.67.1)
Requirement already satisfied: PyYAML>5.4 in /soft/AIDL/conda_envs/pytorch260/lib/python3.13/site-packages (from pytorch-lightning) (6.0.2)
Requirement already satisfied: fsspec>=2022.5.0 in /soft/AIDL/conda_envs/pytorch260/lib/python3.13/site-packages (from fsspec[http]>=2022.5.0->pytorch-lightning) (2024.12.0)
Requirement already satisfied: packaging>=23.0 in /soft/AIDL/conda_envs/pytorch260/lib/python3.13/site-packages (from pytorch-lightning) (24.2)
Requirement already satisfied: typing-extensions>4.5.0 in /home/2500001/ftari001/.python3-3.13-torch260/site-packages/lib/python3.13/site-packages (from pytorch-lightning) (4.15.0)
Requirement already satisfied: lightning-utilities>=0.10.0 in /home/2500001/ftari001/.python3-3.13-torch260/site-packages/lib/python3.13/site-packages (from pytorch-lightning) (0.15.3)
Requirement already satisfied: numpy>1.20.0 in /soft/AIDL/conda_envs/pytorch260/lib/python3.13/site-packages (from torchmetrics) (2.2.3)
Requirement already satisfied: yacs>=0.1.6 in /home/2500001/ftari001/.python3-3.13-torch260/site-packages/lib/python3.13/site-packages (from fvcore) (0.1.8)
Requirement already satisfied: termcolor>=1.1 in /home/2500001/ftari001/.python3-3.13-torch260/site-packages/lib/python3.13/site-packages (from fvcore) (3.3.0)
Requirement already satisfied: Pillow in /soft/AIDL/conda_envs/pytorch260/lib/python3.13/site-packages (from fvcore) (11.1.0)
Requirement already satisfied: tabulate in /home/2500001/ftari001/.python3-3.13-torch260/site-packages/lib/python3.13/site-packages (from fvcore) (0.10.0)
Requirement already satisfied: iopath>=0.1.7 in /home/2500001/ftari001/.python3-3.13-torch260/site-packages/lib/python3.13/site-packages (from fvcore) (0.1.10)
Requirement already satisfied: markdown-it-py>=2.2.0 in /home/2500001/ftari001/.python3-3.13-torch260/site-packages/lib/python3.13/site-packages (from rich) (4.0.0)
Requirement already satisfied: pygments<3.0.0,>=2.13.0 in /soft/AIDL/conda_envs/pytorch260/lib/python3.13/site-packages (from rich) (2.19.1)
Requirement already satisfied: aiohttp!=4.0.0a0,!=4.0.0a1 in /soft/AIDL/conda_envs/pytorch260/lib/python3.13/site-packages (from fsspec[http]>=2022.5.0->pytorch-lightning) (3.11.13)
Requirement already satisfied: portalocker in /home/2500001/ftari001/.python3-3.13-torch260/site-packages/lib/python3.13/site-packages (from iopath>=0.1.7->fvcore) (3.2.0)
Requirement already satisfied: mdurl~=0.1 in /home/2500001/ftari001/.python3-3.13-torch260/site-packages/lib/python3.13/site-packages (from markdown-it-py>=2.2.0->rich) (0.1.2)
Requirement already satisfied: filelock in /soft/AIDL/conda_envs/pytorch260/lib/python3.13/site-packages (from torch>=2.1.0->pytorch-lightning) (3.17.0)
Requirement already satisfied: setuptools in /soft/AIDL/conda_envs/pytorch260/lib/python3.13/site-packages (from torch>=2.1.0->pytorch-lightning) (75.8.0)
Requirement already satisfied: sympy==1.13.1 in /soft/AIDL/conda_envs/pytorch260/lib/python3.13/site-packages (from torch>=2.1.0->pytorch-lightning) (1.13.1)
Requirement already satisfied: networkx in /soft/AIDL/conda_envs/pytorch260/lib/python3.13/site-packages (from torch>=2.1.0->pytorch-lightning) (3.4.2)
Requirement already satisfied: jinja2 in /soft/AIDL/conda_envs/pytorch260/lib/python3.13/site-packages (from torch>=2.1.0->pytorch-lightning) (3.1.5)
Requirement already satisfied: nvidia-cuda-nvrtc-cu12==12.6.77 in /soft/AIDL/conda_envs/pytorch260/lib/python3.13/site-packages (from torch>=2.1.0->pytorch-lightning) (12.6.77)
Requirement already satisfied: nvidia-cuda-runtime-cu12==12.6.77 in /soft/AIDL/conda_envs/pytorch260/lib/python3.13/site-packages (from torch>=2.1.0->pytorch-lightning) (12.6.77)
Requirement already satisfied: nvidia-cuda-cupti-cu12==12.6.80 in /soft/AIDL/conda_envs/pytorch260/lib/python3.13/site-packages (from torch>=2.1.0->pytorch-lightning) (12.6.80)
Requirement already satisfied: nvidia-cudnn-cu12==9.5.1.17 in /soft/AIDL/conda_envs/pytorch260/lib/python3.13/site-packages (from torch>=2.1.0->pytorch-lightning) (9.5.1.17)
Requirement already satisfied: nvidia-cublas-cu12==12.6.4.1 in /soft/AIDL/conda_envs/pytorch260/lib/python3.13/site-packages (from torch>=2.1.0->pytorch-lightning) (12.6.4.1)
Requirement already satisfied: nvidia-cufft-cu12==11.3.0.4 in /soft/AIDL/conda_envs/pytorch260/lib/python3.13/site-packages (from torch>=2.1.0->pytorch-lightning) (11.3.0.4)
Requirement already satisfied: nvidia-curand-cu12==10.3.7.77 in /soft/AIDL/conda_envs/pytorch260/lib/python3.13/site-packages (from torch>=2.1.0->pytorch-lightning) (10.3.7.77)
Requirement already satisfied: nvidia-cusolver-cu12==11.7.1.2 in /soft/AIDL/conda_envs/pytorch260/lib/python3.13/site-packages (from torch>=2.1.0->pytorch-lightning) (11.7.1.2)
Requirement already satisfied: nvidia-cusparse-cu12==12.5.4.2 in /soft/AIDL/conda_envs/pytorch260/lib/python3.13/site-packages (from torch>=2.1.0->pytorch-lightning) (12.5.4.2)
Requirement already satisfied: nvidia-cusparselt-cu12==0.6.3 in /soft/AIDL/conda_envs/pytorch260/lib/python3.13/site-packages (from torch>=2.1.0->pytorch-lightning) (0.6.3)
Requirement already satisfied: nvidia-nccl-cu12==2.21.5 in /soft/AIDL/conda_envs/pytorch260/lib/python3.13/site-packages (from torch>=2.1.0->pytorch-lightning) (2.21.5)
Requirement already satisfied: nvidia-nvtx-cu12==12.6.77 in /soft/AIDL/conda_envs/pytorch260/lib/python3.13/site-packages (from torch>=2.1.0->pytorch-lightning) (12.6.77)
Requirement already satisfied: nvidia-nvjitlink-cu12==12.6.85 in /soft/AIDL/conda_envs/pytorch260/lib/python3.13/site-packages (from torch>=2.1.0->pytorch-lightning) (12.6.85)
Requirement already satisfied: triton==3.2.0 in /soft/AIDL/conda_envs/pytorch260/lib/python3.13/site-packages (from torch>=2.1.0->pytorch-lightning) (3.2.0)
Requirement already satisfied: mpmath<1.4,>=1.1.0 in /soft/AIDL/conda_envs/pytorch260/lib/python3.13/site-packages (from sympy==1.13.1->torch>=2.1.0->pytorch-lightning) (1.3.0)
Requirement already satisfied: aiohappyeyeballs>=2.3.0 in /soft/AIDL/conda_envs/pytorch260/lib/python3.13/site-packages (from aiohttp!=4.0.0a0,!=4.0.0a1->fsspec[http]>=2022.5.0->pytorch-lightning) (2.4.6)
Requirement already satisfied: aiosignal>=1.1.2 in /soft/AIDL/conda_envs/pytorch260/lib/python3.13/site-packages (from aiohttp!=4.0.0a0,!=4.0.0a1->fsspec[http]>=2022.5.0->pytorch-lightning) (1.3.2)
Requirement already satisfied: attrs>=17.3.0 in /soft/AIDL/conda_envs/pytorch260/lib/python3.13/site-packages (from aiohttp!=4.0.0a0,!=4.0.0a1->fsspec[http]>=2022.5.0->pytorch-lightning) (25.1.0)
Requirement already satisfied: frozenlist>=1.1.1 in /soft/AIDL/conda_envs/pytorch260/lib/python3.13/site-packages (from aiohttp!=4.0.0a0,!=4.0.0a1->fsspec[http]>=2022.5.0->pytorch-lightning) (1.5.0)
Requirement already satisfied: multidict<7.0,>=4.5 in /soft/AIDL/conda_envs/pytorch260/lib/python3.13/site-packages (from aiohttp!=4.0.0a0,!=4.0.0a1->fsspec[http]>=2022.5.0->pytorch-lightning) (6.1.0)
Requirement already satisfied: propcache>=0.2.0 in /soft/AIDL/conda_envs/pytorch260/lib/python3.13/site-packages (from aiohttp!=4.0.0a0,!=4.0.0a1->fsspec[http]>=2022.5.0->pytorch-lightning) (0.2.1)
Requirement already satisfied: yarl<2.0,>=1.17.0 in /soft/AIDL/conda_envs/pytorch260/lib/python3.13/site-packages (from aiohttp!=4.0.0a0,!=4.0.0a1->fsspec[http]>=2022.5.0->pytorch-lightning) (1.18.3)
Requirement already satisfied: MarkupSafe>=2.0 in /soft/AIDL/conda_envs/pytorch260/lib/python3.13/site-packages (from jinja2->torch>=2.1.0->pytorch-lightning) (3.0.2)
Requirement already satisfied: idna>=2.0 in /home/2500001/ftari001/.python3-3.13-torch260/site-packages/lib/python3.13/site-packages (from yarl<2.0,>=1.17.0->aiohttp!=4.0.0a0,!=4.0.0a1->fsspec[http]>=2022.5.0->pytorch-lightning) (2.10)
=== Task 22: model=swin  N=10000  seed=1  (Mon Apr 13 03:21:50 PM CEST 2026) ===
┏━━━┳━━━━━━━━━━━┳━━━━━━━━━━━━━━━━━━━━┳━━━━━━━━┳━━━━━━━┳━━━━━━━┓
┃   ┃ Name      ┃ Type               ┃ Params ┃ Mode  ┃ FLOPs ┃
┡━━━╇━━━━━━━━━━━╇━━━━━━━━━━━━━━━━━━━━╇━━━━━━━━╇━━━━━━━╇━━━━━━━┩
│ 0 │ model     │ OptimizedModule    │  5.4 M │ train │     0 │
│ 1 │ criterion │ CrossEntropyLoss   │      0 │ train │     0 │
│ 2 │ train_acc │ MulticlassAccuracy │      0 │ train │     0 │
│ 3 │ val_acc   │ MulticlassAccuracy │      0 │ train │     0 │
└───┴───────────┴────────────────────┴────────┴───────┴───────┘
Trainable params: 5.4 M                                                         
Non-trainable params: 0                                                         
Total params: 5.4 M                                                             
Total estimated model params size (MB): 21                                      
Modules in train mode: 163                                                      
Modules in eval mode: 0                                                         
Total FLOPs: 0                                                                  
  Epoch 1/300 — ETA: 12:15:53
  Epoch 2/300 — ETA: 06:14:09
  Epoch 3/300 — ETA: 04:13:35
  Epoch 4/300 — ETA: 03:13:06
  Epoch 5/300 — ETA: 02:36:33
  Epoch 6/300 — ETA: 02:12:11
  Epoch 7/300 — ETA: 01:54:48
  Epoch 8/300 — ETA: 01:41:25
  Epoch 9/300 — ETA: 01:31:15
  Epoch 10/300 — ETA: 01:23:12
  Epoch 11/300 — ETA: 01:16:32
  Epoch 12/300 — ETA: 01:11:00
  Epoch 13/300 — ETA: 01:06:17
  Epoch 14/300 — ETA: 01:02:05
  Epoch 15/300 — ETA: 00:58:29
  Epoch 16/300 — ETA: 00:55:25
  Epoch 17/300 — ETA: 00:52:38
  Epoch 18/300 — ETA: 00:50:06
  Epoch 19/300 — ETA: 00:47:57
  Epoch 20/300 — ETA: 00:45:54
  Epoch 21/300 — ETA: 00:44:09
  Epoch 22/300 — ETA: 00:42:32
  Epoch 23/300 — ETA: 00:40:59
  Epoch 24/300 — ETA: 00:39:33
  Epoch 25/300 — ETA: 00:38:19
  Epoch 26/300 — ETA: 00:37:10
  Epoch 27/300 — ETA: 00:36:02
  Epoch 28/300 — ETA: 00:35:04
  Epoch 29/300 — ETA: 00:34:04
  Epoch 30/300 — ETA: 00:33:08
  Epoch 31/300 — ETA: 00:32:16
  Epoch 32/300 — ETA: 00:31:27
  Epoch 33/300 — ETA: 00:30:41
  Epoch 34/300 — ETA: 00:29:57
  Epoch 35/300 — ETA: 00:29:19
  Epoch 36/300 — ETA: 00:28:39
  Epoch 37/300 — ETA: 00:28:02
  Epoch 38/300 — ETA: 00:27:26
  Epoch 39/300 — ETA: 00:26:53
  Epoch 40/300 — ETA: 00:26:24
  Epoch 41/300 — ETA: 00:25:53
  Epoch 42/300 — ETA: 00:25:26
  Epoch 43/300 — ETA: 00:24:58
  Epoch 44/300 — ETA: 00:24:31
  Epoch 45/300 — ETA: 00:24:05
  Epoch 46/300 — ETA: 00:23:42
  Epoch 47/300 — ETA: 00:23:18
  Epoch 48/300 — ETA: 00:22:57
  Epoch 49/300 — ETA: 00:22:35
  Epoch 50/300 — ETA: 00:22:15
  Epoch 51/300 — ETA: 00:21:56
  Epoch 52/300 — ETA: 00:21:36
  Epoch 53/300 — ETA: 00:21:17
  Epoch 54/300 — ETA: 00:20:58
  Epoch 55/300 — ETA: 00:20:39
  Epoch 56/300 — ETA: 00:20:22
  Epoch 57/300 — ETA: 00:20:05
  Epoch 58/300 — ETA: 00:19:48
  Epoch 59/300 — ETA: 00:19:34
  Epoch 60/300 — ETA: 00:19:19
  Epoch 61/300 — ETA: 00:19:03
  Epoch 62/300 — ETA: 00:18:51
  Epoch 63/300 — ETA: 00:18:37
  Epoch 64/300 — ETA: 00:18:26
  Epoch 65/300 — ETA: 00:18:12
  Epoch 66/300 — ETA: 00:18:01
  Epoch 67/300 — ETA: 00:17:48
  Epoch 68/300 — ETA: 00:17:35
  Epoch 69/300 — ETA: 00:17:23
  Epoch 70/300 — ETA: 00:17:11
  Epoch 71/300 — ETA: 00:17:01
  Epoch 72/300 — ETA: 00:16:49
  Epoch 73/300 — ETA: 00:16:38
  Epoch 74/300 — ETA: 00:16:28
  Epoch 75/300 — ETA: 00:16:18
  Epoch 76/300 — ETA: 00:16:08
  Epoch 77/300 — ETA: 00:15:59
  Epoch 78/300 — ETA: 00:15:49
  Epoch 79/300 — ETA: 00:15:41
  Epoch 80/300 — ETA: 00:15:31
  Epoch 81/300 — ETA: 00:15:21
  Epoch 82/300 — ETA: 00:15:11
  Epoch 83/300 — ETA: 00:15:02
  Epoch 84/300 — ETA: 00:14:53
  Epoch 85/300 — ETA: 00:14:45
  Epoch 86/300 — ETA: 00:14:36
  Epoch 87/300 — ETA: 00:14:27
  Epoch 88/300 — ETA: 00:14:19
  Epoch 89/300 — ETA: 00:14:11
  Epoch 90/300 — ETA: 00:14:03
  Epoch 91/300 — ETA: 00:13:55
  Epoch 92/300 — ETA: 00:13:47
  Epoch 93/300 — ETA: 00:13:39
  Epoch 94/300 — ETA: 00:13:31
  Epoch 95/300 — ETA: 00:13:24
  Epoch 96/300 — ETA: 00:13:17
  Epoch 97/300 — ETA: 00:13:10
  Epoch 98/300 — ETA: 00:13:03
  Epoch 99/300 — ETA: 00:12:56
  Epoch 100/300 — ETA: 00:12:50
  Epoch 101/300 — ETA: 00:12:44
  Epoch 102/300 — ETA: 00:12:37
  Epoch 103/300 — ETA: 00:12:30
  Epoch 104/300 — ETA: 00:12:23
  Epoch 105/300 — ETA: 00:12:17
  Epoch 106/300 — ETA: 00:12:10
  Epoch 107/300 — ETA: 00:12:04
  Epoch 108/300 — ETA: 00:11:57
  Epoch 109/300 — ETA: 00:11:51
  Epoch 110/300 — ETA: 00:11:44
  Epoch 111/300 — ETA: 00:11:38
  Epoch 112/300 — ETA: 00:11:33
  Epoch 113/300 — ETA: 00:11:27
  Epoch 114/300 — ETA: 00:11:21
  Epoch 115/300 — ETA: 00:11:15
  Epoch 116/300 — ETA: 00:11:09
  Epoch 117/300 — ETA: 00:11:03
  Epoch 118/300 — ETA: 00:10:58
  Epoch 119/300 — ETA: 00:10:52
  Epoch 120/300 — ETA: 00:10:46
  Epoch 121/300 — ETA: 00:10:41
  Epoch 122/300 — ETA: 00:10:35
  Epoch 123/300 — ETA: 00:10:30
  Epoch 124/300 — ETA: 00:10:24
  Epoch 125/300 — ETA: 00:10:19
  Epoch 126/300 — ETA: 00:10:14
  Epoch 127/300 — ETA: 00:10:08
  Epoch 128/300 — ETA: 00:10:03
  Epoch 129/300 — ETA: 00:09:58
  Epoch 130/300 — ETA: 00:09:53
  Epoch 131/300 — ETA: 00:09:48
  Epoch 132/300 — ETA: 00:09:42
  Epoch 133/300 — ETA: 00:09:37
  Epoch 134/300 — ETA: 00:09:32
  Epoch 135/300 — ETA: 00:09:28
  Epoch 136/300 — ETA: 00:09:23
  Epoch 137/300 — ETA: 00:09:18
  Epoch 138/300 — ETA: 00:09:13
  Epoch 139/300 — ETA: 00:09:08
  Epoch 140/300 — ETA: 00:09:03
  Epoch 141/300 — ETA: 00:08:59
  Epoch 142/300 — ETA: 00:08:54
  Epoch 143/300 — ETA: 00:08:49
  Epoch 144/300 — ETA: 00:08:44
  Epoch 145/300 — ETA: 00:08:40
  Epoch 146/300 — ETA: 00:08:35
  Epoch 147/300 — ETA: 00:08:31
  Epoch 148/300 — ETA: 00:08:26
  Epoch 149/300 — ETA: 00:08:22
  Epoch 150/300 — ETA: 00:08:17
  Epoch 151/300 — ETA: 00:08:13
  Epoch 152/300 — ETA: 00:08:09
  Epoch 153/300 — ETA: 00:08:04
  Epoch 154/300 — ETA: 00:08:00
  Epoch 155/300 — ETA: 00:07:56
  Epoch 156/300 — ETA: 00:07:52
  Epoch 157/300 — ETA: 00:07:47
  Epoch 158/300 — ETA: 00:07:43
  Epoch 159/300 — ETA: 00:07:39
  Epoch 160/300 — ETA: 00:07:35
  Epoch 161/300 — ETA: 00:07:30
  Epoch 162/300 — ETA: 00:07:26
  Epoch 163/300 — ETA: 00:07:22
  Epoch 164/300 — ETA: 00:07:18
  Epoch 165/300 — ETA: 00:07:14
  Epoch 166/300 — ETA: 00:07:10
  Epoch 167/300 — ETA: 00:07:06
  Epoch 168/300 — ETA: 00:07:02
  Epoch 169/300 — ETA: 00:06:58
  Epoch 170/300 — ETA: 00:06:54
  Epoch 171/300 — ETA: 00:06:51
  Epoch 172/300 — ETA: 00:06:47
  Epoch 173/300 — ETA: 00:06:43
  Epoch 174/300 — ETA: 00:06:40
  Epoch 175/300 — ETA: 00:06:36
  Epoch 176/300 — ETA: 00:06:32
  Epoch 177/300 — ETA: 00:06:28
  Epoch 178/300 — ETA: 00:06:25
  Epoch 179/300 — ETA: 00:06:21
  Epoch 180/300 — ETA: 00:06:17
  Epoch 181/300 — ETA: 00:06:13
  Epoch 182/300 — ETA: 00:06:09
  Epoch 183/300 — ETA: 00:06:06
  Epoch 184/300 — ETA: 00:06:02
  Epoch 185/300 — ETA: 00:05:59
  Epoch 186/300 — ETA: 00:05:55
  Epoch 187/300 — ETA: 00:05:51
  Epoch 188/300 — ETA: 00:05:48
  Epoch 189/300 — ETA: 00:05:44
  Epoch 190/300 — ETA: 00:05:41
  Epoch 191/300 — ETA: 00:05:37
  Epoch 192/300 — ETA: 00:05:34
  Epoch 193/300 — ETA: 00:05:30
  Epoch 194/300 — ETA: 00:05:26
  Epoch 195/300 — ETA: 00:05:23
  Epoch 196/300 — ETA: 00:05:20
  Epoch 197/300 — ETA: 00:05:16
  Epoch 198/300 — ETA: 00:05:13
  Epoch 199/300 — ETA: 00:05:10
  Epoch 200/300 — ETA: 00:05:06
  Epoch 201/300 — ETA: 00:05:03
  Epoch 202/300 — ETA: 00:04:59
  Epoch 203/300 — ETA: 00:04:56
  Epoch 204/300 — ETA: 00:04:53
  Epoch 205/300 — ETA: 00:04:49
  Epoch 206/300 — ETA: 00:04:46
  Epoch 207/300 — ETA: 00:04:42
  Epoch 208/300 — ETA: 00:04:39
  Epoch 209/300 — ETA: 00:04:36
  Epoch 210/300 — ETA: 00:04:32
  Epoch 211/300 — ETA: 00:04:29
  Epoch 212/300 — ETA: 00:04:26
  Epoch 213/300 — ETA: 00:04:22
  Epoch 214/300 — ETA: 00:04:19
  Epoch 215/300 — ETA: 00:04:16
  Epoch 216/300 — ETA: 00:04:12
  Epoch 217/300 — ETA: 00:04:09
  Epoch 218/300 — ETA: 00:04:06
  Epoch 219/300 — ETA: 00:04:02
  Epoch 220/300 — ETA: 00:03:59
  Epoch 221/300 — ETA: 00:03:56
  Epoch 222/300 — ETA: 00:03:52
  Epoch 223/300 — ETA: 00:03:49
  Epoch 224/300 — ETA: 00:03:46
  Epoch 225/300 — ETA: 00:03:43
  Epoch 226/300 — ETA: 00:03:39
  Epoch 227/300 — ETA: 00:03:36
  Epoch 228/300 — ETA: 00:03:33
  Epoch 229/300 — ETA: 00:03:30
  Epoch 230/300 — ETA: 00:03:27
  Epoch 231/300 — ETA: 00:03:24
  Epoch 232/300 — ETA: 00:03:21
  Epoch 233/300 — ETA: 00:03:17
  Epoch 234/300 — ETA: 00:03:14
  Epoch 235/300 — ETA: 00:03:11
  Epoch 236/300 — ETA: 00:03:08
  Epoch 237/300 — ETA: 00:03:05
  Epoch 238/300 — ETA: 00:03:02
  Epoch 239/300 — ETA: 00:02:58
  Epoch 240/300 — ETA: 00:02:55
  Epoch 241/300 — ETA: 00:02:52
  Epoch 242/300 — ETA: 00:02:49
  Epoch 243/300 — ETA: 00:02:46
  Epoch 244/300 — ETA: 00:02:43
  Epoch 245/300 — ETA: 00:02:40
  Epoch 246/300 — ETA: 00:02:37
  Epoch 247/300 — ETA: 00:02:34
  Epoch 248/300 — ETA: 00:02:31
  Epoch 249/300 — ETA: 00:02:28
  Epoch 250/300 — ETA: 00:02:25
  Epoch 251/300 — ETA: 00:02:22
  Epoch 252/300 — ETA: 00:02:19
  Epoch 253/300 — ETA: 00:02:16
  Epoch 254/300 — ETA: 00:02:13
  Epoch 255/300 — ETA: 00:02:10
  Epoch 256/300 — ETA: 00:02:07
  Epoch 257/300 — ETA: 00:02:04
  Epoch 258/300 — ETA: 00:02:01
  Epoch 259/300 — ETA: 00:01:58
  Epoch 260/300 — ETA: 00:01:55
  Epoch 261/300 — ETA: 00:01:52
  Epoch 262/300 — ETA: 00:01:49
  Epoch 263/300 — ETA: 00:01:46
  Epoch 264/300 — ETA: 00:01:43
  Epoch 265/300 — ETA: 00:01:40
  Epoch 266/300 — ETA: 00:01:37
  Epoch 267/300 — ETA: 00:01:34
  Epoch 268/300 — ETA: 00:01:31
  Epoch 269/300 — ETA: 00:01:28
  Epoch 270/300 — ETA: 00:01:25
  Epoch 271/300 — ETA: 00:01:22
  Epoch 272/300 — ETA: 00:01:20
  Epoch 273/300 — ETA: 00:01:17
  Epoch 274/300 — ETA: 00:01:14
  Epoch 275/300 — ETA: 00:01:11
  Epoch 276/300 — ETA: 00:01:08
  Epoch 277/300 — ETA: 00:01:05
  Epoch 278/300 — ETA: 00:01:02
  Epoch 279/300 — ETA: 00:00:59
  Epoch 280/300 — ETA: 00:00:56
  Epoch 281/300 — ETA: 00:00:53
  Epoch 282/300 — ETA: 00:00:51
  Epoch 283/300 — ETA: 00:00:48
  Epoch 284/300 — ETA: 00:00:45
  Epoch 285/300 — ETA: 00:00:42
  Epoch 286/300 — ETA: 00:00:39
  Epoch 287/300 — ETA: 00:00:36
  Epoch 288/300 — ETA: 00:00:33
  Epoch 289/300 — ETA: 00:00:31
  Epoch 290/300 — ETA: 00:00:28
  Epoch 291/300 — ETA: 00:00:25
  Epoch 292/300 — ETA: 00:00:22
  Epoch 293/300 — ETA: 00:00:19
  Epoch 294/300 — ETA: 00:00:16
  Epoch 295/300 — ETA: 00:00:14
  Epoch 296/300 — ETA: 00:00:11
  Epoch 297/300 — ETA: 00:00:08
  Epoch 298/300 — ETA: 00:00:05
  Epoch 299/300 — ETA: 00:00:02
  Epoch 300/300 — ETA: 00:00:00
Epoch 299/299 ━━━━━━━━━━━━━━━━ 79/79 0:00:01 •       58.51it/s v_num: 0.000     
                                     0:00:00                   val/loss: 2.038  
                                                               val/acc: 0.691   
                                                               train/loss: 0.016
                                                               train/acc: 0.996 

########################################
   Comptabilité du calcul 1922827 
########################################
$ sacct --format='JobID,Partition,JobName,MaxRSS,MaxVMSize,NTasks,AllocCPUS,Start,End,Elapsed,AveCPU,MinCPU,NNodes,ExitCode,State' -j 1922827
JobID              Partition  JobName      MaxRSS   MaxVMSize  NTasks  AllocCPUS  Start                End                  Elapsed   AveCPU  MinCPU  NNodes  ExitCode  State      
-----              ---------  -------      -------  ---------  ------  ---------  -----                ---                  -------   ------  ------  ------  --------  -----      
1921196_22         ar_a100    cifar_scale                              8          2026-04-13T15:21:47  2026-04-13T15:36:31  00:14:44                  1       0:0       COMPLETED  
1921196_22.batch              batch                            1       8          2026-04-13T15:21:47  2026-04-13T15:36:31  00:14:44                  1       0:0       COMPLETED  
1921196_22.extern             extern                           1       8          2026-04-13T15:21:47  2026-04-13T15:36:31  00:14:44                  1       0:0       COMPLETED  

$ sacct --format='JobID,JobName,AllocCPUS,ReqTRES,AllocTRES,NNodes,NodeList,Elapsed,CPUTime' -j 1922827
JobID              JobName      AllocCPUS  ReqTRES                                                    AllocTRES                                                  NNodes  NodeList  Elapsed   CPUTime   
-----              -------      ---------  -------                                                    ---------                                                  ------  --------  -------   -------   
1921196_22         cifar_scale  8          billing=8,cpu=8,gres/gpu:a100=1,gres/gpu=1,mem=32G,node=1  billing=8,cpu=8,gres/gpu:a100=1,gres/gpu=1,mem=32G,node=1  1       c23gpu4   00:14:44  01:57:52  
1921196_22.batch   batch        8                                                                     cpu=8,gres/gpu:a100=1,gres/gpu=1,mem=32G,node=1            1       c23gpu4   00:14:44  01:57:52  
1921196_22.extern  extern       8                                                                     billing=8,cpu=8,gres/gpu:a100=1,gres/gpu=1,mem=32G,node=1  1       c23gpu4   00:14:44  01:57:52  

Pour plus d'informations sur la comptabilité du calcul, merci de consulter la documentation http://www-tech.criann.fr ou le manuel 'man sacct'
