Requirement already satisfied: pytorch-lightning in /home/2500001/ftari001/.python3-3.13-torch260/site-packages/lib/python3.13/site-packages (2.6.1)
Requirement already satisfied: torchmetrics in /home/2500001/ftari001/.python3-3.13-torch260/site-packages/lib/python3.13/site-packages (1.9.0)
Requirement already satisfied: fvcore in /home/2500001/ftari001/.python3-3.13-torch260/site-packages/lib/python3.13/site-packages (0.1.5.post20221221)
Requirement already satisfied: rich in /home/2500001/ftari001/.python3-3.13-torch260/site-packages/lib/python3.13/site-packages (15.0.0)
Requirement already satisfied: torch>=2.1.0 in /soft/AIDL/conda_envs/pytorch260/lib/python3.13/site-packages (from pytorch-lightning) (2.6.0+cu126)
Requirement already satisfied: tqdm>=4.57.0 in /soft/AIDL/conda_envs/pytorch260/lib/python3.13/site-packages (from pytorch-lightning) (4.67.1)
Requirement already satisfied: PyYAML>5.4 in /soft/AIDL/conda_envs/pytorch260/lib/python3.13/site-packages (from pytorch-lightning) (6.0.2)
Requirement already satisfied: fsspec>=2022.5.0 in /soft/AIDL/conda_envs/pytorch260/lib/python3.13/site-packages (from fsspec[http]>=2022.5.0->pytorch-lightning) (2024.12.0)
Requirement already satisfied: packaging>=23.0 in /soft/AIDL/conda_envs/pytorch260/lib/python3.13/site-packages (from pytorch-lightning) (24.2)
Requirement already satisfied: typing-extensions>4.5.0 in /home/2500001/ftari001/.python3-3.13-torch260/site-packages/lib/python3.13/site-packages (from pytorch-lightning) (4.15.0)
Requirement already satisfied: lightning-utilities>=0.10.0 in /home/2500001/ftari001/.python3-3.13-torch260/site-packages/lib/python3.13/site-packages (from pytorch-lightning) (0.15.3)
Requirement already satisfied: numpy>1.20.0 in /soft/AIDL/conda_envs/pytorch260/lib/python3.13/site-packages (from torchmetrics) (2.2.3)
Requirement already satisfied: yacs>=0.1.6 in /home/2500001/ftari001/.python3-3.13-torch260/site-packages/lib/python3.13/site-packages (from fvcore) (0.1.8)
Requirement already satisfied: termcolor>=1.1 in /home/2500001/ftari001/.python3-3.13-torch260/site-packages/lib/python3.13/site-packages (from fvcore) (3.3.0)
Requirement already satisfied: Pillow in /soft/AIDL/conda_envs/pytorch260/lib/python3.13/site-packages (from fvcore) (11.1.0)
Requirement already satisfied: tabulate in /home/2500001/ftari001/.python3-3.13-torch260/site-packages/lib/python3.13/site-packages (from fvcore) (0.10.0)
Requirement already satisfied: iopath>=0.1.7 in /home/2500001/ftari001/.python3-3.13-torch260/site-packages/lib/python3.13/site-packages (from fvcore) (0.1.10)
Requirement already satisfied: markdown-it-py>=2.2.0 in /home/2500001/ftari001/.python3-3.13-torch260/site-packages/lib/python3.13/site-packages (from rich) (4.0.0)
Requirement already satisfied: pygments<3.0.0,>=2.13.0 in /soft/AIDL/conda_envs/pytorch260/lib/python3.13/site-packages (from rich) (2.19.1)
Requirement already satisfied: aiohttp!=4.0.0a0,!=4.0.0a1 in /soft/AIDL/conda_envs/pytorch260/lib/python3.13/site-packages (from fsspec[http]>=2022.5.0->pytorch-lightning) (3.11.13)
Requirement already satisfied: portalocker in /home/2500001/ftari001/.python3-3.13-torch260/site-packages/lib/python3.13/site-packages (from iopath>=0.1.7->fvcore) (3.2.0)
Requirement already satisfied: mdurl~=0.1 in /home/2500001/ftari001/.python3-3.13-torch260/site-packages/lib/python3.13/site-packages (from markdown-it-py>=2.2.0->rich) (0.1.2)
Requirement already satisfied: filelock in /soft/AIDL/conda_envs/pytorch260/lib/python3.13/site-packages (from torch>=2.1.0->pytorch-lightning) (3.17.0)
Requirement already satisfied: setuptools in /soft/AIDL/conda_envs/pytorch260/lib/python3.13/site-packages (from torch>=2.1.0->pytorch-lightning) (75.8.0)
Requirement already satisfied: sympy==1.13.1 in /soft/AIDL/conda_envs/pytorch260/lib/python3.13/site-packages (from torch>=2.1.0->pytorch-lightning) (1.13.1)
Requirement already satisfied: networkx in /soft/AIDL/conda_envs/pytorch260/lib/python3.13/site-packages (from torch>=2.1.0->pytorch-lightning) (3.4.2)
Requirement already satisfied: jinja2 in /soft/AIDL/conda_envs/pytorch260/lib/python3.13/site-packages (from torch>=2.1.0->pytorch-lightning) (3.1.5)
Requirement already satisfied: nvidia-cuda-nvrtc-cu12==12.6.77 in /soft/AIDL/conda_envs/pytorch260/lib/python3.13/site-packages (from torch>=2.1.0->pytorch-lightning) (12.6.77)
Requirement already satisfied: nvidia-cuda-runtime-cu12==12.6.77 in /soft/AIDL/conda_envs/pytorch260/lib/python3.13/site-packages (from torch>=2.1.0->pytorch-lightning) (12.6.77)
Requirement already satisfied: nvidia-cuda-cupti-cu12==12.6.80 in /soft/AIDL/conda_envs/pytorch260/lib/python3.13/site-packages (from torch>=2.1.0->pytorch-lightning) (12.6.80)
Requirement already satisfied: nvidia-cudnn-cu12==9.5.1.17 in /soft/AIDL/conda_envs/pytorch260/lib/python3.13/site-packages (from torch>=2.1.0->pytorch-lightning) (9.5.1.17)
Requirement already satisfied: nvidia-cublas-cu12==12.6.4.1 in /soft/AIDL/conda_envs/pytorch260/lib/python3.13/site-packages (from torch>=2.1.0->pytorch-lightning) (12.6.4.1)
Requirement already satisfied: nvidia-cufft-cu12==11.3.0.4 in /soft/AIDL/conda_envs/pytorch260/lib/python3.13/site-packages (from torch>=2.1.0->pytorch-lightning) (11.3.0.4)
Requirement already satisfied: nvidia-curand-cu12==10.3.7.77 in /soft/AIDL/conda_envs/pytorch260/lib/python3.13/site-packages (from torch>=2.1.0->pytorch-lightning) (10.3.7.77)
Requirement already satisfied: nvidia-cusolver-cu12==11.7.1.2 in /soft/AIDL/conda_envs/pytorch260/lib/python3.13/site-packages (from torch>=2.1.0->pytorch-lightning) (11.7.1.2)
Requirement already satisfied: nvidia-cusparse-cu12==12.5.4.2 in /soft/AIDL/conda_envs/pytorch260/lib/python3.13/site-packages (from torch>=2.1.0->pytorch-lightning) (12.5.4.2)
Requirement already satisfied: nvidia-cusparselt-cu12==0.6.3 in /soft/AIDL/conda_envs/pytorch260/lib/python3.13/site-packages (from torch>=2.1.0->pytorch-lightning) (0.6.3)
Requirement already satisfied: nvidia-nccl-cu12==2.21.5 in /soft/AIDL/conda_envs/pytorch260/lib/python3.13/site-packages (from torch>=2.1.0->pytorch-lightning) (2.21.5)
Requirement already satisfied: nvidia-nvtx-cu12==12.6.77 in /soft/AIDL/conda_envs/pytorch260/lib/python3.13/site-packages (from torch>=2.1.0->pytorch-lightning) (12.6.77)
Requirement already satisfied: nvidia-nvjitlink-cu12==12.6.85 in /soft/AIDL/conda_envs/pytorch260/lib/python3.13/site-packages (from torch>=2.1.0->pytorch-lightning) (12.6.85)
Requirement already satisfied: triton==3.2.0 in /soft/AIDL/conda_envs/pytorch260/lib/python3.13/site-packages (from torch>=2.1.0->pytorch-lightning) (3.2.0)
Requirement already satisfied: mpmath<1.4,>=1.1.0 in /soft/AIDL/conda_envs/pytorch260/lib/python3.13/site-packages (from sympy==1.13.1->torch>=2.1.0->pytorch-lightning) (1.3.0)
Requirement already satisfied: aiohappyeyeballs>=2.3.0 in /soft/AIDL/conda_envs/pytorch260/lib/python3.13/site-packages (from aiohttp!=4.0.0a0,!=4.0.0a1->fsspec[http]>=2022.5.0->pytorch-lightning) (2.4.6)
Requirement already satisfied: aiosignal>=1.1.2 in /soft/AIDL/conda_envs/pytorch260/lib/python3.13/site-packages (from aiohttp!=4.0.0a0,!=4.0.0a1->fsspec[http]>=2022.5.0->pytorch-lightning) (1.3.2)
Requirement already satisfied: attrs>=17.3.0 in /soft/AIDL/conda_envs/pytorch260/lib/python3.13/site-packages (from aiohttp!=4.0.0a0,!=4.0.0a1->fsspec[http]>=2022.5.0->pytorch-lightning) (25.1.0)
Requirement already satisfied: frozenlist>=1.1.1 in /soft/AIDL/conda_envs/pytorch260/lib/python3.13/site-packages (from aiohttp!=4.0.0a0,!=4.0.0a1->fsspec[http]>=2022.5.0->pytorch-lightning) (1.5.0)
Requirement already satisfied: multidict<7.0,>=4.5 in /soft/AIDL/conda_envs/pytorch260/lib/python3.13/site-packages (from aiohttp!=4.0.0a0,!=4.0.0a1->fsspec[http]>=2022.5.0->pytorch-lightning) (6.1.0)
Requirement already satisfied: propcache>=0.2.0 in /soft/AIDL/conda_envs/pytorch260/lib/python3.13/site-packages (from aiohttp!=4.0.0a0,!=4.0.0a1->fsspec[http]>=2022.5.0->pytorch-lightning) (0.2.1)
Requirement already satisfied: yarl<2.0,>=1.17.0 in /soft/AIDL/conda_envs/pytorch260/lib/python3.13/site-packages (from aiohttp!=4.0.0a0,!=4.0.0a1->fsspec[http]>=2022.5.0->pytorch-lightning) (1.18.3)
Requirement already satisfied: MarkupSafe>=2.0 in /soft/AIDL/conda_envs/pytorch260/lib/python3.13/site-packages (from jinja2->torch>=2.1.0->pytorch-lightning) (3.0.2)
Requirement already satisfied: idna>=2.0 in /home/2500001/ftari001/.python3-3.13-torch260/site-packages/lib/python3.13/site-packages (from yarl<2.0,>=1.17.0->aiohttp!=4.0.0a0,!=4.0.0a1->fsspec[http]>=2022.5.0->pytorch-lightning) (2.10)
=== Task 19: model=swin  N=5000  seed=1  (Mon Apr 13 02:48:14 PM CEST 2026) ===
┏━━━┳━━━━━━━━━━━┳━━━━━━━━━━━━━━━━━━━━┳━━━━━━━━┳━━━━━━━┳━━━━━━━┓
┃   ┃ Name      ┃ Type               ┃ Params ┃ Mode  ┃ FLOPs ┃
┡━━━╇━━━━━━━━━━━╇━━━━━━━━━━━━━━━━━━━━╇━━━━━━━━╇━━━━━━━╇━━━━━━━┩
│ 0 │ model     │ OptimizedModule    │  5.4 M │ train │     0 │
│ 1 │ criterion │ CrossEntropyLoss   │      0 │ train │     0 │
│ 2 │ train_acc │ MulticlassAccuracy │      0 │ train │     0 │
│ 3 │ val_acc   │ MulticlassAccuracy │      0 │ train │     0 │
└───┴───────────┴────────────────────┴────────┴───────┴───────┘
Trainable params: 5.4 M                                                         
Non-trainable params: 0                                                         
Total params: 5.4 M                                                             
Total estimated model params size (MB): 21                                      
Modules in train mode: 163                                                      
Modules in eval mode: 0                                                         
Total FLOPs: 0                                                                  
  Epoch 1/300 — ETA: 12:32:43
  Epoch 2/300 — ETA: 06:22:05
  Epoch 3/300 — ETA: 04:18:25
  Epoch 4/300 — ETA: 03:16:08
  Epoch 5/300 — ETA: 02:39:04
  Epoch 6/300 — ETA: 02:14:24
  Epoch 7/300 — ETA: 01:56:26
  Epoch 8/300 — ETA: 01:42:51
  Epoch 9/300 — ETA: 01:32:13
  Epoch 10/300 — ETA: 01:23:58
  Epoch 11/300 — ETA: 01:16:57
  Epoch 12/300 — ETA: 01:11:11
  Epoch 13/300 — ETA: 01:06:15
  Epoch 14/300 — ETA: 01:01:59
  Epoch 15/300 — ETA: 00:58:18
  Epoch 16/300 — ETA: 00:55:13
  Epoch 17/300 — ETA: 00:52:23
  Epoch 18/300 — ETA: 00:50:00
  Epoch 19/300 — ETA: 00:47:44
  Epoch 20/300 — ETA: 00:45:42
  Epoch 21/300 — ETA: 00:43:52
  Epoch 22/300 — ETA: 00:42:16
  Epoch 23/300 — ETA: 00:40:42
  Epoch 24/300 — ETA: 00:39:16
  Epoch 25/300 — ETA: 00:38:04
  Epoch 26/300 — ETA: 00:36:51
  Epoch 27/300 — ETA: 00:35:43
  Epoch 28/300 — ETA: 00:34:40
  Epoch 29/300 — ETA: 00:33:41
  Epoch 30/300 — ETA: 00:32:44
  Epoch 31/300 — ETA: 00:31:53
  Epoch 32/300 — ETA: 00:31:07
  Epoch 33/300 — ETA: 00:30:20
  Epoch 34/300 — ETA: 00:29:36
  Epoch 35/300 — ETA: 00:28:54
  Epoch 36/300 — ETA: 00:28:15
  Epoch 37/300 — ETA: 00:27:41
  Epoch 38/300 — ETA: 00:27:08
  Epoch 39/300 — ETA: 00:26:35
  Epoch 40/300 — ETA: 00:26:03
  Epoch 41/300 — ETA: 00:25:32
  Epoch 42/300 — ETA: 00:25:02
  Epoch 43/300 — ETA: 00:24:36
  Epoch 44/300 — ETA: 00:24:09
  Epoch 45/300 — ETA: 00:23:43
  Epoch 46/300 — ETA: 00:23:18
  Epoch 47/300 — ETA: 00:22:56
  Epoch 48/300 — ETA: 00:22:35
  Epoch 49/300 — ETA: 00:22:14
  Epoch 50/300 — ETA: 00:21:52
  Epoch 51/300 — ETA: 00:21:31
  Epoch 52/300 — ETA: 00:21:10
  Epoch 53/300 — ETA: 00:20:50
  Epoch 54/300 — ETA: 00:20:31
  Epoch 55/300 — ETA: 00:20:15
  Epoch 56/300 — ETA: 00:19:59
  Epoch 57/300 — ETA: 00:19:42
  Epoch 58/300 — ETA: 00:19:25
  Epoch 59/300 — ETA: 00:19:11
  Epoch 60/300 — ETA: 00:18:56
  Epoch 61/300 — ETA: 00:18:41
  Epoch 62/300 — ETA: 00:18:29
  Epoch 63/300 — ETA: 00:18:16
  Epoch 64/300 — ETA: 00:18:02
  Epoch 65/300 — ETA: 00:17:48
  Epoch 66/300 — ETA: 00:17:35
  Epoch 67/300 — ETA: 00:17:23
  Epoch 68/300 — ETA: 00:17:10
  Epoch 69/300 — ETA: 00:16:58
  Epoch 70/300 — ETA: 00:16:46
  Epoch 71/300 — ETA: 00:16:35
  Epoch 72/300 — ETA: 00:16:23
  Epoch 73/300 — ETA: 00:16:12
  Epoch 74/300 — ETA: 00:16:02
  Epoch 75/300 — ETA: 00:15:52
  Epoch 76/300 — ETA: 00:15:42
  Epoch 77/300 — ETA: 00:15:33
  Epoch 78/300 — ETA: 00:15:24
  Epoch 79/300 — ETA: 00:15:14
  Epoch 80/300 — ETA: 00:15:04
  Epoch 81/300 — ETA: 00:14:55
  Epoch 82/300 — ETA: 00:14:47
  Epoch 83/300 — ETA: 00:14:39
  Epoch 84/300 — ETA: 00:14:30
  Epoch 85/300 — ETA: 00:14:22
  Epoch 86/300 — ETA: 00:14:13
  Epoch 87/300 — ETA: 00:14:05
  Epoch 88/300 — ETA: 00:13:57
  Epoch 89/300 — ETA: 00:13:49
  Epoch 90/300 — ETA: 00:13:41
  Epoch 91/300 — ETA: 00:13:33
  Epoch 92/300 — ETA: 00:13:26
  Epoch 93/300 — ETA: 00:13:19
  Epoch 94/300 — ETA: 00:13:11
  Epoch 95/300 — ETA: 00:13:04
  Epoch 96/300 — ETA: 00:12:56
  Epoch 97/300 — ETA: 00:12:49
  Epoch 98/300 — ETA: 00:12:42
  Epoch 99/300 — ETA: 00:12:34
  Epoch 100/300 — ETA: 00:12:27
  Epoch 101/300 — ETA: 00:12:20
  Epoch 102/300 — ETA: 00:12:13
  Epoch 103/300 — ETA: 00:12:07
  Epoch 104/300 — ETA: 00:12:00
  Epoch 105/300 — ETA: 00:11:54
  Epoch 106/300 — ETA: 00:11:47
  Epoch 107/300 — ETA: 00:11:40
  Epoch 108/300 — ETA: 00:11:34
  Epoch 109/300 — ETA: 00:11:29
  Epoch 110/300 — ETA: 00:11:23
  Epoch 111/300 — ETA: 00:11:17
  Epoch 112/300 — ETA: 00:11:11
  Epoch 113/300 — ETA: 00:11:05
  Epoch 114/300 — ETA: 00:10:59
  Epoch 115/300 — ETA: 00:10:53
  Epoch 116/300 — ETA: 00:10:47
  Epoch 117/300 — ETA: 00:10:41
  Epoch 118/300 — ETA: 00:10:36
  Epoch 119/300 — ETA: 00:10:32
  Epoch 120/300 — ETA: 00:10:26
  Epoch 121/300 — ETA: 00:10:20
  Epoch 122/300 — ETA: 00:10:15
  Epoch 123/300 — ETA: 00:10:10
  Epoch 124/300 — ETA: 00:10:05
  Epoch 125/300 — ETA: 00:10:00
  Epoch 126/300 — ETA: 00:09:54
  Epoch 127/300 — ETA: 00:09:49
  Epoch 128/300 — ETA: 00:09:44
  Epoch 129/300 — ETA: 00:09:39
  Epoch 130/300 — ETA: 00:09:35
  Epoch 131/300 — ETA: 00:09:30
  Epoch 132/300 — ETA: 00:09:25
  Epoch 133/300 — ETA: 00:09:20
  Epoch 134/300 — ETA: 00:09:16
  Epoch 135/300 — ETA: 00:09:11
  Epoch 136/300 — ETA: 00:09:07
  Epoch 137/300 — ETA: 00:09:02
  Epoch 138/300 — ETA: 00:08:57
  Epoch 139/300 — ETA: 00:08:52
  Epoch 140/300 — ETA: 00:08:48
  Epoch 141/300 — ETA: 00:08:44
  Epoch 142/300 — ETA: 00:08:39
  Epoch 143/300 — ETA: 00:08:35
  Epoch 144/300 — ETA: 00:08:30
  Epoch 145/300 — ETA: 00:08:26
  Epoch 146/300 — ETA: 00:08:21
  Epoch 147/300 — ETA: 00:08:17
  Epoch 148/300 — ETA: 00:08:13
  Epoch 149/300 — ETA: 00:08:09
  Epoch 150/300 — ETA: 00:08:06
  Epoch 151/300 — ETA: 00:08:02
  Epoch 152/300 — ETA: 00:07:58
  Epoch 153/300 — ETA: 00:07:54
  Epoch 154/300 — ETA: 00:07:50
  Epoch 155/300 — ETA: 00:07:46
  Epoch 156/300 — ETA: 00:07:42
  Epoch 157/300 — ETA: 00:07:38
  Epoch 158/300 — ETA: 00:07:34
  Epoch 159/300 — ETA: 00:07:30
  Epoch 160/300 — ETA: 00:07:26
  Epoch 161/300 — ETA: 00:07:22
  Epoch 162/300 — ETA: 00:07:19
  Epoch 163/300 — ETA: 00:07:15
  Epoch 164/300 — ETA: 00:07:11
  Epoch 165/300 — ETA: 00:07:08
  Epoch 166/300 — ETA: 00:07:04
  Epoch 167/300 — ETA: 00:07:00
  Epoch 168/300 — ETA: 00:06:57
  Epoch 169/300 — ETA: 00:06:53
  Epoch 170/300 — ETA: 00:06:50
  Epoch 171/300 — ETA: 00:06:46
  Epoch 172/300 — ETA: 00:06:42
  Epoch 173/300 — ETA: 00:06:39
  Epoch 174/300 — ETA: 00:06:35
  Epoch 175/300 — ETA: 00:06:31
  Epoch 176/300 — ETA: 00:06:28
  Epoch 177/300 — ETA: 00:06:24
  Epoch 178/300 — ETA: 00:06:20
  Epoch 179/300 — ETA: 00:06:16
  Epoch 180/300 — ETA: 00:06:13
  Epoch 181/300 — ETA: 00:06:09
  Epoch 182/300 — ETA: 00:06:05
  Epoch 183/300 — ETA: 00:06:01
  Epoch 184/300 — ETA: 00:05:58
  Epoch 185/300 — ETA: 00:05:54
  Epoch 186/300 — ETA: 00:05:50
  Epoch 187/300 — ETA: 00:05:47
  Epoch 188/300 — ETA: 00:05:43
  Epoch 189/300 — ETA: 00:05:40
  Epoch 190/300 — ETA: 00:05:36
  Epoch 191/300 — ETA: 00:05:33
  Epoch 192/300 — ETA: 00:05:30
  Epoch 193/300 — ETA: 00:05:26
  Epoch 194/300 — ETA: 00:05:23
  Epoch 195/300 — ETA: 00:05:19
  Epoch 196/300 — ETA: 00:05:16
  Epoch 197/300 — ETA: 00:05:13
  Epoch 198/300 — ETA: 00:05:09
  Epoch 199/300 — ETA: 00:05:05
  Epoch 200/300 — ETA: 00:05:02
  Epoch 201/300 — ETA: 00:04:59
  Epoch 202/300 — ETA: 00:04:55
  Epoch 203/300 — ETA: 00:04:52
  Epoch 204/300 — ETA: 00:04:49
  Epoch 205/300 — ETA: 00:04:45
  Epoch 206/300 — ETA: 00:04:42
  Epoch 207/300 — ETA: 00:04:39
  Epoch 208/300 — ETA: 00:04:36
  Epoch 209/300 — ETA: 00:04:32
  Epoch 210/300 — ETA: 00:04:29
  Epoch 211/300 — ETA: 00:04:25
  Epoch 212/300 — ETA: 00:04:22
  Epoch 213/300 — ETA: 00:04:19
  Epoch 214/300 — ETA: 00:04:16
  Epoch 215/300 — ETA: 00:04:12
  Epoch 216/300 — ETA: 00:04:09
  Epoch 217/300 — ETA: 00:04:06
  Epoch 218/300 — ETA: 00:04:02
  Epoch 219/300 — ETA: 00:03:59
  Epoch 220/300 — ETA: 00:03:56
  Epoch 221/300 — ETA: 00:03:52
  Epoch 222/300 — ETA: 00:03:49
  Epoch 223/300 — ETA: 00:03:46
  Epoch 224/300 — ETA: 00:03:43
  Epoch 225/300 — ETA: 00:03:40
  Epoch 226/300 — ETA: 00:03:36
  Epoch 227/300 — ETA: 00:03:33
  Epoch 228/300 — ETA: 00:03:30
  Epoch 229/300 — ETA: 00:03:27
  Epoch 230/300 — ETA: 00:03:24
  Epoch 231/300 — ETA: 00:03:21
  Epoch 232/300 — ETA: 00:03:17
  Epoch 233/300 — ETA: 00:03:14
  Epoch 234/300 — ETA: 00:03:11
  Epoch 235/300 — ETA: 00:03:08
Epoch 234/299 ━━━━━━━━━━━━━━━━ 40/40 0:00:01 •       31.54it/s v_num: 0.000     
                                     0:00:00                   val/loss: 1.689  
                                                               val/acc: 0.581   
                                                               train/loss: 0.306
                                                               train/acc: 0.895 

########################################
   Comptabilité du calcul 1922700 
########################################
$ sacct --format='JobID,Partition,JobName,MaxRSS,MaxVMSize,NTasks,AllocCPUS,Start,End,Elapsed,AveCPU,MinCPU,NNodes,ExitCode,State' -j 1922700
JobID              Partition  JobName      MaxRSS   MaxVMSize  NTasks  AllocCPUS  Start                End                  Elapsed   AveCPU  MinCPU  NNodes  ExitCode  State      
-----              ---------  -------      -------  ---------  ------  ---------  -----                ---                  -------   ------  ------  ------  --------  -----      
1921196_19         ar_a100    cifar_scale                              8          2026-04-13T14:48:10  2026-04-13T15:00:36  00:12:26                  1       0:0       COMPLETED  
1921196_19.batch              batch                            1       8          2026-04-13T14:48:10  2026-04-13T15:00:36  00:12:26                  1       0:0       COMPLETED  
1921196_19.extern             extern                           1       8          2026-04-13T14:48:10  2026-04-13T15:00:36  00:12:26                  1       0:0       COMPLETED  

$ sacct --format='JobID,JobName,AllocCPUS,ReqTRES,AllocTRES,NNodes,NodeList,Elapsed,CPUTime' -j 1922700
JobID              JobName      AllocCPUS  ReqTRES                                                    AllocTRES                                                  NNodes  NodeList  Elapsed   CPUTime   
-----              -------      ---------  -------                                                    ---------                                                  ------  --------  -------   -------   
1921196_19         cifar_scale  8          billing=8,cpu=8,gres/gpu:a100=1,gres/gpu=1,mem=32G,node=1  billing=8,cpu=8,gres/gpu:a100=1,gres/gpu=1,mem=32G,node=1  1       c23gpu2   00:12:26  01:39:28  
1921196_19.batch   batch        8                                                                     cpu=8,gres/gpu:a100=1,gres/gpu=1,mem=32G,node=1            1       c23gpu2   00:12:26  01:39:28  
1921196_19.extern  extern       8                                                                     billing=8,cpu=8,gres/gpu:a100=1,gres/gpu=1,mem=32G,node=1  1       c23gpu2   00:12:26  01:39:28  

Pour plus d'informations sur la comptabilité du calcul, merci de consulter la documentation http://www-tech.criann.fr ou le manuel 'man sacct'
